{"C:\\Coding\\medcore-hms\\apps\\backend\\src\\app.controller.ts": {"path":"C:\\Coding\\medcore-hms\\apps\\backend\\src\\app.controller.ts","statementMap":{"0":{"start":{"line":1,"column":0},"end":{"line":1,"column":49}},"1":{"start":{"line":2,"column":0},"end":{"line":2,"column":43}},"2":{"start":{"line":5,"column":7},"end":{"line":12,"column":null}},"3":{"start":{"line":6,"column":31},"end":{"line":6,"column":43}},"4":{"start":{"line":10,"column":4},"end":{"line":10,"column":38}},"5":{"start":{"line":5,"column":13},"end":{"line":5,"column":26}},"6":{"start":{"line":9,"column":2},"end":{"line":11,"column":null}},"7":{"start":{"line":5,"column":13},"end":{"line":12,"column":null}}},"fnMap":{"0":{"name":"(anonymous_2)","decl":{"start":{"line":6,"column":2},"end":{"line":6,"column":31}},"loc":{"start":{"line":6,"column":53},"end":{"line":6,"column":57}}},"1":{"name":"(anonymous_3)","decl":{"start":{"line":9,"column":2},"end":{"line":9,"column":10}},"loc":{"start":{"line":9,"column":10},"end":{"line":11,"column":3}}}},"branchMap":{"0":{"loc":{"start":{"line":6,"column":43},"end":{"line":6,"column":56}},"type":"cond-expr","locations":[{"start":{"line":6,"column":53},"end":{"line":6,"column":56}},{"start":{"line":6,"column":53},"end":{"line":6,"column":56}}]},"1":{"loc":{"start":{"line":6,"column":43},"end":{"line":6,"column":53}},"type":"binary-expr","locations":[{"start":{"line":6,"column":43},"end":{"line":6,"column":56}},{"start":{"line":6,"column":43},"end":{"line":6,"column":53}}]}},"s":{"0":1,"1":1,"2":1,"3":1,"4":1,"5":1,"6":1,"7":1},"f":{"0":1,"1":1},"b":{"0":[1,0],"1":[1,1]}}
,"C:\\Coding\\medcore-hms\\apps\\backend\\src\\app.module.ts": {"path":"C:\\Coding\\medcore-hms\\apps\\backend\\src\\app.module.ts","statementMap":{"0":{"start":{"line":1,"column":0},"end":{"line":1,"column":40}},"1":{"start":{"line":2,"column":0},"end":{"line":2,"column":49}},"2":{"start":{"line":3,"column":0},"end":{"line":3,"column":43}},"3":{"start":{"line":4,"column":0},"end":{"line":4,"column":48}},"4":{"start":{"line":5,"column":0},"end":{"line":5,"column":54}},"5":{"start":{"line":6,"column":0},"end":{"line":6,"column":46}},"6":{"start":{"line":7,"column":0},"end":{"line":7,"column":63}},"7":{"start":{"line":8,"column":0},"end":{"line":8,"column":69}},"8":{"start":{"line":9,"column":0},"end":{"line":9,"column":57}},"9":{"start":{"line":10,"column":0},"end":{"line":10,"column":72}},"10":{"start":{"line":11,"column":0},"end":{"line":11,"column":80}},"11":{"start":{"line":12,"column":0},"end":{"line":12,"column":75}},"12":{"start":{"line":13,"column":0},"end":{"line":13,"column":65}},"13":{"start":{"line":14,"column":0},"end":{"line":14,"column":60}},"14":{"start":{"line":15,"column":0},"end":{"line":15,"column":60}},"15":{"start":{"line":16,"column":0},"end":{"line":16,"column":51}},"16":{"start":{"line":17,"column":0},"end":{"line":17,"column":46}},"17":{"start":{"line":18,"column":0},"end":{"line":18,"column":61}},"18":{"start":{"line":19,"column":0},"end":{"line":19,"column":75}},"19":{"start":{"line":20,"column":0},"end":{"line":20,"column":60}},"20":{"start":{"line":21,"column":0},"end":{"line":21,"column":60}},"21":{"start":{"line":22,"column":0},"end":{"line":22,"column":51}},"22":{"start":{"line":23,"column":0},"end":{"line":23,"column":68}},"23":{"start":{"line":24,"column":0},"end":{"line":24,"column":58}},"24":{"start":{"line":25,"column":0},"end":{"line":25,"column":82}},"25":{"start":{"line":70,"column":7},"end":{"line":70,"column":null}},"26":{"start":{"line":70,"column":13},"end":{"line":70,"column":22}},"27":{"start":{"line":70,"column":13},"end":{"line":70,"column":null}}},"fnMap":{},"branchMap":{},"s":{"0":0,"1":0,"2":0,"3":0,"4":0,"5":0,"6":0,"7":0,"8":0,"9":0,"10":0,"11":0,"12":0,"13":0,"14":0,"15":0,"16":0,"17":0,"18":0,"19":0,"20":0,"21":0,"22":0,"23":0,"24":0,"25":0,"26":0,"27":0},"f":{},"b":{}}
,"C:\\Coding\\medcore-hms\\apps\\backend\\src\\app.service.ts": {"path":"C:\\Coding\\medcore-hms\\apps\\backend\\src\\app.service.ts","statementMap":{"0":{"start":{"line":1,"column":0},"end":{"line":1,"column":44}},"1":{"start":{"line":4,"column":7},"end":{"line":8,"column":null}},"2":{"start":{"line":6,"column":4},"end":{"line":6,"column":26}},"3":{"start":{"line":4,"column":13},"end":{"line":4,"column":23}},"4":{"start":{"line":4,"column":13},"end":{"line":8,"column":null}}},"fnMap":{"0":{"name":"(anonymous_1)","decl":{"start":{"line":5,"column":2},"end":{"line":5,"column":10}},"loc":{"start":{"line":5,"column":10},"end":{"line":7,"column":3}}}},"branchMap":{},"s":{"0":1,"1":1,"2":1,"3":1,"4":1},"f":{"0":1},"b":{}}
,"C:\\Coding\\medcore-hms\\apps\\backend\\src\\main.ts": {"path":"C:\\Coding\\medcore-hms\\apps\\backend\\src\\main.ts","statementMap":{"0":{"start":{"line":1,"column":0},"end":{"line":1,"column":43}},"1":{"start":{"line":2,"column":0},"end":{"line":2,"column":41}},"2":{"start":{"line":5,"column":0},"end":{"line":5,"column":65}},"3":{"start":{"line":7,"column":0},"end":{"line":7,"column":77}},"4":{"start":{"line":9,"column":0},"end":{"line":9,"column":28}},"5":{"start":{"line":10,"column":0},"end":{"line":10,"column":43}},"6":{"start":{"line":13,"column":0},"end":{"line":13,"column":31}},"7":{"start":{"line":15,"column":14},"end":{"line":15,"column":68}},"8":{"start":{"line":17,"column":2},"end":{"line":17,"column":20}},"9":{"start":{"line":18,"column":2},"end":{"line":18,"column":20}},"10":{"start":{"line":19,"column":2},"end":{"line":22,"column":5}},"11":{"start":{"line":25,"column":17},"end":{"line":30,"column":12}},"12":{"start":{"line":31,"column":19},"end":{"line":31,"column":60}},"13":{"start":{"line":32,"column":2},"end":{"line":32,"column":49}},"14":{"start":{"line":34,"column":2},"end":{"line":34,"column":45}},"15":{"start":{"line":36,"column":0},"end":{"line":36,"column":12}}},"fnMap":{"0":{"name":"bootstrap","decl":{"start":{"line":14,"column":15},"end":{"line":14,"column":24}},"loc":{"start":{"line":14,"column":24},"end":{"line":35,"column":1}}}},"branchMap":{"0":{"loc":{"start":{"line":20,"column":12},"end":{"line":20,"column":63}},"type":"binary-expr","locations":[{"start":{"line":20,"column":12},"end":{"line":20,"column":36}},{"start":{"line":20,"column":40},"end":{"line":20,"column":63}}]},"1":{"loc":{"start":{"line":34,"column":19},"end":{"line":34,"column":43}},"type":"binary-expr","locations":[{"start":{"line":34,"column":19},"end":{"line":34,"column":35}},{"start":{"line":34,"column":39},"end":{"line":34,"column":43}}]}},"s":{"0":0,"1":0,"2":0,"3":0,"4":0,"5":0,"6":0,"7":0,"8":0,"9":0,"10":0,"11":0,"12":0,"13":0,"14":0,"15":0},"f":{"0":0},"b":{"0":[0,0],"1":[0,0]}}
,"C:\\Coding\\medcore-hms\\apps\\backend\\src\\setup-app.ts": {"path":"C:\\Coding\\medcore-hms\\apps\\backend\\src\\setup-app.ts","statementMap":{"0":{"start":{"line":11,"column":0},"end":{"line":11,"column":16}},"1":{"start":{"line":1,"column":0},"end":{"line":1,"column":66}},"2":{"start":{"line":2,"column":0},"end":{"line":2,"column":77}},"3":{"start":{"line":3,"column":0},"end":{"line":3,"column":81}},"4":{"start":{"line":4,"column":0},"end":{"line":4,"column":41}},"5":{"start":{"line":12,"column":2},"end":{"line":12,"column":26}},"6":{"start":{"line":13,"column":2},"end":{"line":13,"column":43}},"7":{"start":{"line":14,"column":2},"end":{"line":14,"column":55}},"8":{"start":{"line":15,"column":2},"end":{"line":15,"column":50}},"9":{"start":{"line":16,"column":2},"end":{"line":16,"column":13}}},"fnMap":{"0":{"name":"configureApp","decl":{"start":{"line":11,"column":16},"end":{"line":11,"column":28}},"loc":{"start":{"line":11,"column":50},"end":{"line":17,"column":1}}}},"branchMap":{},"s":{"0":0,"1":0,"2":0,"3":0,"4":0,"5":0,"6":0,"7":0,"8":0,"9":0},"f":{"0":0},"b":{}}
,"C:\\Coding\\medcore-hms\\apps\\backend\\src\\appointments\\appointments.controller.ts": {"path":"C:\\Coding\\medcore-hms\\apps\\backend\\src\\appointments\\appointments.controller.ts","statementMap":{"0":{"start":{"line":1,"column":0},"end":{"line":1,"column":null}},"1":{"start":{"line":12,"column":0},"end":{"line":12,"column":81}},"2":{"start":{"line":13,"column":0},"end":{"line":13,"column":61}},"3":{"start":{"line":14,"column":0},"end":{"line":14,"column":68}},"4":{"start":{"line":15,"column":0},"end":{"line":15,"column":81}},"5":{"start":{"line":16,"column":0},"end":{"line":16,"column":61}},"6":{"start":{"line":17,"column":0},"end":{"line":17,"column":56}},"7":{"start":{"line":18,"column":0},"end":{"line":18,"column":59}},"8":{"start":{"line":23,"column":7},"end":{"line":84,"column":null}},"9":{"start":{"line":24,"column":22},"end":{"line":24,"column":43}},"10":{"start":{"line":32,"column":4},"end":{"line":32,"column":68}},"11":{"start":{"line":40,"column":4},"end":{"line":40,"column":55}},"12":{"start":{"line":48,"column":4},"end":{"line":48,"column":71}},"13":{"start":{"line":56,"column":4},"end":{"line":56,"column":58}},"14":{"start":{"line":64,"column":4},"end":{"line":64,"column":68}},"15":{"start":{"line":72,"column":4},"end":{"line":72,"column":67}},"16":{"start":{"line":82,"column":4},"end":{"line":82,"column":58}},"17":{"start":{"line":23,"column":13},"end":{"line":23,"column":35}},"18":{"start":{"line":31,"column":2},"end":{"line":33,"column":null}},"19":{"start":{"line":39,"column":2},"end":{"line":41,"column":null}},"20":{"start":{"line":47,"column":2},"end":{"line":49,"column":null}},"21":{"start":{"line":55,"column":2},"end":{"line":57,"column":null}},"22":{"start":{"line":63,"column":2},"end":{"line":65,"column":null}},"23":{"start":{"line":71,"column":2},"end":{"line":73,"column":null}},"24":{"start":{"line":81,"column":2},"end":{"line":83,"column":null}},"25":{"start":{"line":23,"column":13},"end":{"line":84,"column":null}}},"fnMap":{"0":{"name":"(anonymous_4)","decl":{"start":{"line":24,"column":2},"end":{"line":24,"column":22}},"loc":{"start":{"line":24,"column":62},"end":{"line":24,"column":66}}},"1":{"name":"(anonymous_5)","decl":{"start":{"line":31,"column":2},"end":{"line":31,"column":17}},"loc":{"start":{"line":31,"column":82},"end":{"line":33,"column":3}}},"2":{"name":"(anonymous_6)","decl":{"start":{"line":39,"column":2},"end":{"line":39,"column":10}},"loc":{"start":{"line":39,"column":26},"end":{"line":41,"column":3}}},"3":{"name":"(anonymous_7)","decl":{"start":{"line":47,"column":2},"end":{"line":47,"column":15}},"loc":{"start":{"line":47,"column":70},"end":{"line":49,"column":3}}},"4":{"name":"(anonymous_8)","decl":{"start":{"line":55,"column":2},"end":{"line":55,"column":8}},"loc":{"start":{"line":55,"column":59},"end":{"line":57,"column":3}}},"5":{"name":"(anonymous_9)","decl":{"start":{"line":63,"column":2},"end":{"line":63,"column":14}},"loc":{"start":{"line":63,"column":96},"end":{"line":65,"column":3}}},"6":{"name":"(anonymous_10)","decl":{"start":{"line":71,"column":2},"end":{"line":71,"column":11}},"loc":{"start":{"line":71,"column":27},"end":{"line":73,"column":3}}},"7":{"name":"(anonymous_11)","decl":{"start":{"line":81,"column":2},"end":{"line":81,"column":9}},"loc":{"start":{"line":81,"column":50},"end":{"line":83,"column":3}}}},"branchMap":{"0":{"loc":{"start":{"line":55,"column":22},"end":{"line":55,"column":45}},"type":"cond-expr","locations":[{"start":{"line":55,"column":42},"end":{"line":55,"column":45}},{"start":{"line":55,"column":42},"end":{"line":55,"column":45}}]},"1":{"loc":{"start":{"line":55,"column":22},"end":{"line":55,"column":42}},"type":"binary-expr","locations":[{"start":{"line":55,"column":22},"end":{"line":55,"column":45}},{"start":{"line":55,"column":22},"end":{"line":55,"column":42}}]},"2":{"loc":{"start":{"line":63,"column":53},"end":{"line":63,"column":82}},"type":"cond-expr","locations":[{"start":{"line":63,"column":79},"end":{"line":63,"column":82}},{"start":{"line":63,"column":79},"end":{"line":63,"column":82}}]},"3":{"loc":{"start":{"line":63,"column":53},"end":{"line":63,"column":79}},"type":"binary-expr","locations":[{"start":{"line":63,"column":53},"end":{"line":63,"column":82}},{"start":{"line":63,"column":53},"end":{"line":63,"column":79}}]},"4":{"loc":{"start":{"line":24,"column":43},"end":{"line":24,"column":65}},"type":"cond-expr","locations":[{"start":{"line":24,"column":62},"end":{"line":24,"column":65}},{"start":{"line":24,"column":62},"end":{"line":24,"column":65}}]},"5":{"loc":{"start":{"line":24,"column":43},"end":{"line":24,"column":62}},"type":"binary-expr","locations":[{"start":{"line":24,"column":43},"end":{"line":24,"column":65}},{"start":{"line":24,"column":43},"end":{"line":24,"column":62}}]}},"s":{"0":0,"1":0,"2":0,"3":0,"4":0,"5":0,"6":0,"7":0,"8":0,"9":0,"10":0,"11":0,"12":0,"13":0,"14":0,"15":0,"16":0,"17":0,"18":0,"19":0,"20":0,"21":0,"22":0,"23":0,"24":0,"25":0},"f":{"0":0,"1":0,"2":0,"3":0,"4":0,"5":0,"6":0,"7":0},"b":{"0":[0,0],"1":[0,0],"2":[0,0],"3":[0,0],"4":[0,0],"5":[0,0]}}
,"C:\\Coding\\medcore-hms\\apps\\backend\\src\\appointments\\appointments.module.ts": {"path":"C:\\Coding\\medcore-hms\\apps\\backend\\src\\appointments\\appointments.module.ts","statementMap":{"0":{"start":{"line":1,"column":0},"end":{"line":1,"column":40}},"1":{"start":{"line":2,"column":0},"end":{"line":2,"column":67}},"2":{"start":{"line":3,"column":0},"end":{"line":3,"column":61}},"3":{"start":{"line":4,"column":0},"end":{"line":4,"column":55}},"4":{"start":{"line":5,"column":0},"end":{"line":5,"column":49}},"5":{"start":{"line":6,"column":0},"end":{"line":6,"column":77}},"6":{"start":{"line":13,"column":7},"end":{"line":13,"column":null}},"7":{"start":{"line":13,"column":13},"end":{"line":13,"column":31}},"8":{"start":{"line":13,"column":13},"end":{"line":13,"column":null}}},"fnMap":{},"branchMap":{},"s":{"0":0,"1":0,"2":0,"3":0,"4":0,"5":0,"6":0,"7":0,"8":0},"f":{},"b":{}}
,"C:\\Coding\\medcore-hms\\apps\\backend\\src\\appointments\\appointments.service.ts": {"path":"C:\\Coding\\medcore-hms\\apps\\backend\\src\\appointments\\appointments.service.ts","statementMap":{"0":{"start":{"line":1,"column":0},"end":{"line":1,"column":null}},"1":{"start":{"line":8,"column":0},"end":{"line":8,"column":57}},"2":{"start":{"line":11,"column":0},"end":{"line":11,"column":67}},"3":{"start":{"line":13,"column":0},"end":{"line":13,"column":79}},"4":{"start":{"line":14,"column":0},"end":{"line":14,"column":79}},"5":{"start":{"line":21,"column":44},"end":{"line":21,"column":45}},"6":{"start":{"line":22,"column":42},"end":{"line":22,"column":44}},"7":{"start":{"line":23,"column":41},"end":{"line":23,"column":43}},"8":{"start":{"line":26,"column":12},"end":{"line":26,"column":20}},"9":{"start":{"line":27,"column":12},"end":{"line":27,"column":34}},"10":{"start":{"line":28,"column":12},"end":{"line":28,"column":34}},"11":{"start":{"line":33,"column":47},"end":{"line":33,"column":50}},"12":{"start":{"line":36,"column":31},"end":{"line":36,"column":61}},"13":{"start":{"line":38,"column":6},"end":{"line":38,"column":65}},"14":{"start":{"line":41,"column":4},"end":{"line":41,"column":69}},"15":{"start":{"line":45,"column":4},"end":{"line":47,"column":5}},"16":{"start":{"line":46,"column":6},"end":{"line":46,"column":73}},"17":{"start":{"line":49,"column":19},"end":{"line":51,"column":6}},"18":{"start":{"line":52,"column":4},"end":{"line":54,"column":5}},"19":{"start":{"line":53,"column":6},"end":{"line":53,"column":54}},"20":{"start":{"line":56,"column":21},"end":{"line":56,"column":57}},"21":{"start":{"line":57,"column":19},"end":{"line":57,"column":55}},"22":{"start":{"line":59,"column":31},"end":{"line":66,"column":6}},"23":{"start":{"line":68,"column":24},"end":{"line":69,"column":null}},"24":{"start":{"line":69,"column":39},"end":{"line":69,"column":69}},"25":{"start":{"line":73,"column":6},"end":{"line":73,"column":8}},"26":{"start":{"line":75,"column":4},"end":{"line":94,"column":5}},"27":{"start":{"line":76,"column":17},"end":{"line":76,"column":52}},"28":{"start":{"line":80,"column":6},"end":{"line":93,"column":7}},"29":{"start":{"line":81,"column":21},"end":{"line":81,"column":22}},"30":{"start":{"line":85,"column":25},"end":{"line":85,"column":65}},"31":{"start":{"line":86,"column":20},"end":{"line":86,"column":42}},"32":{"start":{"line":88,"column":8},"end":{"line":92,"column":11}},"33":{"start":{"line":96,"column":4},"end":{"line":96,"column":46}},"34":{"start":{"line":105,"column":4},"end":{"line":122,"column":5}},"35":{"start":{"line":106,"column":22},"end":{"line":108,"column":8}},"36":{"start":{"line":109,"column":6},"end":{"line":113,"column":7}},"37":{"start":{"line":110,"column":8},"end":{"line":112,"column":10}},"38":{"start":{"line":114,"column":6},"end":{"line":114,"column":29}},"39":{"start":{"line":116,"column":6},"end":{"line":120,"column":7}},"40":{"start":{"line":117,"column":8},"end":{"line":119,"column":10}},"41":{"start":{"line":121,"column":6},"end":{"line":121,"column":32}},"42":{"start":{"line":124,"column":52},"end":{"line":129,"column":6}},"43":{"start":{"line":130,"column":4},"end":{"line":130,"column":67}},"44":{"start":{"line":130,"column":18},"end":{"line":130,"column":67}},"45":{"start":{"line":131,"column":4},"end":{"line":131,"column":65}},"46":{"start":{"line":131,"column":17},"end":{"line":131,"column":65}},"47":{"start":{"line":132,"column":4},"end":{"line":132,"column":73}},"48":{"start":{"line":132,"column":21},"end":{"line":132,"column":73}},"49":{"start":{"line":133,"column":4},"end":{"line":133,"column":69}},"50":{"start":{"line":133,"column":19},"end":{"line":133,"column":69}},"51":{"start":{"line":135,"column":4},"end":{"line":141,"column":5}},"52":{"start":{"line":136,"column":6},"end":{"line":140,"column":8}},"53":{"start":{"line":143,"column":24},"end":{"line":143,"column":49}},"54":{"start":{"line":145,"column":4},"end":{"line":149,"column":5}},"55":{"start":{"line":146,"column":6},"end":{"line":148,"column":8}},"56":{"start":{"line":151,"column":4},"end":{"line":183,"column":6}},"57":{"start":{"line":153,"column":8},"end":{"line":153,"column":90}},"58":{"start":{"line":155,"column":25},"end":{"line":163,"column":10}},"59":{"start":{"line":165,"column":8},"end":{"line":169,"column":9}},"60":{"start":{"line":166,"column":10},"end":{"line":168,"column":12}},"61":{"start":{"line":171,"column":8},"end":{"line":180,"column":11}},"62":{"start":{"line":186,"column":4},"end":{"line":207,"column":5}},"63":{"start":{"line":187,"column":21},"end":{"line":189,"column":8}},"64":{"start":{"line":190,"column":6},"end":{"line":194,"column":7}},"65":{"start":{"line":191,"column":8},"end":{"line":193,"column":10}},"66":{"start":{"line":196,"column":6},"end":{"line":206,"column":9}},"67":{"start":{"line":209,"column":20},"end":{"line":211,"column":6}},"68":{"start":{"line":212,"column":4},"end":{"line":214,"column":5}},"69":{"start":{"line":213,"column":6},"end":{"line":213,"column":80}},"70":{"start":{"line":216,"column":4},"end":{"line":226,"column":7}},"71":{"start":{"line":233,"column":26},"end":{"line":233,"column":60}},"72":{"start":{"line":235,"column":4},"end":{"line":250,"column":7}},"73":{"start":{"line":252,"column":74},"end":{"line":260,"column":4}},"74":{"start":{"line":267,"column":24},"end":{"line":269,"column":6}},"75":{"start":{"line":270,"column":4},"end":{"line":272,"column":5}},"76":{"start":{"line":271,"column":6},"end":{"line":271,"column":59}},"77":{"start":{"line":274,"column":4},"end":{"line":278,"column":6}},"78":{"start":{"line":280,"column":4},"end":{"line":289,"column":5}},"79":{"start":{"line":281,"column":21},"end":{"line":283,"column":8}},"80":{"start":{"line":284,"column":6},"end":{"line":288,"column":7}},"81":{"start":{"line":285,"column":8},"end":{"line":287,"column":10}},"82":{"start":{"line":292,"column":6},"end":{"line":292,"column":71}},"83":{"start":{"line":293,"column":4},"end":{"line":297,"column":5}},"84":{"start":{"line":294,"column":6},"end":{"line":296,"column":8}},"85":{"start":{"line":299,"column":20},"end":{"line":302,"column":6}},"86":{"start":{"line":304,"column":20},"end":{"line":307,"column":6}},"87":{"start":{"line":308,"column":4},"end":{"line":317,"column":5}},"88":{"start":{"line":309,"column":6},"end":{"line":316,"column":8}},"89":{"start":{"line":318,"column":4},"end":{"line":336,"column":5}},"90":{"start":{"line":319,"column":26},"end":{"line":322,"column":8}},"91":{"start":{"line":323,"column":6},"end":{"line":335,"column":7}},"92":{"start":{"line":324,"column":8},"end":{"line":334,"column":11}},"93":{"start":{"line":337,"column":4},"end":{"line":337,"column":19}},"94":{"start":{"line":345,"column":26},"end":{"line":345,"column":60}},"95":{"start":{"line":346,"column":4},"end":{"line":350,"column":5}},"96":{"start":{"line":347,"column":6},"end":{"line":349,"column":8}},"97":{"start":{"line":352,"column":21},"end":{"line":354,"column":25}},"98":{"start":{"line":355,"column":31},"end":{"line":355,"column":62}},"99":{"start":{"line":356,"column":31},"end":{"line":356,"column":34}},"100":{"start":{"line":357,"column":18},"end":{"line":358,"column":null}},"101":{"start":{"line":360,"column":16},"end":{"line":369,"column":null}},"102":{"start":{"line":372,"column":4},"end":{"line":386,"column":7}},"103":{"start":{"line":393,"column":24},"end":{"line":405,"column":6}},"104":{"start":{"line":406,"column":4},"end":{"line":408,"column":5}},"105":{"start":{"line":407,"column":6},"end":{"line":407,"column":59}},"106":{"start":{"line":410,"column":4},"end":{"line":433,"column":5}},"107":{"start":{"line":411,"column":22},"end":{"line":413,"column":8}},"108":{"start":{"line":414,"column":6},"end":{"line":416,"column":7}},"109":{"start":{"line":415,"column":8},"end":{"line":415,"column":80}},"110":{"start":{"line":417,"column":11},"end":{"line":433,"column":5}},"111":{"start":{"line":418,"column":21},"end":{"line":420,"column":8}},"112":{"start":{"line":421,"column":6},"end":{"line":423,"column":7}},"113":{"start":{"line":422,"column":8},"end":{"line":422,"column":80}},"114":{"start":{"line":424,"column":11},"end":{"line":433,"column":5}},"115":{"start":{"line":425,"column":6},"end":{"line":432,"column":7}},"116":{"start":{"line":429,"column":8},"end":{"line":431,"column":10}},"117":{"start":{"line":435,"column":4},"end":{"line":435,"column":23}},"118":{"start":{"line":17,"column":13},"end":{"line":17,"column":32}},"119":{"start":{"line":17,"column":13},"end":{"line":437,"column":null}}},"fnMap":{"0":{"name":"(anonymous_2)","decl":{"start":{"line":25,"column":2},"end":{"line":25,"column":null}},"loc":{"start":{"line":28,"column":54},"end":{"line":29,"column":6}}},"1":{"name":"(anonymous_3)","decl":{"start":{"line":35,"column":10},"end":{"line":35,"column":22}},"loc":{"start":{"line":35,"column":68},"end":{"line":42,"column":3}}},"2":{"name":"(anonymous_4)","decl":{"start":{"line":44,"column":2},"end":{"line":44,"column":7}},"loc":{"start":{"line":44,"column":57},"end":{"line":97,"column":3}}},"3":{"name":"(anonymous_5)","decl":{"start":{"line":69,"column":29},"end":{"line":69,"column":30}},"loc":{"start":{"line":69,"column":39},"end":{"line":69,"column":69}}},"4":{"name":"(anonymous_6)","decl":{"start":{"line":99,"column":2},"end":{"line":99,"column":7}},"loc":{"start":{"line":101,"column":73},"end":{"line":184,"column":3}}},"5":{"name":"(anonymous_7)","decl":{"start":{"line":152,"column":6},"end":{"line":152,"column":11}},"loc":{"start":{"line":152,"column":19},"end":{"line":181,"column":7}}},"6":{"name":"(anonymous_8)","decl":{"start":{"line":185,"column":2},"end":{"line":185,"column":7}},"loc":{"start":{"line":185,"column":59},"end":{"line":227,"column":3}}},"7":{"name":"(anonymous_9)","decl":{"start":{"line":229,"column":2},"end":{"line":229,"column":7}},"loc":{"start":{"line":231,"column":73},"end":{"line":251,"column":3}}},"8":{"name":"(anonymous_10)","decl":{"start":{"line":262,"column":2},"end":{"line":262,"column":7}},"loc":{"start":{"line":265,"column":73},"end":{"line":338,"column":3}}},"9":{"name":"(anonymous_11)","decl":{"start":{"line":340,"column":2},"end":{"line":340,"column":7}},"loc":{"start":{"line":344,"column":3},"end":{"line":387,"column":3}}},"10":{"name":"(anonymous_12)","decl":{"start":{"line":389,"column":2},"end":{"line":389,"column":7}},"loc":{"start":{"line":391,"column":73},"end":{"line":436,"column":3}}}},"branchMap":{"0":{"loc":{"start":{"line":45,"column":4},"end":{"line":47,"column":5}},"type":"if","locations":[{"start":{"line":45,"column":4},"end":{"line":47,"column":5}},{"start":{},"end":{}}]},"1":{"loc":{"start":{"line":45,"column":8},"end":{"line":45,"column":29}},"type":"binary-expr","locations":[{"start":{"line":45,"column":8},"end":{"line":45,"column":17}},{"start":{"line":45,"column":21},"end":{"line":45,"column":29}}]},"2":{"loc":{"start":{"line":52,"column":4},"end":{"line":54,"column":5}},"type":"if","locations":[{"start":{"line":52,"column":4},"end":{"line":54,"column":5}},{"start":{},"end":{}}]},"3":{"loc":{"start":{"line":105,"column":4},"end":{"line":122,"column":5}},"type":"if","locations":[{"start":{"line":105,"column":4},"end":{"line":122,"column":5}},{"start":{"line":115,"column":11},"end":{"line":122,"column":5}}]},"4":{"loc":{"start":{"line":109,"column":6},"end":{"line":113,"column":7}},"type":"if","locations":[{"start":{"line":109,"column":6},"end":{"line":113,"column":7}},{"start":{},"end":{}}]},"5":{"loc":{"start":{"line":116,"column":6},"end":{"line":120,"column":7}},"type":"if","locations":[{"start":{"line":116,"column":6},"end":{"line":120,"column":7}},{"start":{},"end":{}}]},"6":{"loc":{"start":{"line":130,"column":4},"end":{"line":130,"column":67}},"type":"if","locations":[{"start":{"line":130,"column":4},"end":{"line":130,"column":67}},{"start":{},"end":{}}]},"7":{"loc":{"start":{"line":131,"column":4},"end":{"line":131,"column":65}},"type":"if","locations":[{"start":{"line":131,"column":4},"end":{"line":131,"column":65}},{"start":{},"end":{}}]},"8":{"loc":{"start":{"line":132,"column":4},"end":{"line":132,"column":73}},"type":"if","locations":[{"start":{"line":132,"column":4},"end":{"line":132,"column":73}},{"start":{},"end":{}}]},"9":{"loc":{"start":{"line":133,"column":4},"end":{"line":133,"column":69}},"type":"if","locations":[{"start":{"line":133,"column":4},"end":{"line":133,"column":69}},{"start":{},"end":{}}]},"10":{"loc":{"start":{"line":135,"column":4},"end":{"line":141,"column":5}},"type":"if","locations":[{"start":{"line":135,"column":4},"end":{"line":141,"column":5}},{"start":{},"end":{}}]},"11":{"loc":{"start":{"line":145,"column":4},"end":{"line":149,"column":5}},"type":"if","locations":[{"start":{"line":145,"column":4},"end":{"line":149,"column":5}},{"start":{},"end":{}}]},"12":{"loc":{"start":{"line":165,"column":8},"end":{"line":169,"column":9}},"type":"if","locations":[{"start":{"line":165,"column":8},"end":{"line":169,"column":9}},{"start":{},"end":{}}]},"13":{"loc":{"start":{"line":178,"column":25},"end":{"line":178,"column":49}},"type":"binary-expr","locations":[{"start":{"line":178,"column":25},"end":{"line":178,"column":40}},{"start":{"line":178,"column":44},"end":{"line":178,"column":49}}]},"14":{"loc":{"start":{"line":186,"column":4},"end":{"line":207,"column":5}},"type":"if","locations":[{"start":{"line":186,"column":4},"end":{"line":207,"column":5}},{"start":{},"end":{}}]},"15":{"loc":{"start":{"line":190,"column":6},"end":{"line":194,"column":7}},"type":"if","locations":[{"start":{"line":190,"column":6},"end":{"line":194,"column":7}},{"start":{},"end":{}}]},"16":{"loc":{"start":{"line":212,"column":4},"end":{"line":214,"column":5}},"type":"if","locations":[{"start":{"line":212,"column":4},"end":{"line":214,"column":5}},{"start":{},"end":{}}]},"17":{"loc":{"start":{"line":238,"column":12},"end":{"line":240,"column":14}},"type":"cond-expr","locations":[{"start":{"line":239,"column":12},"end":{"line":239,"column":63}},{"start":{"line":240,"column":12},"end":{"line":240,"column":14}}]},"18":{"loc":{"start":{"line":239,"column":26},"end":{"line":239,"column":61}},"type":"binary-expr","locations":[{"start":{"line":239,"column":26},"end":{"line":239,"column":48}},{"start":{"line":239,"column":52},"end":{"line":239,"column":61}}]},"19":{"loc":{"start":{"line":270,"column":4},"end":{"line":272,"column":5}},"type":"if","locations":[{"start":{"line":270,"column":4},"end":{"line":272,"column":5}},{"start":{},"end":{}}]},"20":{"loc":{"start":{"line":280,"column":4},"end":{"line":289,"column":5}},"type":"if","locations":[{"start":{"line":280,"column":4},"end":{"line":289,"column":5}},{"start":{},"end":{}}]},"21":{"loc":{"start":{"line":284,"column":6},"end":{"line":288,"column":7}},"type":"if","locations":[{"start":{"line":284,"column":6},"end":{"line":288,"column":7}},{"start":{},"end":{}}]},"22":{"loc":{"start":{"line":284,"column":10},"end":{"line":284,"column":55}},"type":"binary-expr","locations":[{"start":{"line":284,"column":10},"end":{"line":284,"column":17}},{"start":{"line":284,"column":21},"end":{"line":284,"column":55}}]},"23":{"loc":{"start":{"line":292,"column":6},"end":{"line":292,"column":71}},"type":"binary-expr","locations":[{"start":{"line":292,"column":6},"end":{"line":292,"column":65}},{"start":{"line":292,"column":69},"end":{"line":292,"column":71}}]},"24":{"loc":{"start":{"line":293,"column":4},"end":{"line":297,"column":5}},"type":"if","locations":[{"start":{"line":293,"column":4},"end":{"line":297,"column":5}},{"start":{},"end":{}}]},"25":{"loc":{"start":{"line":308,"column":4},"end":{"line":317,"column":5}},"type":"if","locations":[{"start":{"line":308,"column":4},"end":{"line":317,"column":5}},{"start":{},"end":{}}]},"26":{"loc":{"start":{"line":318,"column":4},"end":{"line":336,"column":5}},"type":"if","locations":[{"start":{"line":318,"column":4},"end":{"line":336,"column":5}},{"start":{},"end":{}}]},"27":{"loc":{"start":{"line":323,"column":6},"end":{"line":335,"column":7}},"type":"if","locations":[{"start":{"line":323,"column":6},"end":{"line":335,"column":7}},{"start":{},"end":{}}]},"28":{"loc":{"start":{"line":346,"column":4},"end":{"line":350,"column":5}},"type":"if","locations":[{"start":{"line":346,"column":4},"end":{"line":350,"column":5}},{"start":{},"end":{}}]},"29":{"loc":{"start":{"line":346,"column":8},"end":{"line":346,"column":48}},"type":"binary-expr","locations":[{"start":{"line":346,"column":8},"end":{"line":346,"column":21}},{"start":{"line":346,"column":25},"end":{"line":346,"column":48}}]},"30":{"loc":{"start":{"line":375,"column":12},"end":{"line":375,"column":72}},"type":"cond-expr","locations":[{"start":{"line":375,"column":28},"end":{"line":375,"column":67}},{"start":{"line":375,"column":70},"end":{"line":375,"column":72}}]},"31":{"loc":{"start":{"line":406,"column":4},"end":{"line":408,"column":5}},"type":"if","locations":[{"start":{"line":406,"column":4},"end":{"line":408,"column":5}},{"start":{},"end":{}}]},"32":{"loc":{"start":{"line":410,"column":4},"end":{"line":433,"column":5}},"type":"if","locations":[{"start":{"line":410,"column":4},"end":{"line":433,"column":5}},{"start":{"line":417,"column":11},"end":{"line":433,"column":5}}]},"33":{"loc":{"start":{"line":414,"column":6},"end":{"line":416,"column":7}},"type":"if","locations":[{"start":{"line":414,"column":6},"end":{"line":416,"column":7}},{"start":{},"end":{}}]},"34":{"loc":{"start":{"line":414,"column":10},"end":{"line":414,"column":58}},"type":"binary-expr","locations":[{"start":{"line":414,"column":10},"end":{"line":414,"column":18}},{"start":{"line":414,"column":22},"end":{"line":414,"column":58}}]},"35":{"loc":{"start":{"line":417,"column":11},"end":{"line":433,"column":5}},"type":"if","locations":[{"start":{"line":417,"column":11},"end":{"line":433,"column":5}},{"start":{"line":424,"column":11},"end":{"line":433,"column":5}}]},"36":{"loc":{"start":{"line":421,"column":6},"end":{"line":423,"column":7}},"type":"if","locations":[{"start":{"line":421,"column":6},"end":{"line":423,"column":7}},{"start":{},"end":{}}]},"37":{"loc":{"start":{"line":421,"column":10},"end":{"line":421,"column":55}},"type":"binary-expr","locations":[{"start":{"line":421,"column":10},"end":{"line":421,"column":17}},{"start":{"line":421,"column":21},"end":{"line":421,"column":55}}]},"38":{"loc":{"start":{"line":424,"column":11},"end":{"line":433,"column":5}},"type":"if","locations":[{"start":{"line":424,"column":11},"end":{"line":433,"column":5}},{"start":{},"end":{}}]},"39":{"loc":{"start":{"line":425,"column":6},"end":{"line":432,"column":7}},"type":"if","locations":[{"start":{"line":425,"column":6},"end":{"line":432,"column":7}},{"start":{},"end":{}}]},"40":{"loc":{"start":{"line":426,"column":8},"end":{"line":427,"column":57}},"type":"binary-expr","locations":[{"start":{"line":426,"column":8},"end":{"line":426,"column":31}},{"start":{"line":427,"column":8},"end":{"line":427,"column":57}}]},"41":{"loc":{"start":{"line":26,"column":20},"end":{"line":26,"column":null}},"type":"cond-expr","locations":[{"start":{"line":26,"column":33},"end":{"line":26,"column":null}},{"start":{"line":26,"column":33},"end":{"line":26,"column":null}}]},"42":{"loc":{"start":{"line":26,"column":20},"end":{"line":26,"column":33}},"type":"binary-expr","locations":[{"start":{"line":26,"column":20},"end":{"line":26,"column":null}},{"start":{"line":26,"column":20},"end":{"line":26,"column":33}}]},"43":{"loc":{"start":{"line":26,"column":33},"end":{"line":27,"column":null}},"type":"cond-expr","locations":[{"start":{"line":27,"column":54},"end":{"line":27,"column":null}},{"start":{"line":27,"column":54},"end":{"line":27,"column":null}}]},"44":{"loc":{"start":{"line":26,"column":33},"end":{"line":27,"column":54}},"type":"binary-expr","locations":[{"start":{"line":26,"column":33},"end":{"line":27,"column":null}},{"start":{"line":27,"column":34},"end":{"line":27,"column":54}}]},"45":{"loc":{"start":{"line":27,"column":54},"end":{"line":28,"column":null}},"type":"cond-expr","locations":[{"start":{"line":28,"column":54},"end":{"line":28,"column":null}},{"start":{"line":28,"column":54},"end":{"line":28,"column":null}}]},"46":{"loc":{"start":{"line":27,"column":54},"end":{"line":28,"column":54}},"type":"binary-expr","locations":[{"start":{"line":27,"column":54},"end":{"line":28,"column":null}},{"start":{"line":28,"column":34},"end":{"line":28,"column":54}}]}},"s":{"0":1,"1":1,"2":1,"3":1,"4":1,"5":1,"6":1,"7":1,"8":30,"9":30,"10":30,"11":1,"12":32,"13":32,"14":32,"15":3,"16":0,"17":3,"18":3,"19":1,"20":2,"21":2,"22":2,"23":2,"24":1,"25":2,"26":2,"27":2,"28":16,"29":16,"30":32,"31":32,"32":32,"33":2,"34":7,"35":1,"36":1,"37":1,"38":0,"39":6,"40":1,"41":5,"42":5,"43":5,"44":0,"45":5,"46":1,"47":4,"48":0,"49":4,"50":0,"51":4,"52":4,"53":3,"54":3,"55":1,"56":2,"57":2,"58":2,"59":2,"60":1,"61":1,"62":4,"63":2,"64":2,"65":1,"66":1,"67":2,"68":2,"69":1,"70":1,"71":2,"72":2,"73":1,"74":6,"75":6,"76":1,"77":5,"78":4,"79":1,"80":1,"81":1,"82":3,"83":3,"84":1,"85":2,"86":2,"87":2,"88":2,"89":2,"90":1,"91":1,"92":1,"93":2,"94":3,"95":3,"96":1,"97":2,"98":2,"99":2,"100":2,"101":2,"102":2,"103":5,"104":5,"105":1,"106":4,"107":1,"108":1,"109":1,"110":3,"111":1,"112":1,"113":1,"114":2,"115":1,"116":1,"117":1,"118":1,"119":1},"f":{"0":30,"1":32,"2":3,"3":1,"4":7,"5":2,"6":4,"7":2,"8":6,"9":3,"10":5},"b":{"0":[0,3],"1":[3,3],"2":[1,2],"3":[1,6],"4":[1,0],"5":[1,5],"6":[0,5],"7":[1,4],"8":[0,4],"9":[0,4],"10":[4,0],"11":[1,2],"12":[1,1],"13":[1,1],"14":[2,2],"15":[1,1],"16":[1,1],"17":[1,1],"18":[1,0],"19":[1,5],"20":[1,3],"21":[1,0],"22":[1,1],"23":[3,0],"24":[1,2],"25":[2,0],"26":[1,1],"27":[1,0],"28":[1,2],"29":[3,2],"30":[1,1],"31":[1,4],"32":[1,3],"33":[1,0],"34":[1,1],"35":[1,2],"36":[1,0],"37":[1,1],"38":[1,1],"39":[1,0],"40":[1,1],"41":[1,0],"42":[1,1],"43":[1,0],"44":[1,1],"45":[1,0],"46":[1,1]}}
,"C:\\Coding\\medcore-hms\\apps\\backend\\src\\appointments\\dto\\create-appointment.dto.ts": {"path":"C:\\Coding\\medcore-hms\\apps\\backend\\src\\appointments\\dto\\create-appointment.dto.ts","statementMap":{"0":{"start":{"line":1,"column":0},"end":{"line":1,"column":92}},"1":{"start":{"line":2,"column":0},"end":{"line":2,"column":67}},"2":{"start":{"line":4,"column":0},"end":{"line":4,"column":13}},"3":{"start":{"line":11,"column":2},"end":{"line":11,"column":null}},"4":{"start":{"line":19,"column":2},"end":{"line":19,"column":null}},"5":{"start":{"line":27,"column":2},"end":{"line":27,"column":null}},"6":{"start":{"line":35,"column":2},"end":{"line":35,"column":null}},"7":{"start":{"line":42,"column":2},"end":{"line":42,"column":null}},"8":{"start":{"line":50,"column":2},"end":{"line":50,"column":null}}},"fnMap":{},"branchMap":{},"s":{"0":0,"1":0,"2":0,"3":0,"4":0,"5":0,"6":0,"7":0,"8":0},"f":{},"b":{}}
,"C:\\Coding\\medcore-hms\\apps\\backend\\src\\appointments\\dto\\update-appointment-status.dto.ts": {"path":"C:\\Coding\\medcore-hms\\apps\\backend\\src\\appointments\\dto\\update-appointment-status.dto.ts","statementMap":{"0":{"start":{"line":1,"column":0},"end":{"line":1,"column":41}},"1":{"start":{"line":2,"column":0},"end":{"line":2,"column":46}},"2":{"start":{"line":3,"column":0},"end":{"line":3,"column":69}},"3":{"start":{"line":5,"column":0},"end":{"line":5,"column":13}},"4":{"start":{"line":12,"column":2},"end":{"line":12,"column":null}}},"fnMap":{},"branchMap":{"0":{"loc":{"start":{"line":12,"column":11},"end":{"line":12,"column":29}},"type":"cond-expr","locations":[{"start":{"line":12,"column":28},"end":{"line":12,"column":29}},{"start":{"line":12,"column":28},"end":{"line":12,"column":29}}]},"1":{"loc":{"start":{"line":12,"column":11},"end":{"line":12,"column":28}},"type":"binary-expr","locations":[{"start":{"line":12,"column":11},"end":{"line":12,"column":29}},{"start":{"line":12,"column":11},"end":{"line":12,"column":28}}]}},"s":{"0":0,"1":0,"2":0,"3":0,"4":0},"f":{},"b":{"0":[0,0],"1":[0,0]}}
,"C:\\Coding\\medcore-hms\\apps\\backend\\src\\auth\\auth.controller.ts": {"path":"C:\\Coding\\medcore-hms\\apps\\backend\\src\\auth\\auth.controller.ts","statementMap":{"0":{"start":{"line":1,"column":0},"end":{"line":1,"column":null}},"1":{"start":{"line":12,"column":0},"end":{"line":12,"column":71}},"2":{"start":{"line":13,"column":0},"end":{"line":13,"column":49}},"3":{"start":{"line":14,"column":0},"end":{"line":14,"column":45}},"4":{"start":{"line":15,"column":0},"end":{"line":15,"column":43}},"5":{"start":{"line":16,"column":0},"end":{"line":16,"column":55}},"6":{"start":{"line":17,"column":0},"end":{"line":17,"column":53}},"7":{"start":{"line":18,"column":0},"end":{"line":18,"column":50}},"8":{"start":{"line":19,"column":0},"end":{"line":19,"column":58}},"9":{"start":{"line":20,"column":0},"end":{"line":20,"column":56}},"10":{"start":{"line":21,"column":0},"end":{"line":21,"column":59}},"11":{"start":{"line":22,"column":0},"end":{"line":22,"column":56}},"12":{"start":{"line":23,"column":0},"end":{"line":23,"column":62}},"13":{"start":{"line":24,"column":0},"end":{"line":24,"column":60}},"14":{"start":{"line":25,"column":0},"end":{"line":25,"column":45}},"15":{"start":{"line":30,"column":7},"end":{"line":152,"column":null}},"16":{"start":{"line":31,"column":22},"end":{"line":31,"column":35}},"17":{"start":{"line":33,"column":41},"end":{"line":33,"column":56}},"18":{"start":{"line":34,"column":44},"end":{"line":34,"column":67}},"19":{"start":{"line":39,"column":4},"end":{"line":39,"column":43}},"20":{"start":{"line":48,"column":19},"end":{"line":48,"column":53}},"21":{"start":{"line":49,"column":4},"end":{"line":55,"column":7}},"22":{"start":{"line":57,"column":44},"end":{"line":57,"column":50}},"23":{"start":{"line":58,"column":4},"end":{"line":58,"column":22}},"24":{"start":{"line":66,"column":4},"end":{"line":66,"column":52}},"25":{"start":{"line":75,"column":4},"end":{"line":75,"column":61}},"26":{"start":{"line":85,"column":25},"end":{"line":85,"column":64}},"27":{"start":{"line":87,"column":4},"end":{"line":89,"column":5}},"28":{"start":{"line":88,"column":6},"end":{"line":88,"column":67}},"29":{"start":{"line":91,"column":19},"end":{"line":91,"column":78}},"30":{"start":{"line":93,"column":4},"end":{"line":99,"column":7}},"31":{"start":{"line":101,"column":47},"end":{"line":101,"column":53}},"32":{"start":{"line":102,"column":4},"end":{"line":102,"column":22}},"33":{"start":{"line":114,"column":4},"end":{"line":114,"column":62}},"34":{"start":{"line":115,"column":4},"end":{"line":115,"column":65}},"35":{"start":{"line":116,"column":4},"end":{"line":116,"column":50}},"36":{"start":{"line":122,"column":4},"end":{"line":122,"column":46}},"37":{"start":{"line":130,"column":4},"end":{"line":130,"column":65}},"38":{"start":{"line":138,"column":4},"end":{"line":138,"column":64}},"39":{"start":{"line":144,"column":4},"end":{"line":144,"column":49}},"40":{"start":{"line":150,"column":4},"end":{"line":150,"column":48}},"41":{"start":{"line":30,"column":13},"end":{"line":30,"column":27}},"42":{"start":{"line":38,"column":2},"end":{"line":40,"column":null}},"43":{"start":{"line":44,"column":8},"end":{"line":59,"column":null}},"44":{"start":{"line":65,"column":2},"end":{"line":67,"column":null}},"45":{"start":{"line":74,"column":2},"end":{"line":76,"column":null}},"46":{"start":{"line":80,"column":8},"end":{"line":103,"column":null}},"47":{"start":{"line":109,"column":8},"end":{"line":117,"column":null}},"48":{"start":{"line":121,"column":2},"end":{"line":123,"column":null}},"49":{"start":{"line":129,"column":2},"end":{"line":131,"column":null}},"50":{"start":{"line":137,"column":2},"end":{"line":139,"column":null}},"51":{"start":{"line":143,"column":2},"end":{"line":145,"column":null}},"52":{"start":{"line":149,"column":2},"end":{"line":151,"column":null}},"53":{"start":{"line":30,"column":13},"end":{"line":152,"column":null}}},"fnMap":{"0":{"name":"(anonymous_4)","decl":{"start":{"line":31,"column":2},"end":{"line":31,"column":22}},"loc":{"start":{"line":31,"column":46},"end":{"line":31,"column":50}}},"1":{"name":"(anonymous_5)","decl":{"start":{"line":38,"column":2},"end":{"line":38,"column":10}},"loc":{"start":{"line":38,"column":36},"end":{"line":40,"column":3}}},"2":{"name":"(anonymous_6)","decl":{"start":{"line":44,"column":8},"end":{"line":44,"column":13}},"loc":{"start":{"line":46,"column":45},"end":{"line":59,"column":3}}},"3":{"name":"(anonymous_7)","decl":{"start":{"line":65,"column":2},"end":{"line":65,"column":7}},"loc":{"start":{"line":65,"column":27},"end":{"line":67,"column":3}}},"4":{"name":"(anonymous_8)","decl":{"start":{"line":74,"column":2},"end":{"line":74,"column":11}},"loc":{"start":{"line":74,"column":31},"end":{"line":76,"column":3}}},"5":{"name":"(anonymous_9)","decl":{"start":{"line":80,"column":8},"end":{"line":80,"column":15}},"loc":{"start":{"line":83,"column":45},"end":{"line":103,"column":3}}},"6":{"name":"(anonymous_10)","decl":{"start":{"line":109,"column":8},"end":{"line":109,"column":14}},"loc":{"start":{"line":112,"column":45},"end":{"line":117,"column":3}}},"7":{"name":"(anonymous_11)","decl":{"start":{"line":121,"column":2},"end":{"line":121,"column":13}},"loc":{"start":{"line":121,"column":42},"end":{"line":123,"column":3}}},"8":{"name":"(anonymous_12)","decl":{"start":{"line":129,"column":2},"end":{"line":129,"column":14}},"loc":{"start":{"line":129,"column":65},"end":{"line":131,"column":3}}},"9":{"name":"(anonymous_13)","decl":{"start":{"line":137,"column":2},"end":{"line":137,"column":13}},"loc":{"start":{"line":137,"column":63},"end":{"line":139,"column":3}}},"10":{"name":"(anonymous_14)","decl":{"start":{"line":143,"column":2},"end":{"line":143,"column":16}},"loc":{"start":{"line":143,"column":48},"end":{"line":145,"column":3}}},"11":{"name":"(anonymous_15)","decl":{"start":{"line":149,"column":2},"end":{"line":149,"column":15}},"loc":{"start":{"line":149,"column":46},"end":{"line":151,"column":3}}}},"branchMap":{"0":{"loc":{"start":{"line":87,"column":4},"end":{"line":89,"column":5}},"type":"if","locations":[{"start":{"line":87,"column":4},"end":{"line":89,"column":5}},{"start":{},"end":{}}]},"1":{"loc":{"start":{"line":38,"column":25},"end":{"line":38,"column":null}},"type":"cond-expr","locations":[{"start":{"line":38,"column":36},"end":{"line":38,"column":null}},{"start":{"line":38,"column":36},"end":{"line":38,"column":null}}]},"2":{"loc":{"start":{"line":38,"column":25},"end":{"line":38,"column":36}},"type":"binary-expr","locations":[{"start":{"line":38,"column":25},"end":{"line":38,"column":null}},{"start":{"line":38,"column":25},"end":{"line":38,"column":36}}]},"3":{"loc":{"start":{"line":45,"column":18},"end":{"line":45,"column":null}},"type":"cond-expr","locations":[{"start":{"line":45,"column":26},"end":{"line":45,"column":null}},{"start":{"line":45,"column":26},"end":{"line":45,"column":null}}]},"4":{"loc":{"start":{"line":45,"column":18},"end":{"line":45,"column":26}},"type":"binary-expr","locations":[{"start":{"line":45,"column":18},"end":{"line":45,"column":null}},{"start":{"line":45,"column":18},"end":{"line":45,"column":26}}]},"5":{"loc":{"start":{"line":82,"column":18},"end":{"line":82,"column":null}},"type":"cond-expr","locations":[{"start":{"line":82,"column":33},"end":{"line":82,"column":null}},{"start":{"line":82,"column":33},"end":{"line":82,"column":null}}]},"6":{"loc":{"start":{"line":82,"column":18},"end":{"line":82,"column":33}},"type":"binary-expr","locations":[{"start":{"line":82,"column":18},"end":{"line":82,"column":null}},{"start":{"line":82,"column":18},"end":{"line":82,"column":33}}]},"7":{"loc":{"start":{"line":121,"column":28},"end":{"line":121,"column":null}},"type":"cond-expr","locations":[{"start":{"line":121,"column":42},"end":{"line":121,"column":null}},{"start":{"line":121,"column":42},"end":{"line":121,"column":null}}]},"8":{"loc":{"start":{"line":121,"column":28},"end":{"line":121,"column":42}},"type":"binary-expr","locations":[{"start":{"line":121,"column":28},"end":{"line":121,"column":null}},{"start":{"line":121,"column":28},"end":{"line":121,"column":42}}]},"9":{"loc":{"start":{"line":129,"column":50},"end":{"line":129,"column":null}},"type":"cond-expr","locations":[{"start":{"line":129,"column":65},"end":{"line":129,"column":null}},{"start":{"line":129,"column":65},"end":{"line":129,"column":null}}]},"10":{"loc":{"start":{"line":129,"column":50},"end":{"line":129,"column":65}},"type":"binary-expr","locations":[{"start":{"line":129,"column":50},"end":{"line":129,"column":null}},{"start":{"line":129,"column":50},"end":{"line":129,"column":65}}]},"11":{"loc":{"start":{"line":137,"column":49},"end":{"line":137,"column":null}},"type":"cond-expr","locations":[{"start":{"line":137,"column":63},"end":{"line":137,"column":null}},{"start":{"line":137,"column":63},"end":{"line":137,"column":null}}]},"12":{"loc":{"start":{"line":137,"column":49},"end":{"line":137,"column":63}},"type":"binary-expr","locations":[{"start":{"line":137,"column":49},"end":{"line":137,"column":null}},{"start":{"line":137,"column":49},"end":{"line":137,"column":63}}]},"13":{"loc":{"start":{"line":143,"column":31},"end":{"line":143,"column":null}},"type":"cond-expr","locations":[{"start":{"line":143,"column":48},"end":{"line":143,"column":null}},{"start":{"line":143,"column":48},"end":{"line":143,"column":null}}]},"14":{"loc":{"start":{"line":143,"column":31},"end":{"line":143,"column":48}},"type":"binary-expr","locations":[{"start":{"line":143,"column":31},"end":{"line":143,"column":null}},{"start":{"line":143,"column":31},"end":{"line":143,"column":48}}]},"15":{"loc":{"start":{"line":149,"column":30},"end":{"line":149,"column":null}},"type":"cond-expr","locations":[{"start":{"line":149,"column":46},"end":{"line":149,"column":null}},{"start":{"line":149,"column":46},"end":{"line":149,"column":null}}]},"16":{"loc":{"start":{"line":149,"column":30},"end":{"line":149,"column":46}},"type":"binary-expr","locations":[{"start":{"line":149,"column":30},"end":{"line":149,"column":null}},{"start":{"line":149,"column":30},"end":{"line":149,"column":46}}]},"17":{"loc":{"start":{"line":31,"column":35},"end":{"line":31,"column":49}},"type":"cond-expr","locations":[{"start":{"line":31,"column":46},"end":{"line":31,"column":49}},{"start":{"line":31,"column":46},"end":{"line":31,"column":49}}]},"18":{"loc":{"start":{"line":31,"column":35},"end":{"line":31,"column":46}},"type":"binary-expr","locations":[{"start":{"line":31,"column":35},"end":{"line":31,"column":49}},{"start":{"line":31,"column":35},"end":{"line":31,"column":46}}]}},"s":{"0":0,"1":0,"2":0,"3":0,"4":0,"5":0,"6":0,"7":0,"8":0,"9":0,"10":0,"11":0,"12":0,"13":0,"14":0,"15":0,"16":0,"17":0,"18":0,"19":0,"20":0,"21":0,"22":0,"23":0,"24":0,"25":0,"26":0,"27":0,"28":0,"29":0,"30":0,"31":0,"32":0,"33":0,"34":0,"35":0,"36":0,"37":0,"38":0,"39":0,"40":0,"41":0,"42":0,"43":0,"44":0,"45":0,"46":0,"47":0,"48":0,"49":0,"50":0,"51":0,"52":0,"53":0},"f":{"0":0,"1":0,"2":0,"3":0,"4":0,"5":0,"6":0,"7":0,"8":0,"9":0,"10":0,"11":0},"b":{"0":[0,0],"1":[0,0],"2":[0,0],"3":[0,0],"4":[0,0],"5":[0,0],"6":[0,0],"7":[0,0],"8":[0,0],"9":[0,0],"10":[0,0],"11":[0,0],"12":[0,0],"13":[0,0],"14":[0,0],"15":[0,0],"16":[0,0],"17":[0,0],"18":[0,0]}}
,"C:\\Coding\\medcore-hms\\apps\\backend\\src\\auth\\auth.module.ts": {"path":"C:\\Coding\\medcore-hms\\apps\\backend\\src\\auth\\auth.module.ts","statementMap":{"0":{"start":{"line":1,"column":0},"end":{"line":1,"column":52}},"1":{"start":{"line":2,"column":0},"end":{"line":2,"column":51}},"2":{"start":{"line":3,"column":0},"end":{"line":3,"column":45}},"3":{"start":{"line":4,"column":0},"end":{"line":4,"column":56}},"4":{"start":{"line":5,"column":0},"end":{"line":5,"column":40}},"5":{"start":{"line":6,"column":0},"end":{"line":6,"column":55}},"6":{"start":{"line":7,"column":0},"end":{"line":7,"column":50}},"7":{"start":{"line":8,"column":0},"end":{"line":8,"column":77}},"8":{"start":{"line":16,"column":7},"end":{"line":16,"column":null}},"9":{"start":{"line":16,"column":13},"end":{"line":16,"column":23}},"10":{"start":{"line":16,"column":13},"end":{"line":16,"column":null}},"11":{"start":{"line":11,"column":63},"end":{"line":11,"column":82}}},"fnMap":{"0":{"name":"(anonymous_1)","decl":{"start":{"line":11,"column":59},"end":{"line":11,"column":61}},"loc":{"start":{"line":11,"column":63},"end":{"line":11,"column":82}}}},"branchMap":{},"s":{"0":0,"1":0,"2":0,"3":0,"4":0,"5":0,"6":0,"7":0,"8":0,"9":0,"10":0,"11":0},"f":{"0":0},"b":{}}
,"C:\\Coding\\medcore-hms\\apps\\backend\\src\\auth\\auth.service.ts": {"path":"C:\\Coding\\medcore-hms\\apps\\backend\\src\\auth\\auth.service.ts","statementMap":{"0":{"start":{"line":1,"column":0},"end":{"line":1,"column":null}},"1":{"start":{"line":6,"column":0},"end":{"line":6,"column":58}},"2":{"start":{"line":8,"column":0},"end":{"line":8,"column":33}},"3":{"start":{"line":9,"column":0},"end":{"line":9,"column":58}},"4":{"start":{"line":11,"column":0},"end":{"line":11,"column":55}},"5":{"start":{"line":12,"column":0},"end":{"line":12,"column":47}},"6":{"start":{"line":13,"column":0},"end":{"line":13,"column":79}},"7":{"start":{"line":17,"column":0},"end":{"line":17,"column":37}},"8":{"start":{"line":20,"column":0},"end":{"line":20,"column":64}},"9":{"start":{"line":23,"column":7},"end":{"line":352,"column":null}},"10":{"start":{"line":24,"column":47},"end":{"line":24,"column":63}},"11":{"start":{"line":25,"column":45},"end":{"line":25,"column":52}},"12":{"start":{"line":27,"column":4},"end":{"line":27,"column":48}},"13":{"start":{"line":31,"column":12},"end":{"line":31,"column":20}},"14":{"start":{"line":32,"column":12},"end":{"line":32,"column":24}},"15":{"start":{"line":33,"column":12},"end":{"line":33,"column":26}},"16":{"start":{"line":34,"column":12},"end":{"line":34,"column":34}},"17":{"start":{"line":38,"column":25},"end":{"line":40,"column":6}},"18":{"start":{"line":41,"column":4},"end":{"line":43,"column":5}},"19":{"start":{"line":42,"column":6},"end":{"line":42,"column":62}},"20":{"start":{"line":45,"column":27},"end":{"line":45,"column":62}},"21":{"start":{"line":46,"column":19},"end":{"line":68,"column":null}},"22":{"start":{"line":48,"column":21},"end":{"line":57,"column":10}},"23":{"start":{"line":59,"column":24},"end":{"line":64,"column":10}},"24":{"start":{"line":65,"column":53},"end":{"line":65,"column":57}},"25":{"start":{"line":66,"column":8},"end":{"line":66,"column":54}},"26":{"start":{"line":70,"column":16},"end":{"line":70,"column":34}},"27":{"start":{"line":71,"column":4},"end":{"line":71,"column":77}},"28":{"start":{"line":72,"column":4},"end":{"line":75,"column":7}},"29":{"start":{"line":77,"column":4},"end":{"line":77,"column":18}},"30":{"start":{"line":81,"column":17},"end":{"line":83,"column":6}},"31":{"start":{"line":85,"column":4},"end":{"line":87,"column":5}},"32":{"start":{"line":86,"column":6},"end":{"line":86,"column":61}},"33":{"start":{"line":89,"column":28},"end":{"line":89,"column":77}},"34":{"start":{"line":91,"column":4},"end":{"line":93,"column":5}},"35":{"start":{"line":92,"column":6},"end":{"line":92,"column":61}},"36":{"start":{"line":95,"column":20},"end":{"line":100,"column":6}},"37":{"start":{"line":102,"column":24},"end":{"line":105,"column":6}},"38":{"start":{"line":107,"column":25},"end":{"line":112,"column":null}},"39":{"start":{"line":115,"column":21},"end":{"line":115,"column":33}},"40":{"start":{"line":117,"column":4},"end":{"line":121,"column":6}},"41":{"start":{"line":123,"column":4},"end":{"line":123,"column":51}},"42":{"start":{"line":127,"column":17},"end":{"line":129,"column":6}},"43":{"start":{"line":130,"column":4},"end":{"line":132,"column":5}},"44":{"start":{"line":131,"column":6},"end":{"line":131,"column":56}},"45":{"start":{"line":133,"column":49},"end":{"line":133,"column":53}},"46":{"start":{"line":135,"column":4},"end":{"line":138,"column":6}},"47":{"start":{"line":149,"column":4},"end":{"line":155,"column":5}},"48":{"start":{"line":150,"column":6},"end":{"line":152,"column":9}},"49":{"start":{"line":154,"column":6},"end":{"line":154,"column":74}},"50":{"start":{"line":157,"column":21},"end":{"line":157,"column":52}},"51":{"start":{"line":158,"column":24},"end":{"line":158,"column":61}},"52":{"start":{"line":160,"column":4},"end":{"line":165,"column":5}},"53":{"start":{"line":161,"column":6},"end":{"line":161,"column":44}},"54":{"start":{"line":162,"column":6},"end":{"line":164,"column":8}},"55":{"start":{"line":167,"column":17},"end":{"line":169,"column":6}},"56":{"start":{"line":170,"column":4},"end":{"line":172,"column":5}},"57":{"start":{"line":171,"column":6},"end":{"line":171,"column":63}},"58":{"start":{"line":174,"column":23},"end":{"line":179,"column":6}},"59":{"start":{"line":181,"column":24},"end":{"line":184,"column":6}},"60":{"start":{"line":186,"column":28},"end":{"line":191,"column":null}},"61":{"start":{"line":194,"column":4},"end":{"line":198,"column":6}},"62":{"start":{"line":200,"column":4},"end":{"line":200,"column":58}},"63":{"start":{"line":204,"column":4},"end":{"line":204,"column":60}},"64":{"start":{"line":205,"column":4},"end":{"line":205,"column":37}},"65":{"start":{"line":209,"column":17},"end":{"line":211,"column":6}},"66":{"start":{"line":215,"column":4},"end":{"line":217,"column":5}},"67":{"start":{"line":216,"column":6},"end":{"line":216,"column":63}},"68":{"start":{"line":219,"column":16},"end":{"line":219,"column":38}},"69":{"start":{"line":220,"column":22},"end":{"line":220,"column":54}},"70":{"start":{"line":222,"column":4},"end":{"line":224,"column":5}},"71":{"start":{"line":223,"column":6},"end":{"line":223,"column":65}},"72":{"start":{"line":226,"column":4},"end":{"line":226,"column":37}},"73":{"start":{"line":227,"column":4},"end":{"line":230,"column":7}},"74":{"start":{"line":232,"column":4},"end":{"line":232,"column":54}},"75":{"start":{"line":236,"column":17},"end":{"line":236,"column":77}},"76":{"start":{"line":237,"column":4},"end":{"line":239,"column":5}},"77":{"start":{"line":238,"column":6},"end":{"line":238,"column":56}},"78":{"start":{"line":241,"column":16},"end":{"line":241,"column":26}},"79":{"start":{"line":243,"column":4},"end":{"line":256,"column":5}},"80":{"start":{"line":245,"column":28},"end":{"line":247,"column":8}},"81":{"start":{"line":248,"column":6},"end":{"line":250,"column":7}},"82":{"start":{"line":249,"column":8},"end":{"line":249,"column":79}},"83":{"start":{"line":251,"column":6},"end":{"line":251,"column":24}},"84":{"start":{"line":252,"column":6},"end":{"line":255,"column":9}},"85":{"start":{"line":258,"column":4},"end":{"line":262,"column":5}},"86":{"start":{"line":259,"column":6},"end":{"line":261,"column":8}},"87":{"start":{"line":264,"column":16},"end":{"line":264,"column":34}},"88":{"start":{"line":265,"column":4},"end":{"line":265,"column":69}},"89":{"start":{"line":267,"column":4},"end":{"line":269,"column":7}},"90":{"start":{"line":271,"column":4},"end":{"line":271,"column":35}},"91":{"start":{"line":275,"column":16},"end":{"line":275,"column":37}},"92":{"start":{"line":276,"column":22},"end":{"line":276,"column":54}},"93":{"start":{"line":278,"column":4},"end":{"line":280,"column":5}},"94":{"start":{"line":279,"column":6},"end":{"line":279,"column":65}},"95":{"start":{"line":282,"column":4},"end":{"line":282,"column":37}},"96":{"start":{"line":283,"column":4},"end":{"line":286,"column":7}},"97":{"start":{"line":288,"column":4},"end":{"line":288,"column":54}},"98":{"start":{"line":292,"column":17},"end":{"line":294,"column":6}},"99":{"start":{"line":299,"column":28},"end":{"line":301,"column":6}},"100":{"start":{"line":303,"column":4},"end":{"line":305,"column":5}},"101":{"start":{"line":304,"column":6},"end":{"line":304,"column":29}},"102":{"start":{"line":310,"column":18},"end":{"line":310,"column":49}},"103":{"start":{"line":312,"column":4},"end":{"line":316,"column":6}},"104":{"start":{"line":318,"column":22},"end":{"line":318,"column":81}},"105":{"start":{"line":320,"column":4},"end":{"line":323,"column":7}},"106":{"start":{"line":325,"column":4},"end":{"line":325,"column":27}},"107":{"start":{"line":329,"column":16},"end":{"line":329,"column":38}},"108":{"start":{"line":330,"column":19},"end":{"line":330,"column":51}},"109":{"start":{"line":332,"column":4},"end":{"line":334,"column":5}},"110":{"start":{"line":333,"column":6},"end":{"line":333,"column":72}},"111":{"start":{"line":336,"column":27},"end":{"line":336,"column":65}},"112":{"start":{"line":338,"column":4},"end":{"line":341,"column":7}},"113":{"start":{"line":343,"column":4},"end":{"line":343,"column":37}},"114":{"start":{"line":348,"column":4},"end":{"line":348,"column":59}},"115":{"start":{"line":350,"column":4},"end":{"line":350,"column":76}},"116":{"start":{"line":23,"column":13},"end":{"line":23,"column":24}},"117":{"start":{"line":23,"column":13},"end":{"line":352,"column":null}}},"fnMap":{"0":{"name":"(anonymous_11)","decl":{"start":{"line":26,"column":10},"end":{"line":26,"column":21}},"loc":{"start":{"line":26,"column":21},"end":{"line":28,"column":3}}},"1":{"name":"(anonymous_12)","decl":{"start":{"line":30,"column":2},"end":{"line":30,"column":null}},"loc":{"start":{"line":34,"column":54},"end":{"line":35,"column":6}}},"2":{"name":"(anonymous_13)","decl":{"start":{"line":37,"column":2},"end":{"line":37,"column":7}},"loc":{"start":{"line":37,"column":33},"end":{"line":78,"column":3}}},"3":{"name":"(anonymous_14)","decl":{"start":{"line":47,"column":6},"end":{"line":47,"column":11}},"loc":{"start":{"line":47,"column":19},"end":{"line":67,"column":7}}},"4":{"name":"(anonymous_15)","decl":{"start":{"line":80,"column":2},"end":{"line":80,"column":7}},"loc":{"start":{"line":80,"column":27},"end":{"line":124,"column":3}}},"5":{"name":"(anonymous_16)","decl":{"start":{"line":126,"column":2},"end":{"line":126,"column":7}},"loc":{"start":{"line":126,"column":28},"end":{"line":139,"column":3}}},"6":{"name":"(anonymous_17)","decl":{"start":{"line":141,"column":2},"end":{"line":141,"column":7}},"loc":{"start":{"line":141,"column":54},"end":{"line":201,"column":3}}},"7":{"name":"(anonymous_18)","decl":{"start":{"line":203,"column":2},"end":{"line":203,"column":7}},"loc":{"start":{"line":203,"column":47},"end":{"line":206,"column":3}}},"8":{"name":"(anonymous_19)","decl":{"start":{"line":208,"column":2},"end":{"line":208,"column":7}},"loc":{"start":{"line":208,"column":39},"end":{"line":233,"column":3}}},"9":{"name":"(anonymous_20)","decl":{"start":{"line":235,"column":2},"end":{"line":235,"column":7}},"loc":{"start":{"line":235,"column":57},"end":{"line":272,"column":3}}},"10":{"name":"(anonymous_21)","decl":{"start":{"line":274,"column":2},"end":{"line":274,"column":7}},"loc":{"start":{"line":274,"column":55},"end":{"line":289,"column":3}}},"11":{"name":"(anonymous_22)","decl":{"start":{"line":291,"column":2},"end":{"line":291,"column":7}},"loc":{"start":{"line":291,"column":45},"end":{"line":326,"column":3}}},"12":{"name":"(anonymous_23)","decl":{"start":{"line":328,"column":2},"end":{"line":328,"column":7}},"loc":{"start":{"line":328,"column":43},"end":{"line":351,"column":3}}}},"branchMap":{"0":{"loc":{"start":{"line":41,"column":4},"end":{"line":43,"column":5}},"type":"if","locations":[{"start":{"line":41,"column":4},"end":{"line":43,"column":5}},{"start":{},"end":{}}]},"1":{"loc":{"start":{"line":85,"column":4},"end":{"line":87,"column":5}},"type":"if","locations":[{"start":{"line":85,"column":4},"end":{"line":87,"column":5}},{"start":{},"end":{}}]},"2":{"loc":{"start":{"line":91,"column":4},"end":{"line":93,"column":5}},"type":"if","locations":[{"start":{"line":91,"column":4},"end":{"line":93,"column":5}},{"start":{},"end":{}}]},"3":{"loc":{"start":{"line":130,"column":4},"end":{"line":132,"column":5}},"type":"if","locations":[{"start":{"line":130,"column":4},"end":{"line":132,"column":5}},{"start":{},"end":{}}]},"4":{"loc":{"start":{"line":160,"column":4},"end":{"line":165,"column":5}},"type":"if","locations":[{"start":{"line":160,"column":4},"end":{"line":165,"column":5}},{"start":{},"end":{}}]},"5":{"loc":{"start":{"line":160,"column":8},"end":{"line":160,"column":52}},"type":"binary-expr","locations":[{"start":{"line":160,"column":8},"end":{"line":160,"column":20}},{"start":{"line":160,"column":24},"end":{"line":160,"column":52}}]},"6":{"loc":{"start":{"line":170,"column":4},"end":{"line":172,"column":5}},"type":"if","locations":[{"start":{"line":170,"column":4},"end":{"line":172,"column":5}},{"start":{},"end":{}}]},"7":{"loc":{"start":{"line":215,"column":4},"end":{"line":217,"column":5}},"type":"if","locations":[{"start":{"line":215,"column":4},"end":{"line":217,"column":5}},{"start":{},"end":{}}]},"8":{"loc":{"start":{"line":222,"column":4},"end":{"line":224,"column":5}},"type":"if","locations":[{"start":{"line":222,"column":4},"end":{"line":224,"column":5}},{"start":{},"end":{}}]},"9":{"loc":{"start":{"line":222,"column":8},"end":{"line":222,"column":43}},"type":"binary-expr","locations":[{"start":{"line":222,"column":8},"end":{"line":222,"column":18}},{"start":{"line":222,"column":22},"end":{"line":222,"column":43}}]},"10":{"loc":{"start":{"line":237,"column":4},"end":{"line":239,"column":5}},"type":"if","locations":[{"start":{"line":237,"column":4},"end":{"line":239,"column":5}},{"start":{},"end":{}}]},"11":{"loc":{"start":{"line":243,"column":4},"end":{"line":256,"column":5}},"type":"if","locations":[{"start":{"line":243,"column":4},"end":{"line":256,"column":5}},{"start":{},"end":{}}]},"12":{"loc":{"start":{"line":248,"column":6},"end":{"line":250,"column":7}},"type":"if","locations":[{"start":{"line":248,"column":6},"end":{"line":250,"column":7}},{"start":{},"end":{}}]},"13":{"loc":{"start":{"line":248,"column":10},"end":{"line":248,"column":54}},"type":"binary-expr","locations":[{"start":{"line":248,"column":10},"end":{"line":248,"column":23}},{"start":{"line":248,"column":27},"end":{"line":248,"column":54}}]},"14":{"loc":{"start":{"line":258,"column":4},"end":{"line":262,"column":5}},"type":"if","locations":[{"start":{"line":258,"column":4},"end":{"line":262,"column":5}},{"start":{},"end":{}}]},"15":{"loc":{"start":{"line":278,"column":4},"end":{"line":280,"column":5}},"type":"if","locations":[{"start":{"line":278,"column":4},"end":{"line":280,"column":5}},{"start":{},"end":{}}]},"16":{"loc":{"start":{"line":278,"column":8},"end":{"line":278,"column":43}},"type":"binary-expr","locations":[{"start":{"line":278,"column":8},"end":{"line":278,"column":18}},{"start":{"line":278,"column":22},"end":{"line":278,"column":43}}]},"17":{"loc":{"start":{"line":303,"column":4},"end":{"line":305,"column":5}},"type":"if","locations":[{"start":{"line":303,"column":4},"end":{"line":305,"column":5}},{"start":{},"end":{}}]},"18":{"loc":{"start":{"line":332,"column":4},"end":{"line":334,"column":5}},"type":"if","locations":[{"start":{"line":332,"column":4},"end":{"line":334,"column":5}},{"start":{},"end":{}}]},"19":{"loc":{"start":{"line":31,"column":20},"end":{"line":31,"column":null}},"type":"cond-expr","locations":[{"start":{"line":31,"column":33},"end":{"line":31,"column":null}},{"start":{"line":31,"column":33},"end":{"line":31,"column":null}}]},"20":{"loc":{"start":{"line":31,"column":20},"end":{"line":31,"column":33}},"type":"binary-expr","locations":[{"start":{"line":31,"column":20},"end":{"line":31,"column":null}},{"start":{"line":31,"column":20},"end":{"line":31,"column":33}}]},"21":{"loc":{"start":{"line":31,"column":33},"end":{"line":32,"column":null}},"type":"cond-expr","locations":[{"start":{"line":32,"column":34},"end":{"line":32,"column":null}},{"start":{"line":32,"column":34},"end":{"line":32,"column":null}}]},"22":{"loc":{"start":{"line":31,"column":33},"end":{"line":32,"column":34}},"type":"binary-expr","locations":[{"start":{"line":31,"column":33},"end":{"line":32,"column":null}},{"start":{"line":32,"column":24},"end":{"line":32,"column":34}}]},"23":{"loc":{"start":{"line":32,"column":34},"end":{"line":33,"column":null}},"type":"cond-expr","locations":[{"start":{"line":33,"column":38},"end":{"line":33,"column":null}},{"start":{"line":33,"column":38},"end":{"line":33,"column":null}}]},"24":{"loc":{"start":{"line":32,"column":34},"end":{"line":33,"column":38}},"type":"binary-expr","locations":[{"start":{"line":32,"column":34},"end":{"line":33,"column":null}},{"start":{"line":33,"column":26},"end":{"line":33,"column":38}}]},"25":{"loc":{"start":{"line":33,"column":38},"end":{"line":34,"column":null}},"type":"cond-expr","locations":[{"start":{"line":34,"column":54},"end":{"line":34,"column":null}},{"start":{"line":34,"column":54},"end":{"line":34,"column":null}}]},"26":{"loc":{"start":{"line":33,"column":38},"end":{"line":34,"column":54}},"type":"binary-expr","locations":[{"start":{"line":33,"column":38},"end":{"line":34,"column":null}},{"start":{"line":34,"column":34},"end":{"line":34,"column":54}}]}},"s":{"0":1,"1":1,"2":1,"3":1,"4":1,"5":1,"6":1,"7":1,"8":1,"9":1,"10":13,"11":13,"12":1,"13":13,"14":13,"15":13,"16":13,"17":2,"18":2,"19":1,"20":1,"21":1,"22":1,"23":1,"24":1,"25":1,"26":1,"27":1,"28":1,"29":1,"30":3,"31":3,"32":1,"33":2,"34":2,"35":1,"36":1,"37":1,"38":1,"39":1,"40":1,"41":1,"42":2,"43":2,"44":1,"45":1,"46":1,"47":3,"48":3,"49":1,"50":2,"51":2,"52":2,"53":1,"54":1,"55":1,"56":1,"57":0,"58":1,"59":1,"60":1,"61":1,"62":1,"63":0,"64":0,"65":0,"66":0,"67":0,"68":0,"69":0,"70":0,"71":0,"72":0,"73":0,"74":0,"75":0,"76":0,"77":0,"78":0,"79":0,"80":0,"81":0,"82":0,"83":0,"84":0,"85":0,"86":0,"87":0,"88":0,"89":0,"90":0,"91":0,"92":0,"93":0,"94":0,"95":0,"96":0,"97":0,"98":2,"99":2,"100":2,"101":1,"102":1,"103":1,"104":1,"105":1,"106":1,"107":2,"108":2,"109":2,"110":1,"111":1,"112":1,"113":1,"114":1,"115":1,"116":1,"117":1},"f":{"0":1,"1":13,"2":2,"3":1,"4":3,"5":2,"6":3,"7":0,"8":0,"9":0,"10":0,"11":2,"12":2},"b":{"0":[1,1],"1":[1,2],"2":[1,1],"3":[1,1],"4":[1,1],"5":[2,2],"6":[0,1],"7":[0,0],"8":[0,0],"9":[0,0],"10":[0,0],"11":[0,0],"12":[0,0],"13":[0,0],"14":[0,0],"15":[0,0],"16":[0,0],"17":[1,1],"18":[1,1],"19":[1,0],"20":[1,1],"21":[1,0],"22":[1,1],"23":[1,0],"24":[1,1],"25":[1,0],"26":[1,1]}}
,"C:\\Coding\\medcore-hms\\apps\\backend\\src\\auth\\constants\\permissions.ts": {"path":"C:\\Coding\\medcore-hms\\apps\\backend\\src\\auth\\constants\\permissions.ts","statementMap":{"0":{"start":{"line":72,"column":0},"end":{"line":72,"column":16}},"1":{"start":{"line":7,"column":13},"end":{"line":70,"column":2}},"2":{"start":{"line":73,"column":2},"end":{"line":73,"column":38}}},"fnMap":{"0":{"name":"getPermissionsForRole","decl":{"start":{"line":72,"column":16},"end":{"line":72,"column":37}},"loc":{"start":{"line":72,"column":48},"end":{"line":74,"column":1}}}},"branchMap":{"0":{"loc":{"start":{"line":73,"column":9},"end":{"line":73,"column":37}},"type":"binary-expr","locations":[{"start":{"line":73,"column":9},"end":{"line":73,"column":31}},{"start":{"line":73,"column":35},"end":{"line":73,"column":37}}]}},"s":{"0":1,"1":1,"2":1},"f":{"0":1},"b":{"0":[1,0]}}
,"C:\\Coding\\medcore-hms\\apps\\backend\\src\\auth\\decorators\\roles.decorator.ts": {"path":"C:\\Coding\\medcore-hms\\apps\\backend\\src\\auth\\decorators\\roles.decorator.ts","statementMap":{"0":{"start":{"line":1,"column":0},"end":{"line":1,"column":45}},"1":{"start":{"line":4,"column":13},"end":{"line":4,"column":33}},"2":{"start":{"line":5,"column":21},"end":{"line":5,"column":72}},"3":{"start":{"line":5,"column":43},"end":{"line":5,"column":72}},"4":{"start":{"line":5,"column":13},"end":{"line":5,"column":21}}},"fnMap":{"0":{"name":"(anonymous_0)","decl":{"start":{"line":5,"column":21},"end":{"line":5,"column":22}},"loc":{"start":{"line":5,"column":43},"end":{"line":5,"column":72}}}},"branchMap":{},"s":{"0":0,"1":0,"2":0,"3":0,"4":0},"f":{"0":0},"b":{}}
,"C:\\Coding\\medcore-hms\\apps\\backend\\src\\auth\\dto\\forgot-password.dto.ts": {"path":"C:\\Coding\\medcore-hms\\apps\\backend\\src\\auth\\dto\\forgot-password.dto.ts","statementMap":{"0":{"start":{"line":1,"column":0},"end":{"line":1,"column":42}},"1":{"start":{"line":2,"column":0},"end":{"line":2,"column":46}},"2":{"start":{"line":4,"column":0},"end":{"line":4,"column":13}},"3":{"start":{"line":7,"column":2},"end":{"line":7,"column":null}}},"fnMap":{},"branchMap":{},"s":{"0":0,"1":0,"2":0,"3":0},"f":{},"b":{}}
,"C:\\Coding\\medcore-hms\\apps\\backend\\src\\auth\\dto\\login.dto.ts": {"path":"C:\\Coding\\medcore-hms\\apps\\backend\\src\\auth\\dto\\login.dto.ts","statementMap":{"0":{"start":{"line":1,"column":0},"end":{"line":1,"column":52}},"1":{"start":{"line":2,"column":0},"end":{"line":2,"column":46}},"2":{"start":{"line":4,"column":0},"end":{"line":4,"column":13}},"3":{"start":{"line":7,"column":2},"end":{"line":7,"column":null}},"4":{"start":{"line":11,"column":2},"end":{"line":11,"column":null}}},"fnMap":{},"branchMap":{},"s":{"0":0,"1":0,"2":0,"3":0,"4":0},"f":{},"b":{}}
,"C:\\Coding\\medcore-hms\\apps\\backend\\src\\auth\\dto\\refresh-token.dto.ts": {"path":"C:\\Coding\\medcore-hms\\apps\\backend\\src\\auth\\dto\\refresh-token.dto.ts","statementMap":{"0":{"start":{"line":1,"column":0},"end":{"line":1,"column":55}},"1":{"start":{"line":2,"column":0},"end":{"line":2,"column":46}},"2":{"start":{"line":4,"column":0},"end":{"line":4,"column":13}},"3":{"start":{"line":8,"column":2},"end":{"line":8,"column":null}}},"fnMap":{},"branchMap":{},"s":{"0":0,"1":0,"2":0,"3":0},"f":{},"b":{}}
,"C:\\Coding\\medcore-hms\\apps\\backend\\src\\auth\\dto\\register.dto.ts": {"path":"C:\\Coding\\medcore-hms\\apps\\backend\\src\\auth\\dto\\register.dto.ts","statementMap":{"0":{"start":{"line":1,"column":0},"end":{"line":1,"column":null}},"1":{"start":{"line":10,"column":0},"end":{"line":10,"column":67}},"2":{"start":{"line":12,"column":0},"end":{"line":12,"column":13}},"3":{"start":{"line":15,"column":2},"end":{"line":15,"column":null}},"4":{"start":{"line":20,"column":2},"end":{"line":20,"column":null}},"5":{"start":{"line":24,"column":2},"end":{"line":24,"column":null}},"6":{"start":{"line":29,"column":2},"end":{"line":29,"column":null}},"7":{"start":{"line":34,"column":2},"end":{"line":34,"column":null}},"8":{"start":{"line":39,"column":2},"end":{"line":39,"column":null}}},"fnMap":{},"branchMap":{},"s":{"0":0,"1":0,"2":0,"3":0,"4":0,"5":0,"6":0,"7":0,"8":0},"f":{},"b":{}}
,"C:\\Coding\\medcore-hms\\apps\\backend\\src\\auth\\dto\\reset-password.dto.ts": {"path":"C:\\Coding\\medcore-hms\\apps\\backend\\src\\auth\\dto\\reset-password.dto.ts","statementMap":{"0":{"start":{"line":1,"column":0},"end":{"line":1,"column":54}},"1":{"start":{"line":2,"column":0},"end":{"line":2,"column":46}},"2":{"start":{"line":4,"column":0},"end":{"line":4,"column":13}},"3":{"start":{"line":7,"column":2},"end":{"line":7,"column":null}},"4":{"start":{"line":12,"column":2},"end":{"line":12,"column":null}}},"fnMap":{},"branchMap":{},"s":{"0":0,"1":0,"2":0,"3":0,"4":0},"f":{},"b":{}}
,"C:\\Coding\\medcore-hms\\apps\\backend\\src\\auth\\dto\\send-phone-otp.dto.ts": {"path":"C:\\Coding\\medcore-hms\\apps\\backend\\src\\auth\\dto\\send-phone-otp.dto.ts","statementMap":{"0":{"start":{"line":1,"column":0},"end":{"line":1,"column":60}},"1":{"start":{"line":2,"column":0},"end":{"line":2,"column":54}},"2":{"start":{"line":4,"column":0},"end":{"line":4,"column":13}},"3":{"start":{"line":8,"column":2},"end":{"line":8,"column":18}}},"fnMap":{},"branchMap":{},"s":{"0":0,"1":0,"2":0,"3":0},"f":{},"b":{}}
,"C:\\Coding\\medcore-hms\\apps\\backend\\src\\auth\\dto\\verify-email.dto.ts": {"path":"C:\\Coding\\medcore-hms\\apps\\backend\\src\\auth\\dto\\verify-email.dto.ts","statementMap":{"0":{"start":{"line":1,"column":0},"end":{"line":1,"column":60}},"1":{"start":{"line":2,"column":0},"end":{"line":2,"column":46}},"2":{"start":{"line":4,"column":0},"end":{"line":4,"column":13}},"3":{"start":{"line":7,"column":2},"end":{"line":7,"column":null}},"4":{"start":{"line":12,"column":2},"end":{"line":12,"column":null}}},"fnMap":{},"branchMap":{},"s":{"0":0,"1":0,"2":0,"3":0,"4":0},"f":{},"b":{}}
,"C:\\Coding\\medcore-hms\\apps\\backend\\src\\auth\\dto\\verify-phone.dto.ts": {"path":"C:\\Coding\\medcore-hms\\apps\\backend\\src\\auth\\dto\\verify-phone.dto.ts","statementMap":{"0":{"start":{"line":1,"column":0},"end":{"line":1,"column":51}},"1":{"start":{"line":2,"column":0},"end":{"line":2,"column":46}},"2":{"start":{"line":4,"column":0},"end":{"line":4,"column":13}},"3":{"start":{"line":8,"column":2},"end":{"line":8,"column":null}}},"fnMap":{},"branchMap":{},"s":{"0":0,"1":0,"2":0,"3":0},"f":{},"b":{}}
,"C:\\Coding\\medcore-hms\\apps\\backend\\src\\auth\\guards\\jwt-auth.guard.ts": {"path":"C:\\Coding\\medcore-hms\\apps\\backend\\src\\auth\\guards\\jwt-auth.guard.ts","statementMap":{"0":{"start":{"line":1,"column":0},"end":{"line":1,"column":98}},"1":{"start":{"line":2,"column":0},"end":{"line":2,"column":41}},"2":{"start":{"line":5,"column":7},"end":{"line":31,"column":null}},"3":{"start":{"line":6,"column":22},"end":{"line":6,"column":34}},"4":{"start":{"line":8,"column":20},"end":{"line":8,"column":55}},"5":{"start":{"line":9,"column":18},"end":{"line":9,"column":54}},"6":{"start":{"line":10,"column":4},"end":{"line":12,"column":5}},"7":{"start":{"line":11,"column":6},"end":{"line":11,"column":59}},"8":{"start":{"line":13,"column":4},"end":{"line":21,"column":5}},"9":{"start":{"line":14,"column":22},"end":{"line":16,"column":8}},"10":{"start":{"line":17,"column":6},"end":{"line":17,"column":29}},"11":{"start":{"line":20,"column":6},"end":{"line":20,"column":55}},"12":{"start":{"line":22,"column":4},"end":{"line":22,"column":16}},"13":{"start":{"line":25,"column":23},"end":{"line":25,"column":52}},"14":{"start":{"line":26,"column":4},"end":{"line":26,"column":38}},"15":{"start":{"line":26,"column":21},"end":{"line":26,"column":38}},"16":{"start":{"line":28,"column":26},"end":{"line":28,"column":47}},"17":{"start":{"line":29,"column":4},"end":{"line":29,"column":49}},"18":{"start":{"line":5,"column":13},"end":{"line":5,"column":25}},"19":{"start":{"line":5,"column":13},"end":{"line":31,"column":null}}},"fnMap":{"0":{"name":"(anonymous_2)","decl":{"start":{"line":6,"column":2},"end":{"line":6,"column":22}},"loc":{"start":{"line":6,"column":44},"end":{"line":6,"column":48}}},"1":{"name":"(anonymous_3)","decl":{"start":{"line":7,"column":2},"end":{"line":7,"column":7}},"loc":{"start":{"line":7,"column":45},"end":{"line":23,"column":3}}},"2":{"name":"(anonymous_4)","decl":{"start":{"line":24,"column":10},"end":{"line":24,"column":32}},"loc":{"start":{"line":24,"column":45},"end":{"line":30,"column":3}}}},"branchMap":{"0":{"loc":{"start":{"line":10,"column":4},"end":{"line":12,"column":5}},"type":"if","locations":[{"start":{"line":10,"column":4},"end":{"line":12,"column":5}},{"start":{},"end":{}}]},"1":{"loc":{"start":{"line":26,"column":4},"end":{"line":26,"column":38}},"type":"if","locations":[{"start":{"line":26,"column":4},"end":{"line":26,"column":38}},{"start":{},"end":{}}]},"2":{"loc":{"start":{"line":29,"column":11},"end":{"line":29,"column":48}},"type":"cond-expr","locations":[{"start":{"line":29,"column":31},"end":{"line":29,"column":36}},{"start":{"line":29,"column":39},"end":{"line":29,"column":48}}]},"3":{"loc":{"start":{"line":6,"column":34},"end":{"line":6,"column":47}},"type":"cond-expr","locations":[{"start":{"line":6,"column":44},"end":{"line":6,"column":47}},{"start":{"line":6,"column":44},"end":{"line":6,"column":47}}]},"4":{"loc":{"start":{"line":6,"column":34},"end":{"line":6,"column":44}},"type":"binary-expr","locations":[{"start":{"line":6,"column":34},"end":{"line":6,"column":47}},{"start":{"line":6,"column":34},"end":{"line":6,"column":44}}]}},"s":{"0":0,"1":0,"2":0,"3":0,"4":0,"5":0,"6":0,"7":0,"8":0,"9":0,"10":0,"11":0,"12":0,"13":0,"14":0,"15":0,"16":0,"17":0,"18":0,"19":0},"f":{"0":0,"1":0,"2":0},"b":{"0":[0,0],"1":[0,0],"2":[0,0],"3":[0,0],"4":[0,0]}}
,"C:\\Coding\\medcore-hms\\apps\\backend\\src\\auth\\guards\\roles.guard.ts": {"path":"C:\\Coding\\medcore-hms\\apps\\backend\\src\\auth\\guards\\roles.guard.ts","statementMap":{"0":{"start":{"line":1,"column":0},"end":{"line":1,"column":95}},"1":{"start":{"line":2,"column":0},"end":{"line":2,"column":41}},"2":{"start":{"line":3,"column":0},"end":{"line":3,"column":58}},"3":{"start":{"line":7,"column":7},"end":{"line":29,"column":null}},"4":{"start":{"line":8,"column":22},"end":{"line":8,"column":33}},"5":{"start":{"line":11,"column":26},"end":{"line":14,"column":6}},"6":{"start":{"line":16,"column":4},"end":{"line":18,"column":5}},"7":{"start":{"line":17,"column":6},"end":{"line":17,"column":18}},"8":{"start":{"line":20,"column":20},"end":{"line":20,"column":55}},"9":{"start":{"line":21,"column":17},"end":{"line":21,"column":29}},"10":{"start":{"line":23,"column":4},"end":{"line":25,"column":5}},"11":{"start":{"line":24,"column":6},"end":{"line":24,"column":89}},"12":{"start":{"line":27,"column":4},"end":{"line":27,"column":16}},"13":{"start":{"line":7,"column":13},"end":{"line":7,"column":23}},"14":{"start":{"line":7,"column":13},"end":{"line":29,"column":null}}},"fnMap":{"0":{"name":"(anonymous_2)","decl":{"start":{"line":8,"column":2},"end":{"line":8,"column":22}},"loc":{"start":{"line":8,"column":42},"end":{"line":8,"column":46}}},"1":{"name":"(anonymous_3)","decl":{"start":{"line":10,"column":2},"end":{"line":10,"column":13}},"loc":{"start":{"line":10,"column":39},"end":{"line":28,"column":3}}}},"branchMap":{"0":{"loc":{"start":{"line":16,"column":4},"end":{"line":18,"column":5}},"type":"if","locations":[{"start":{"line":16,"column":4},"end":{"line":18,"column":5}},{"start":{},"end":{}}]},"1":{"loc":{"start":{"line":23,"column":4},"end":{"line":25,"column":5}},"type":"if","locations":[{"start":{"line":23,"column":4},"end":{"line":25,"column":5}},{"start":{},"end":{}}]},"2":{"loc":{"start":{"line":23,"column":8},"end":{"line":23,"column":51}},"type":"binary-expr","locations":[{"start":{"line":23,"column":8},"end":{"line":23,"column":13}},{"start":{"line":23,"column":17},"end":{"line":23,"column":51}}]},"3":{"loc":{"start":{"line":8,"column":33},"end":{"line":8,"column":45}},"type":"cond-expr","locations":[{"start":{"line":8,"column":42},"end":{"line":8,"column":45}},{"start":{"line":8,"column":42},"end":{"line":8,"column":45}}]},"4":{"loc":{"start":{"line":8,"column":33},"end":{"line":8,"column":42}},"type":"binary-expr","locations":[{"start":{"line":8,"column":33},"end":{"line":8,"column":45}},{"start":{"line":8,"column":33},"end":{"line":8,"column":42}}]}},"s":{"0":0,"1":0,"2":0,"3":0,"4":0,"5":0,"6":0,"7":0
[...]
,"C:\\Coding\\medcore-hms\\apps\\backend\\src\\prescriptions\\dto\\create-prescription-item-dto.ts": {"path":"C:\\Coding\\medcore-hms\\apps\\backend\\src\\prescriptions\\dto\\create-prescription-item-dto.ts","statementMap":{"0":{"start":{"line":1,"column":0},"end":{"line":1,"column":87}},"1":{"start":{"line":2,"column":0},"end":{"line":2,"column":67}},"2":{"start":{"line":3,"column":0},"end":{"line":3,"column":61}},"3":{"start":{"line":5,"column":0},"end":{"line":5,"column":13}},"4":{"start":{"line":7,"column":28},"end":{"line":7,"column":null}},"5":{"start":{"line":10,"column":28},"end":{"line":10,"column":null}},"6":{"start":{"line":13,"column":28},"end":{"line":13,"column":null}},"7":{"start":{"line":16,"column":21},"end":{"line":16,"column":null}},"8":{"start":{"line":19,"column":19},"end":{"line":19,"column":null}},"9":{"start":{"line":22,"column":19},"end":{"line":22,"column":null}},"10":{"start":{"line":25,"column":28},"end":{"line":25,"column":null}}},"fnMap":{},"branchMap":{"0":{"loc":{"start":{"line":16,"column":33},"end":{"line":16,"column":43}},"type":"cond-expr","locations":[{"start":{"line":16,"column":42},"end":{"line":16,"column":43}},{"start":{"line":16,"column":42},"end":{"line":16,"column":43}}]},"1":{"loc":{"start":{"line":16,"column":33},"end":{"line":16,"column":42}},"type":"binary-expr","locations":[{"start":{"line":16,"column":33},"end":{"line":16,"column":43}},{"start":{"line":16,"column":33},"end":{"line":16,"column":42}}]}},"s":{"0":0,"1":0,"2":0,"3":0,"4":0,"5":0,"6":0,"7":0,"8":0,"9":0,"10":0},"f":{},"b":{"0":[0,0],"1":[0,0]}}
,"C:\\Coding\\medcore-hms\\apps\\backend\\src\\prescriptions\\dto\\create-prescription.dto.ts": {"path":"C:\\Coding\\medcore-hms\\apps\\backend\\src\\prescriptions\\dto\\create-prescription.dto.ts","statementMap":{"0":{"start":{"line":1,"column":0},"end":{"line":1,"column":106}},"1":{"start":{"line":2,"column":0},"end":{"line":2,"column":41}},"2":{"start":{"line":3,"column":0},"end":{"line":3,"column":67}},"3":{"start":{"line":4,"column":0},"end":{"line":4,"column":75}},"4":{"start":{"line":6,"column":0},"end":{"line":6,"column":13}},"5":{"start":{"line":8,"column":28},"end":{"line":8,"column":null}},"6":{"start":{"line":11,"column":28},"end":{"line":11,"column":null}},"7":{"start":{"line":18,"column":2},"end":{"line":18,"column":null}},"8":{"start":{"line":13,"column":29},"end":{"line":13,"column":54}},"9":{"start":{"line":17,"column":14},"end":{"line":17,"column":39}}},"fnMap":{"0":{"name":"(anonymous_2)","decl":{"start":{"line":13,"column":23},"end":{"line":13,"column":26}},"loc":{"start":{"line":13,"column":29},"end":{"line":13,"column":54}}},"1":{"name":"(anonymous_3)","decl":{"start":{"line":17,"column":8},"end":{"line":17,"column":11}},"loc":{"start":{"line":17,"column":14},"end":{"line":17,"column":39}}}},"branchMap":{},"s":{"0":0,"1":0,"2":0,"3":0,"4":0,"5":0,"6":0,"7":0,"8":0,"9":0},"f":{"0":0,"1":0},"b":{}}
,"C:\\Coding\\medcore-hms\\apps\\backend\\src\\prisma\\prisma.module.ts": {"path":"C:\\Coding\\medcore-hms\\apps\\backend\\src\\prisma\\prisma.module.ts","statementMap":{"0":{"start":{"line":1,"column":0},"end":{"line":1,"column":40}},"1":{"start":{"line":2,"column":0},"end":{"line":2,"column":49}},"2":{"start":{"line":8,"column":7},"end":{"line":8,"column":null}},"3":{"start":{"line":8,"column":13},"end":{"line":8,"column":25}},"4":{"start":{"line":8,"column":13},"end":{"line":8,"column":null}}},"fnMap":{},"branchMap":{},"s":{"0":0,"1":0,"2":0,"3":0,"4":0},"f":{},"b":{}}
,"C:\\Coding\\medcore-hms\\apps\\backend\\src\\prisma\\prisma.service.ts": {"path":"C:\\Coding\\medcore-hms\\apps\\backend\\src\\prisma\\prisma.service.ts","statementMap":{"0":{"start":{"line":1,"column":0},"end":{"line":1,"column":75}},"1":{"start":{"line":2,"column":0},"end":{"line":2,"column":61}},"2":{"start":{"line":3,"column":0},"end":{"line":3,"column":46}},"3":{"start":{"line":6,"column":7},"end":{"line":19,"column":null}},"4":{"start":{"line":8,"column":20},"end":{"line":8,"column":80}},"5":{"start":{"line":9,"column":4},"end":{"line":9,"column":23}},"6":{"start":{"line":13,"column":4},"end":{"line":13,"column":26}},"7":{"start":{"line":17,"column":4},"end":{"line":17,"column":29}},"8":{"start":{"line":6,"column":13},"end":{"line":6,"column":26}},"9":{"start":{"line":6,"column":13},"end":{"line":19,"column":null}}},"fnMap":{"0":{"name":"(anonymous_2)","decl":{"start":{"line":7,"column":2},"end":{"line":7,"column":null}},"loc":{"start":{"line":7,"column":2},"end":{"line":10,"column":3}}},"1":{"name":"(anonymous_3)","decl":{"start":{"line":12,"column":2},"end":{"line":12,"column":7}},"loc":{"start":{"line":12,"column":20},"end":{"line":14,"column":3}}},"2":{"name":"(anonymous_4)","decl":{"start":{"line":16,"column":2},"end":{"line":16,"column":7}},"loc":{"start":{"line":16,"column":23},"end":{"line":18,"column":3}}}},"branchMap":{},"s":{"0":5,"1":5,"2":5,"3":5,"4":1,"5":1,"6":0,"7":0,"8":5,"9":5},"f":{"0":1,"1":0,"2":0},"b":{}}
,"C:\\Coding\\medcore-hms\\apps\\backend\\src\\queue\\bullmq.config.ts": {"path":"C:\\Coding\\medcore-hms\\apps\\backend\\src\\queue\\bullmq.config.ts","statementMap":{"0":{"start":{"line":1,"column":0},"end":{"line":1,"column":44}},"1":{"start":{"line":4,"column":13},"end":{"line":12,"column":2}},"2":{"start":{"line":6,"column":32},"end":{"line":11,"column":4}}},"fnMap":{"0":{"name":"(anonymous_0)","decl":{"start":{"line":6,"column":2},"end":{"line":6,"column":28}},"loc":{"start":{"line":6,"column":32},"end":{"line":11,"column":4}}}},"branchMap":{},"s":{"0":0,"1":0,"2":0},"f":{"0":0},"b":{}}
,"C:\\Coding\\medcore-hms\\apps\\backend\\src\\redis\\redis.module.ts": {"path":"C:\\Coding\\medcore-hms\\apps\\backend\\src\\redis\\redis.module.ts","statementMap":{"0":{"start":{"line":1,"column":0},"end":{"line":1,"column":48}},"1":{"start":{"line":2,"column":0},"end":{"line":2,"column":47}},"2":{"start":{"line":9,"column":7},"end":{"line":9,"column":null}},"3":{"start":{"line":9,"column":13},"end":{"line":9,"column":24}},"4":{"start":{"line":9,"column":13},"end":{"line":9,"column":null}}},"fnMap":{},"branchMap":{},"s":{"0":0,"1":0,"2":0,"3":0,"4":0},"f":{},"b":{}}
,"C:\\Coding\\medcore-hms\\apps\\backend\\src\\redis\\redis.service.ts": {"path":"C:\\Coding\\medcore-hms\\apps\\backend\\src\\redis\\redis.service.ts","statementMap":{"0":{"start":{"line":1,"column":0},"end":{"line":1,"column":null}},"1":{"start":{"line":7,"column":0},"end":{"line":7,"column":28}},"2":{"start":{"line":10,"column":25},"end":{"line":72,"column":null}},"3":{"start":{"line":11,"column":28},"end":{"line":11,"column":57}},"4":{"start":{"line":15,"column":21},"end":{"line":15,"column":42}},"5":{"start":{"line":16,"column":4},"end":{"line":18,"column":5}},"6":{"start":{"line":17,"column":6},"end":{"line":17,"column":71}},"7":{"start":{"line":20,"column":4},"end":{"line":22,"column":7}},"8":{"start":{"line":24,"column":4},"end":{"line":26,"column":7}},"9":{"start":{"line":25,"column":6},"end":{"line":25,"column":44}},"10":{"start":{"line":28,"column":4},"end":{"line":30,"column":7}},"11":{"start":{"line":29,"column":6},"end":{"line":29,"column":66}},"12":{"start":{"line":32,"column":4},"end":{"line":34,"column":7}},"13":{"start":{"line":33,"column":6},"end":{"line":33,"column":50}},"14":{"start":{"line":36,"column":4},"end":{"line":38,"column":7}},"15":{"start":{"line":37,"column":6},"end":{"line":37,"column":59}},"16":{"start":{"line":42,"column":4},"end":{"line":44,"column":5}},"17":{"start":{"line":43,"column":6},"end":{"line":43,"column":31}},"18":{"start":{"line":48,"column":4},"end":{"line":52,"column":5}},"19":{"start":{"line":49,"column":6},"end":{"line":49,"column":58}},"20":{"start":{"line":51,"column":6},"end":{"line":51,"column":40}},"21":{"start":{"line":56,"column":4},"end":{"line":56,"column":32}},"22":{"start":{"line":60,"column":4},"end":{"line":60,"column":31}},"23":{"start":{"line":64,"column":19},"end":{"line":64,"column":73}},"24":{"start":{"line":66,"column":4},"end":{"line":70,"column":5}},"25":{"start":{"line":67,"column":6},"end":{"line":69,"column":7}},"26":{"start":{"line":68,"column":8},"end":{"line":68,"column":42}},"27":{"start":{"line":10,"column":13},"end":{"line":10,"column":25}},"28":{"start":{"line":10,"column":13},"end":{"line":72,"column":null}}},"fnMap":{"0":{"name":"(anonymous_2)","decl":{"start":{"line":14,"column":2},"end":{"line":14,"column":14}},"loc":{"start":{"line":14,"column":14},"end":{"line":39,"column":3}}},"1":{"name":"(anonymous_3)","decl":{"start":{"line":24,"column":30},"end":{"line":24,"column":33}},"loc":{"start":{"line":24,"column":35},"end":{"line":26,"column":5}}},"2":{"name":"(anonymous_4)","decl":{"start":{"line":28,"column":28},"end":{"line":28,"column":29}},"loc":{"start":{"line":28,"column":36},"end":{"line":30,"column":5}}},"3":{"name":"(anonymous_5)","decl":{"start":{"line":32,"column":28},"end":{"line":32,"column":31}},"loc":{"start":{"line":32,"column":33},"end":{"line":34,"column":5}}},"4":{"name":"(anonymous_6)","decl":{"start":{"line":36,"column":35},"end":{"line":36,"column":36}},"loc":{"start":{"line":36,"column":53},"end":{"line":38,"column":5}}},"5":{"name":"(anonymous_7)","decl":{"start":{"line":41,"column":2},"end":{"line":41,"column":7}},"loc":{"start":{"line":41,"column":23},"end":{"line":45,"column":3}}},"6":{"name":"(anonymous_8)","decl":{"start":{"line":47,"column":2},"end":{"line":47,"column":7}},"loc":{"start":{"line":47,"column":59},"end":{"line":53,"column":3}}},"7":{"name":"(anonymous_9)","decl":{"start":{"line":55,"column":2},"end":{"line":55,"column":7}},"loc":{"start":{"line":55,"column":23},"end":{"line":57,"column":3}}},"8":{"name":"(anonymous_10)","decl":{"start":{"line":59,"column":2},"end":{"line":59,"column":7}},"loc":{"start":{"line":59,"column":23},"end":{"line":61,"column":3}}},"9":{"name":"(anonymous_11)","decl":{"start":{"line":63,"column":2},"end":{"line":63,"column":7}},"loc":{"start":{"line":63,"column":36},"end":{"line":71,"column":3}}}},"branchMap":{"0":{"loc":{"start":{"line":16,"column":4},"end":{"line":18,"column":5}},"type":"if","locations":[{"start":{"line":16,"column":4},"end":{"line":18,"column":5}},{"start":{},"end":{}}]},"1":{"loc":{"start":{"line":42,"column":4},"end":{"line":44,"column":5}},"type":"if","locations":[{"start":{"line":42,"column":4},"end":{"line":44,"column":5}},{"start":{},"end":{}}]},"2":{"loc":{"start":{"line":48,"column":4},"end":{"line":52,"column":5}},"type":"if","locations":[{"start":{"line":48,"column":4},"end":{"line":52,"column":5}},{"start":{"line":50,"column":11},"end":{"line":52,"column":5}}]},"3":{"loc":{"start":{"line":67,"column":6},"end":{"line":69,"column":7}},"type":"if","locations":[{"start":{"line":67,"column":6},"end":{"line":69,"column":7}},{"start":{},"end":{}}]}},"s":{"0":1,"1":1,"2":1,"3":0,"4":0,"5":0,"6":0,"7":0,"8":0,"9":0,"10":0,"11":0,"12":0,"13":0,"14":0,"15":0,"16":0,"17":0,"18":0,"19":0,"20":0,"21":0,"22":0,"23":0,"24":0,"25":0,"26":0,"27":1,"28":1},"f":{"0":0,"1":0,"2":0,"3":0,"4":0,"5":0,"6":0,"7":0,"8":0,"9":0},"b":{"0":[0,0],"1":[0,0],"2":[0,0],"3":[0,0]}}
,"C:\\Coding\\medcore-hms\\apps\\backend\\src\\staff\\staff.controller.ts": {"path":"C:\\Coding\\medcore-hms\\apps\\backend\\src\\staff\\staff.controller.ts","statementMap":{"0":{"start":{"line":1,"column":0},"end":{"line":1,"column":84}},"1":{"start":{"line":2,"column":0},"end":{"line":2,"column":71}},"2":{"start":{"line":3,"column":0},"end":{"line":3,"column":47}},"3":{"start":{"line":4,"column":0},"end":{"line":4,"column":56}},"4":{"start":{"line":5,"column":0},"end":{"line":5,"column":61}},"5":{"start":{"line":6,"column":0},"end":{"line":6,"column":56}},"6":{"start":{"line":7,"column":0},"end":{"line":7,"column":59}},"7":{"start":{"line":14,"column":7},"end":{"line":30,"column":null}},"8":{"start":{"line":15,"column":22},"end":{"line":15,"column":36}},"9":{"start":{"line":22,"column":4},"end":{"line":22,"column":51}},"10":{"start":{"line":28,"column":4},"end":{"line":28,"column":53}},"11":{"start":{"line":14,"column":13},"end":{"line":14,"column":28}},"12":{"start":{"line":21,"column":2},"end":{"line":23,"column":null}},"13":{"start":{"line":27,"column":2},"end":{"line":29,"column":null}},"14":{"start":{"line":14,"column":13},"end":{"line":30,"column":null}}},"fnMap":{"0":{"name":"(anonymous_4)","decl":{"start":{"line":15,"column":2},"end":{"line":15,"column":22}},"loc":{"start":{"line":15,"column":48},"end":{"line":15,"column":52}}},"1":{"name":"(anonymous_5)","decl":{"start":{"line":21,"column":2},"end":{"line":21,"column":8}},"loc":{"start":{"line":21,"column":53},"end":{"line":23,"column":3}}},"2":{"name":"(anonymous_6)","decl":{"start":{"line":27,"column":2},"end":{"line":27,"column":9}},"loc":{"start":{"line":27,"column":66},"end":{"line":29,"column":3}}}},"branchMap":{"0":{"loc":{"start":{"line":21,"column":22},"end":{"line":21,"column":39}},"type":"cond-expr","locations":[{"start":{"line":21,"column":36},"end":{"line":21,"column":39}},{"start":{"line":21,"column":36},"end":{"line":21,"column":39}}]},"1":{"loc":{"start":{"line":21,"column":22},"end":{"line":21,"column":36}},"type":"binary-expr","locations":[{"start":{"line":21,"column":22},"end":{"line":21,"column":39}},{"start":{"line":21,"column":22},"end":{"line":21,"column":36}}]},"2":{"loc":{"start":{"line":15,"column":36},"end":{"line":15,"column":51}},"type":"cond-expr","locations":[{"start":{"line":15,"column":48},"end":{"line":15,"column":51}},{"start":{"line":15,"column":48},"end":{"line":15,"column":51}}]},"3":{"loc":{"start":{"line":15,"column":36},"end":{"line":15,"column":48}},"type":"binary-expr","locations":[{"start":{"line":15,"column":36},"end":{"line":15,"column":51}},{"start":{"line":15,"column":36},"end":{"line":15,"column":48}}]}},"s":{"0":0,"1":0,"2":0,"3":0,"4":0,"5":0,"6":0,"7":0,"8":0,"9":0,"10":0,"11":0,"12":0,"13":0,"14":0},"f":{"0":0,"1":0,"2":0},"b":{"0":[0,0],"1":[0,0],"2":[0,0],"3":[0,0]}}
,"C:\\Coding\\medcore-hms\\apps\\backend\\src\\staff\\staff.module.ts": {"path":"C:\\Coding\\medcore-hms\\apps\\backend\\src\\staff\\staff.module.ts","statementMap":{"0":{"start":{"line":1,"column":0},"end":{"line":1,"column":40}},"1":{"start":{"line":2,"column":0},"end":{"line":2,"column":53}},"2":{"start":{"line":3,"column":0},"end":{"line":3,"column":47}},"3":{"start":{"line":4,"column":0},"end":{"line":4,"column":55}},"4":{"start":{"line":5,"column":0},"end":{"line":5,"column":49}},"5":{"start":{"line":12,"column":7},"end":{"line":12,"column":null}},"6":{"start":{"line":12,"column":13},"end":{"line":12,"column":24}},"7":{"start":{"line":12,"column":13},"end":{"line":12,"column":null}}},"fnMap":{},"branchMap":{},"s":{"0":0,"1":0,"2":0,"3":0,"4":0,"5":0,"6":0,"7":0},"f":{},"b":{}}
,"C:\\Coding\\medcore-hms\\apps\\backend\\src\\staff\\staff.service.ts": {"path":"C:\\Coding\\medcore-hms\\apps\\backend\\src\\staff\\staff.service.ts","statementMap":{"0":{"start":{"line":1,"column":0},"end":{"line":1,"column":83}},"1":{"start":{"line":2,"column":0},"end":{"line":2,"column":33}},"2":{"start":{"line":3,"column":0},"end":{"line":3,"column":57}},"3":{"start":{"line":7,"column":7},"end":{"line":73,"column":null}},"4":{"start":{"line":8,"column":22},"end":{"line":8,"column":30}},"5":{"start":{"line":14,"column":4},"end":{"line":16,"column":5}},"6":{"start":{"line":15,"column":6},"end":{"line":15,"column":87}},"7":{"start":{"line":18,"column":21},"end":{"line":20,"column":6}},"8":{"start":{"line":21,"column":4},"end":{"line":23,"column":5}},"9":{"start":{"line":22,"column":6},"end":{"line":22,"column":62}},"10":{"start":{"line":25,"column":27},"end":{"line":25,"column":62}},"11":{"start":{"line":27,"column":17},"end":{"line":39,"column":6}},"12":{"start":{"line":41,"column":49},"end":{"line":41,"column":53}},"13":{"start":{"line":42,"column":4},"end":{"line":42,"column":31}},"14":{"start":{"line":49,"column":4},"end":{"line":51,"column":5}},"15":{"start":{"line":50,"column":6},"end":{"line":50,"column":87}},"16":{"start":{"line":53,"column":4},"end":{"line":71,"column":7}},"17":{"start":{"line":7,"column":13},"end":{"line":7,"column":25}},"18":{"start":{"line":7,"column":13},"end":{"line":73,"column":null}}},"fnMap":{"0":{"name":"(anonymous_11)","decl":{"start":{"line":8,"column":2},"end":{"line":8,"column":22}},"loc":{"start":{"line":8,"column":43},"end":{"line":8,"column":47}}},"1":{"name":"(anonymous_12)","decl":{"start":{"line":10,"column":2},"end":{"line":10,"column":7}},"loc":{"start":{"line":12,"column":73},"end":{"line":43,"column":3}}},"2":{"name":"(anonymous_13)","decl":{"start":{"line":45,"column":2},"end":{"line":45,"column":7}},"loc":{"start":{"line":47,"column":17},"end":{"line":72,"column":3}}}},"branchMap":{"0":{"loc":{"start":{"line":14,"column":4},"end":{"line":16,"column":5}},"type":"if","locations":[{"start":{"line":14,"column":4},"end":{"line":16,"column":5}},{"start":{},"end":{}}]},"1":{"loc":{"start":{"line":21,"column":4},"end":{"line":23,"column":5}},"type":"if","locations":[{"start":{"line":21,"column":4},"end":{"line":23,"column":5}},{"start":{},"end":{}}]},"2":{"loc":{"start":{"line":49,"column":4},"end":{"line":51,"column":5}},"type":"if","locations":[{"start":{"line":49,"column":4},"end":{"line":51,"column":5}},{"start":{},"end":{}}]},"3":{"loc":{"start":{"line":57,"column":14},"end":{"line":59,"column":85}},"type":"cond-expr","locations":[{"start":{"line":58,"column":14},"end":{"line":58,"column":27}},{"start":{"line":59,"column":14},"end":{"line":59,"column":85}}]},"4":{"loc":{"start":{"line":8,"column":30},"end":{"line":8,"column":46}},"type":"cond-expr","locations":[{"start":{"line":8,"column":43},"end":{"line":8,"column":46}},{"start":{"line":8,"column":43},"end":{"line":8,"column":46}}]},"5":{"loc":{"start":{"line":8,"column":30},"end":{"line":8,"column":43}},"type":"binary-expr","locations":[{"start":{"line":8,"column":30},"end":{"line":8,"column":46}},{"start":{"line":8,"column":30},"end":{"line":8,"column":43}}]}},"s":{"0":0,"1":0,"2":0,"3":0,"4":0,"5":0,"6":0,"7":0,"8":0,"9":0,"10":0,"11":0,"12":0,"13":0,"14":0,"15":0,"16":0,"17":0,"18":0},"f":{"0":0,"1":0,"2":0},"b":{"0":[0,0],"1":[0,0],"2":[0,0],"3":[0,0],"4":[0,0],"5":[0,0]}}
,"C:\\Coding\\medcore-hms\\apps\\backend\\src\\staff\\dto\\create-staff.dto.ts": {"path":"C:\\Coding\\medcore-hms\\apps\\backend\\src\\staff\\dto\\create-staff.dto.ts","statementMap":{"0":{"start":{"line":1,"column":0},"end":{"line":1,"column":93}},"1":{"start":{"line":2,"column":0},"end":{"line":2,"column":67}},"2":{"start":{"line":8,"column":13},"end":{"line":14,"column":11}},"3":{"start":{"line":18,"column":0},"end":{"line":18,"column":13}},"4":{"start":{"line":21,"column":2},"end":{"line":21,"column":null}},"5":{"start":{"line":26,"column":2},"end":{"line":26,"column":null}},"6":{"start":{"line":31,"column":2},"end":{"line":31,"column":null}},"7":{"start":{"line":36,"column":2},"end":{"line":36,"column":null}},"8":{"start":{"line":40,"column":2},"end":{"line":40,"column":null}}},"fnMap":{},"branchMap":{"0":{"loc":{"start":{"line":40,"column":9},"end":{"line":40,"column":31}},"type":"cond-expr","locations":[{"start":{"line":40,"column":30},"end":{"line":40,"column":31}},{"start":{"line":40,"column":30},"end":{"line":40,"column":31}}]},"1":{"loc":{"start":{"line":40,"column":9},"end":{"line":40,"column":30}},"type":"binary-expr","locations":[{"start":{"line":40,"column":9},"end":{"line":40,"column":31}},{"start":{"line":40,"column":9},"end":{"line":40,"column":30}}]}},"s":{"0":0,"1":0,"2":0,"3":0,"4":0,"5":0,"6":0,"7":0,"8":0},"f":{},"b":{"0":[0,0],"1":[0,0]}}
}
