TN:
SF:src\app.controller.ts
FN:6,(anonymous_2)
FN:9,(anonymous_3)
FNF:2
FNH:2
FNDA:1,(anonymous_2)
FNDA:1,(anonymous_3)
DA:1,1
DA:2,1
DA:5,1
DA:6,1
DA:9,1
DA:10,1
LF:6
LH:6
BRDA:6,0,0,1
BRDA:6,0,1,0
BRDA:6,1,0,1
BRDA:6,1,1,1
BRF:4
BRH:3
end_of_record
TN:
SF:src\app.module.ts
FNF:0
FNH:0
DA:1,0
DA:2,0
DA:3,0
DA:4,0
DA:5,0
DA:6,0
DA:7,0
DA:8,0
DA:9,0
DA:10,0
DA:11,0
DA:12,0
DA:13,0
DA:14,0
DA:15,0
DA:16,0
DA:17,0
DA:18,0
DA:19,0
DA:20,0
DA:21,0
DA:22,0
DA:23,0
DA:24,0
DA:25,0
DA:70,0
LF:26
LH:0
BRF:0
BRH:0
end_of_record
TN:
SF:src\app.service.ts
FN:5,(anonymous_1)
FNF:1
FNH:1
FNDA:1,(anonymous_1)
DA:1,1
DA:4,1
DA:6,1
LF:3
LH:3
BRF:0
BRH:0
end_of_record
TN:
SF:src\main.ts
FN:14,bootstrap
FNF:1
FNH:0
FNDA:0,bootstrap
DA:1,0
DA:2,0
DA:5,0
DA:7,0
DA:9,0
DA:10,0
DA:13,0
DA:15,0
DA:17,0
DA:18,0
DA:19,0
DA:25,0
DA:31,0
DA:32,0
DA:34,0
DA:36,0
LF:16
LH:0
BRDA:20,0,0,0
BRDA:20,0,1,0
BRDA:34,1,0,0
BRDA:34,1,1,0
BRF:4
BRH:0
end_of_record
TN:
SF:src\setup-app.ts
FN:11,configureApp
FNF:1
FNH:0
FNDA:0,configureApp
DA:1,0
DA:2,0
DA:3,0
DA:4,0
DA:11,0
DA:12,0
DA:13,0
DA:14,0
DA:15,0
DA:16,0
LF:10
LH:0
BRF:0
BRH:0
end_of_record
TN:
SF:src\appointments\appointments.controller.ts
FN:24,(anonymous_4)
FN:31,(anonymous_5)
FN:39,(anonymous_6)
FN:47,(anonymous_7)
FN:55,(anonymous_8)
FN:63,(anonymous_9)
FN:71,(anonymous_10)
FN:81,(anonymous_11)
FNF:8
FNH:0
FNDA:0,(anonymous_4)
FNDA:0,(anonymous_5)
FNDA:0,(anonymous_6)
FNDA:0,(anonymous_7)
FNDA:0,(anonymous_8)
FNDA:0,(anonymous_9)
FNDA:0,(anonymous_10)
FNDA:0,(anonymous_11)
DA:1,0
DA:12,0
DA:13,0
DA:14,0
DA:15,0
DA:16,0
DA:17,0
DA:18,0
DA:23,0
DA:24,0
DA:31,0
DA:32,0
DA:39,0
DA:40,0
DA:47,0
DA:48,0
DA:55,0
DA:56,0
DA:63,0
DA:64,0
DA:71,0
DA:72,0
DA:81,0
DA:82,0
LF:24
LH:0
BRDA:55,0,0,0
BRDA:55,0,1,0
BRDA:55,1,0,0
BRDA:55,1,1,0
BRDA:63,2,0,0
BRDA:63,2,1,0
BRDA:63,3,0,0
BRDA:63,3,1,0
BRDA:24,4,0,0
BRDA:24,4,1,0
BRDA:24,5,0,0
BRDA:24,5,1,0
BRF:12
BRH:0
end_of_record
TN:
SF:src\appointments\appointments.module.ts
FNF:0
FNH:0
DA:1,0
DA:2,0
DA:3,0
DA:4,0
DA:5,0
DA:6,0
DA:13,0
LF:7
LH:0
BRF:0
BRH:0
end_of_record
TN:
SF:src\appointments\appointments.service.ts
FN:25,(anonymous_2)
FN:35,(anonymous_3)
FN:44,(anonymous_4)
FN:69,(anonymous_5)
FN:99,(anonymous_6)
FN:152,(anonymous_7)
FN:185,(anonymous_8)
FN:229,(anonymous_9)
FN:262,(anonymous_10)
FN:340,(anonymous_11)
FN:389,(anonymous_12)
FNF:11
FNH:11
FNDA:30,(anonymous_2)
FNDA:32,(anonymous_3)
FNDA:3,(anonymous_4)
FNDA:1,(anonymous_5)
FNDA:7,(anonymous_6)
FNDA:2,(anonymous_7)
FNDA:4,(anonymous_8)
FNDA:2,(anonymous_9)
FNDA:6,(anonymous_10)
FNDA:3,(anonymous_11)
FNDA:5,(anonymous_12)
DA:1,1
DA:8,1
DA:11,1
DA:13,1
DA:14,1
DA:17,1
DA:21,1
DA:22,1
DA:23,1
DA:26,30
DA:27,30
DA:28,30
DA:33,1
DA:36,32
DA:38,32
DA:41,32
DA:45,3
DA:46,0
DA:49,3
DA:52,3
DA:53,1
DA:56,2
DA:57,2
DA:59,2
DA:68,2
DA:69,1
DA:73,2
DA:75,2
DA:76,2
DA:80,16
DA:81,16
DA:85,32
DA:86,32
DA:88,32
DA:96,2
DA:105,7
DA:106,1
DA:109,1
DA:110,1
DA:114,0
DA:116,6
DA:117,1
DA:121,5
DA:124,5
DA:130,5
DA:131,5
DA:132,4
DA:133,4
DA:135,4
DA:136,4
DA:143,3
DA:145,3
DA:146,1
DA:151,2
DA:153,2
DA:155,2
DA:165,2
DA:166,1
DA:171,1
DA:186,4
DA:187,2
DA:190,2
DA:191,1
DA:196,1
DA:209,2
DA:212,2
DA:213,1
DA:216,1
DA:233,2
DA:235,2
DA:252,1
DA:267,6
DA:270,6
DA:271,1
DA:274,5
DA:280,4
DA:281,1
DA:284,1
DA:285,1
DA:292,3
DA:293,3
DA:294,1
DA:299,2
DA:304,2
DA:308,2
DA:309,2
DA:318,2
DA:319,1
DA:323,1
DA:324,1
DA:337,2
DA:345,3
DA:346,3
DA:347,1
DA:352,2
DA:355,2
DA:356,2
DA:357,2
DA:360,2
DA:372,2
DA:393,5
DA:406,5
DA:407,1
DA:410,4
DA:411,1
DA:414,1
DA:415,1
DA:417,3
DA:418,1
DA:421,1
DA:422,1
DA:424,2
DA:425,1
DA:429,1
DA:435,1
LF:115
LH:113
BRDA:45,0,0,0
BRDA:45,0,1,3
BRDA:45,1,0,3
BRDA:45,1,1,3
BRDA:52,2,0,1
BRDA:52,2,1,2
BRDA:105,3,0,1
BRDA:105,3,1,6
BRDA:109,4,0,1
BRDA:109,4,1,0
BRDA:116,5,0,1
BRDA:116,5,1,5
BRDA:130,6,0,0
BRDA:130,6,1,5
BRDA:131,7,0,1
BRDA:131,7,1,4
BRDA:132,8,0,0
BRDA:132,8,1,4
BRDA:133,9,0,0
BRDA:133,9,1,4
BRDA:135,10,0,4
BRDA:135,10,1,0
BRDA:145,11,0,1
BRDA:145,11,1,2
BRDA:165,12,0,1
BRDA:165,12,1,1
BRDA:178,13,0,1
BRDA:178,13,1,1
BRDA:186,14,0,2
BRDA:186,14,1,2
BRDA:190,15,0,1
BRDA:190,15,1,1
BRDA:212,16,0,1
BRDA:212,16,1,1
BRDA:238,17,0,1
BRDA:238,17,1,1
BRDA:239,18,0,1
BRDA:239,18,1,0
BRDA:270,19,0,1
BRDA:270,19,1,5
BRDA:280,20,0,1
BRDA:280,20,1,3
BRDA:284,21,0,1
BRDA:284,21,1,0
BRDA:284,22,0,1
BRDA:284,22,1,1
BRDA:292,23,0,3
BRDA:292,23,1,0
BRDA:293,24,0,1
BRDA:293,24,1,2
BRDA:308,25,0,2
BRDA:308,25,1,0
BRDA:318,26,0,1
BRDA:318,26,1,1
BRDA:323,27,0,1
BRDA:323,27,1,0
BRDA:346,28,0,1
BRDA:346,28,1,2
BRDA:346,29,0,3
BRDA:346,29,1,2
BRDA:375,30,0,1
BRDA:375,30,1,1
BRDA:406,31,0,1
BRDA:406,31,1,4
BRDA:410,32,0,1
BRDA:410,32,1,3
BRDA:414,33,0,1
BRDA:414,33,1,0
BRDA:414,34,0,1
BRDA:414,34,1,1
BRDA:417,35,0,1
BRDA:417,35,1,2
BRDA:421,36,0,1
BRDA:421,36,1,0
BRDA:421,37,0,1
BRDA:421,37,1,1
BRDA:424,38,0,1
BRDA:424,38,1,1
BRDA:425,39,0,1
BRDA:425,39,1,0
BRDA:426,40,0,1
BRDA:426,40,1,1
BRDA:26,41,0,1
BRDA:26,41,1,0
BRDA:26,42,0,1
BRDA:26,42,1,1
BRDA:26,43,0,1
BRDA:26,43,1,0
BRDA:26,44,0,1
BRDA:26,44,1,1
BRDA:27,45,0,1
BRDA:27,45,1,0
BRDA:27,46,0,1
BRDA:27,46,1,1
BRF:94
BRH:77
end_of_record
TN:
SF:src\appointments\dto\create-appointment.dto.ts
FNF:0
FNH:0
DA:1,0
DA:2,0
DA:4,0
DA:11,0
DA:19,0
DA:27,0
DA:35,0
DA:42,0
DA:50,0
LF:9
LH:0
BRF:0
BRH:0
end_of_record
TN:
SF:src\appointments\dto\update-appointment-status.dto.ts
FNF:0
FNH:0
DA:1,0
DA:2,0
DA:3,0
DA:5,0
DA:12,0
LF:5
LH:0
BRDA:12,0,0,0
BRDA:12,0,1,0
BRDA:12,1,0,0
BRDA:12,1,1,0
BRF:4
BRH:0
end_of_record
TN:
SF:src\auth\auth.controller.ts
FN:31,(anonymous_4)
FN:38,(anonymous_5)
FN:44,(anonymous_6)
FN:65,(anonymous_7)
FN:74,(anonymous_8)
FN:80,(anonymous_9)
FN:109,(anonymous_10)
FN:121,(anonymous_11)
FN:129,(anonymous_12)
FN:137,(anonymous_13)
FN:143,(anonymous_14)
FN:149,(anonymous_15)
FNF:12
FNH:0
FNDA:0,(anonymous_4)
FNDA:0,(anonymous_5)
FNDA:0,(anonymous_6)
FNDA:0,(anonymous_7)
FNDA:0,(anonymous_8)
FNDA:0,(anonymous_9)
FNDA:0,(anonymous_10)
FNDA:0,(anonymous_11)
FNDA:0,(anonymous_12)
FNDA:0,(anonymous_13)
FNDA:0,(anonymous_14)
FNDA:0,(anonymous_15)
DA:1,0
DA:12,0
DA:13,0
DA:14,0
DA:15,0
DA:16,0
DA:17,0
DA:18,0
DA:19,0
DA:20,0
DA:21,0
DA:22,0
DA:23,0
DA:24,0
DA:25,0
DA:30,0
DA:31,0
DA:33,0
DA:34,0
DA:38,0
DA:39,0
DA:44,0
DA:48,0
DA:49,0
DA:57,0
DA:58,0
DA:65,0
DA:66,0
DA:74,0
DA:75,0
DA:80,0
DA:85,0
DA:87,0
DA:88,0
DA:91,0
DA:93,0
DA:101,0
DA:102,0
DA:109,0
DA:114,0
DA:115,0
DA:116,0
DA:121,0
DA:122,0
DA:129,0
DA:130,0
DA:137,0
DA:138,0
DA:143,0
DA:144,0
DA:149,0
DA:150,0
LF:52
LH:0
BRDA:87,0,0,0
BRDA:87,0,1,0
BRDA:38,1,0,0
BRDA:38,1,1,0
BRDA:38,2,0,0
BRDA:38,2,1,0
BRDA:45,3,0,0
BRDA:45,3,1,0
BRDA:45,4,0,0
BRDA:45,4,1,0
BRDA:82,5,0,0
BRDA:82,5,1,0
BRDA:82,6,0,0
BRDA:82,6,1,0
BRDA:121,7,0,0
BRDA:121,7,1,0
BRDA:121,8,0,0
BRDA:121,8,1,0
BRDA:129,9,0,0
BRDA:129,9,1,0
BRDA:129,10,0,0
BRDA:129,10,1,0
BRDA:137,11,0,0
BRDA:137,11,1,0
BRDA:137,12,0,0
BRDA:137,12,1,0
BRDA:143,13,0,0
BRDA:143,13,1,0
BRDA:143,14,0,0
BRDA:143,14,1,0
BRDA:149,15,0,0
BRDA:149,15,1,0
BRDA:149,16,0,0
BRDA:149,16,1,0
BRDA:31,17,0,0
BRDA:31,17,1,0
BRDA:31,18,0,0
BRDA:31,18,1,0
BRF:38
BRH:0
end_of_record
TN:
SF:src\auth\auth.module.ts
FN:11,(anonymous_1)
FNF:1
FNH:0
FNDA:0,(anonymous_1)
DA:1,0
DA:2,0
DA:3,0
DA:4,0
DA:5,0
DA:6,0
DA:7,0
DA:8,0
DA:11,0
DA:16,0
LF:10
LH:0
BRF:0
BRH:0
end_of_record
TN:
SF:src\auth\auth.service.ts
FN:26,(anonymous_11)
FN:30,(anonymous_12)
FN:37,(anonymous_13)
FN:47,(anonymous_14)
FN:80,(anonymous_15)
FN:126,(anonymous_16)
FN:141,(anonymous_17)
FN:203,(anonymous_18)
FN:208,(anonymous_19)
FN:235,(anonymous_20)
FN:274,(anonymous_21)
FN:291,(anonymous_22)
FN:328,(anonymous_23)
FNF:13
FNH:9
FNDA:1,(anonymous_11)
FNDA:13,(anonymous_12)
FNDA:2,(anonymous_13)
FNDA:1,(anonymous_14)
FNDA:3,(anonymous_15)
FNDA:2,(anonymous_16)
FNDA:3,(anonymous_17)
FNDA:0,(anonymous_18)
FNDA:0,(anonymous_19)
FNDA:0,(anonymous_20)
FNDA:0,(anonymous_21)
FNDA:2,(anonymous_22)
FNDA:2,(anonymous_23)
DA:1,1
DA:6,1
DA:8,1
DA:9,1
DA:11,1
DA:12,1
DA:13,1
DA:17,1
DA:20,1
DA:23,1
DA:24,13
DA:25,13
DA:27,1
DA:31,13
DA:32,13
DA:33,13
DA:34,13
DA:38,2
DA:41,2
DA:42,1
DA:45,1
DA:46,1
DA:48,1
DA:59,1
DA:65,1
DA:66,1
DA:70,1
DA:71,1
DA:72,1
DA:77,1
DA:81,3
DA:85,3
DA:86,1
DA:89,2
DA:91,2
DA:92,1
DA:95,1
DA:102,1
DA:107,1
DA:115,1
DA:117,1
DA:123,1
DA:127,2
DA:130,2
DA:131,1
DA:133,1
DA:135,1
DA:149,3
DA:150,3
DA:154,1
DA:157,2
DA:158,2
DA:160,2
DA:161,1
DA:162,1
DA:167,1
DA:170,1
DA:171,0
DA:174,1
DA:181,1
DA:186,1
DA:194,1
DA:200,1
DA:204,0
DA:205,0
DA:209,0
DA:215,0
DA:216,0
DA:219,0
DA:220,0
DA:222,0
DA:223,0
DA:226,0
DA:227,0
DA:232,0
DA:236,0
DA:237,0
DA:238,0
DA:241,0
DA:243,0
DA:245,0
DA:248,0
DA:249,0
DA:251,0
DA:252,0
DA:258,0
DA:259,0
DA:264,0
DA:265,0
DA:267,0
DA:271,0
DA:275,0
DA:276,0
DA:278,0
DA:279,0
DA:282,0
DA:283,0
DA:288,0
DA:292,2
DA:299,2
DA:303,2
DA:304,1
DA:310,1
DA:312,1
DA:318,1
DA:320,1
DA:325,1
DA:329,2
DA:330,2
DA:332,2
DA:333,1
DA:336,1
DA:338,1
DA:343,1
DA:348,1
DA:350,1
LF:116
LH:80
BRDA:41,0,0,1
BRDA:41,0,1,1
BRDA:85,1,0,1
BRDA:85,1,1,2
BRDA:91,2,0,1
BRDA:91,2,1,1
BRDA:130,3,0,1
BRDA:130,3,1,1
BRDA:160,4,0,1
BRDA:160,4,1,1
BRDA:160,5,0,2
BRDA:160,5,1,2
BRDA:170,6,0,0
BRDA:170,6,1,1
BRDA:215,7,0,0
BRDA:215,7,1,0
BRDA:222,8,0,0
BRDA:222,8,1,0
BRDA:222,9,0,0
BRDA:222,9,1,0
BRDA:237,10,0,0
BRDA:237,10,1,0
BRDA:243,11,0,0
BRDA:243,11,1,0
BRDA:248,12,0,0
BRDA:248,12,1,0
BRDA:248,13,0,0
BRDA:248,13,1,0
BRDA:258,14,0,0
BRDA:258,14,1,0
BRDA:278,15,0,0
BRDA:278,15,1,0
BRDA:278,16,0,0
BRDA:278,16,1,0
BRDA:303,17,0,1
BRDA:303,17,1,1
BRDA:332,18,0,1
BRDA:332,18,1,1
BRDA:31,19,0,1
BRDA:31,19,1,0
BRDA:31,20,0,1
BRDA:31,20,1,1
BRDA:31,21,0,1
BRDA:31,21,1,0
BRDA:31,22,0,1
BRDA:31,22,1,1
BRDA:32,23,0,1
BRDA:32,23,1,0
BRDA:32,24,0,1
BRDA:32,24,1,1
BRDA:33,25,0,1
BRDA:33,25,1,0
BRDA:33,26,0,1
BRDA:33,26,1,1
BRF:54
BRH:29
end_of_record
TN:
SF:src\auth\constants\permissions.ts
FN:72,getPermissionsForRole
FNF:1
FNH:1
FNDA:1,getPermissionsForRole
DA:7,1
DA:72,1
DA:73,1
LF:3
LH:3
BRDA:73,0,0,1
BRDA:73,0,1,0
BRF:2
BRH:1
end_of_record
TN:
SF:src\auth\decorators\roles.decorator.ts
FN:5,(anonymous_0)
FNF:1
FNH:0
FNDA:0,(anonymous_0)
DA:1,0
DA:4,0
DA:5,0
LF:3
LH:0
BRF:0
BRH:0
end_of_record
TN:
SF:src\auth\dto\forgot-password.dto.ts
FNF:0
FNH:0
DA:1,0
DA:2,0
DA:4,0
DA:7,0
LF:4
LH:0
BRF:0
BRH:0
end_of_record
TN:
SF:src\auth\dto\login.dto.ts
FNF:0
FNH:0
DA:1,0
DA:2,0
DA:4,0
DA:7,0
DA:11,0
LF:5
LH:0
BRF:0
BRH:0
end_of_record
TN:
SF:src\auth\dto\refresh-token.dto.ts
FNF:0
FNH:0
DA:1,0
DA:2,0
DA:4,0
DA:8,0
LF:4
LH:0
BRF:0
BRH:0
end_of_record
TN:
SF:src\auth\dto\register.dto.ts
FNF:0
FNH:0
DA:1,0
DA:10,0
DA:12,0
DA:15,0
DA:20,0
DA:24,0
DA:29,0
DA:34,0
DA:39,0
LF:9
LH:0
BRF:0
BRH:0
end_of_record
TN:
SF:src\auth\dto\reset-password.dto.ts
FNF:0
FNH:0
DA:1,0
DA:2,0
DA:4,0
DA:7,0
DA:12,0
LF:5
LH:0
BRF:0
BRH:0
end_of_record
TN:
SF:src\auth\dto\send-phone-otp.dto.ts
FNF:0
FNH:0
DA:1,0
DA:2,0
DA:4,0
DA:8,0
LF:4
LH:0
BRF:0
BRH:0
end_of_record
TN:
SF:src\auth\dto\verify-email.dto.ts
FNF:0
FNH:0
DA:1,0
DA:2,0
DA:4,0
DA:7,0
DA:12,0
LF:5
LH:0
BRF:0
BRH:0
end_of_record
TN:
SF:src\auth\dto\verify-phone.dto.ts
FNF:0
FNH:0
DA:1,0
DA:2,0
DA:4,0
DA:8,0
LF:4
LH:0
BRF:0
BRH:0
end_of_record
TN:
SF:src\auth\guards\jwt-auth.guard.ts
FN:6,(anonymous_2)
FN:7,(anonymous_3)
FN:24,(anonymous_4)
FNF:3
FNH:0
FNDA:0,(anonymous_2)
FNDA:0,(anonymous_3)
FNDA:0,(anonymous_4)
DA:1,0
DA:2,0
DA:5,0
DA:6,0
DA:8,0
DA:9,0
DA:10,0
DA:11,0
DA:13,0
DA:14,0
DA:17,0
DA:20,0
DA:22,0
DA:25,0
DA:26,0
DA:28,0
DA:29,0
LF:17
LH:0
BRDA:10,0,0,0
BRDA:10,0,1,0
BRDA:26,1,0,0
BRDA:26,1,1,0
BRDA:29,2,0,0
BRDA:29,2,1,0
BRDA:6,3,0,0
BRDA:6,3,1,0
BRDA:6,4,0,0
BRDA:6,4,1,0
BRF:10
BRH:0
end_of_record
TN:
SF:src\auth\guards\roles.guard.ts
FN:8,(anonymous_2)
FN:10,(anonymous_3)
FNF:2
FNH:0
FNDA:0,(anonymous_2)
FNDA:0,(anonymous_3)
DA:1,0
DA:2,0
DA:3,0
DA:7,0
DA:8,0
DA:11,0
DA:16,0
DA:17,0
DA:20,0
DA:21,0
DA:23,0
DA:24,0
DA:27,0
LF:13
LH:0
BRDA:16,0,0,0
BRDA:16,0,1,0
BRDA:23,1,0,0
BRDA:23,1,1,0
BRDA:23,2,0,0
BRDA:23,2,1,0
BRDA:8,3,0,0
BRDA:8,3,1,0
BRDA:8,4,0,0
BRDA:8,4,1,0
BRF:10
BRH:0
end_of_record
TN:
SF:src\common\filters\http-exception.filter.ts
FN:12,(anonymous_1)
FN:36,(anonymous_2)
FNF:2
FNH:0
FNDA:0,(anonymous_1)
FNDA:0,(anonymous_2)
DA:1,0
DA:11,0
DA:13,0
DA:14,0
DA:15,0
DA:17,0
DA:23,0
DA:27,0
DA:37,0
DA:39,0
DA:41,0
DA:43,0
DA:45,0
DA:47,0
DA:49,0
LF:15
LH:0
BRDA:23,0,0,0
BRDA:23,0,1,0
BRDA:25,1,0,0
BRDA:25,1,1,0
BRDA:37,2,0,0
BRDA:37,2,1,0
BRDA:37,2,2,0
BRDA:37,2,3,0
BRDA:37,2,4,0
BRDA:37,2,5,0
BRF:10
BRH:0
end_of_record
TN:
SF:src\common\interceptors\audit-log.interceptor.ts
FN:27,(anonymous_2)
FN:29,(anonymous_3)
FN:37,(anonymous_4)
FN:40,(anonymous_5)
FN:47,(anonymous_6)
FN:76,(anonymous_7)
FNF:6
FNH:0
FNDA:0,(anonymous_2)
FNDA:0,(anonymous_3)
FNDA:0,(anonymous_4)
FNDA:0,(anonymous_5)
FNDA:0,(anonymous_6)
FNDA:0,(anonymous_7)
DA:1,0
DA:8,0
DA:9,0
DA:12,0
DA:15,0
DA:26,0
DA:27,0
DA:30,0
DA:32,0
DA:33,0
DA:36,0
DA:40,0
DA:41,0
DA:48,0
DA:50,0
DA:55,0
DA:56,0
DA:60,0
DA:62,0
DA:64,0
DA:77,0
DA:78,0
DA:79,0
DA:80,0
DA:82,0
LF:25
LH:0
BRDA:32,0,0,0
BRDA:32,0,1,0
BRDA:50,1,0,0
BRDA:50,1,1,0
BRDA:50,1,2,0
BRDA:55,2,0,0
BRDA:55,2,1,0
BRDA:56,3,0,0
BRDA:56,3,1,0
BRDA:60,4,0,0
BRDA:60,4,1,0
BRDA:60,4,2,0
BRDA:66,5,0,0
BRDA:66,5,1,0
BRDA:69,6,0,0
BRDA:69,6,1,0
BRDA:77,7,0,0
BRDA:77,7,1,0
BRDA:77,8,0,0
BRDA:77,8,1,0
BRDA:80,9,0,0
BRDA:80,9,1,0
BRDA:27,10,0,0
BRDA:27,10,1,0
BRDA:27,11,0,0
BRDA:27,11,1,0
BRF:26
BRH:0
end_of_record
TN:
SF:src\common\interceptors\response.interceptor.ts
FN:18,(anonymous_1)
FN:23,(anonymous_2)
FNF:2
FNH:0
FNDA:0,(anonymous_1)
FNDA:0,(anonymous_2)
DA:1,0
DA:8,0
DA:17,0
DA:22,0
DA:23,0
LF:5
LH:0
BRF:0
BRH:0
end_of_record
TN:
SF:src\common\logger\log-sanitizer.ts
FN:27,isPlainObject
FN:31,isSensitiveKey
FN:35,sanitizeValue
FN:37,(anonymous_3)
FN:58,sanitizeArg
FN:70,patchConsoleForSensitiveData
FN:74,(anonymous_6)
FN:76,(anonymous_7)
FNF:8
FNH:0
FNDA:0,isPlainObject
FNDA:0,isSensitiveKey
FNDA:0,sanitizeValue
FNDA:0,(anonymous_3)
FNDA:0,sanitizeArg
FNDA:0,patchConsoleForSensitiveData
FNDA:0,(anonymous_6)
FNDA:0,(anonymous_7)
DA:7,0
DA:21,0
DA:25,0
DA:28,0
DA:32,0
DA:36,0
DA:37,0
DA:40,0
DA:41,0
DA:42,0
DA:44,0
DA:45,0
DA:46,0
DA:48,0
DA:51,0
DA:52,0
DA:55,0
DA:59,0
DA:60,0
DA:62,0
DA:63,0
DA:65,0
DA:68,0
DA:70,0
DA:71,0
DA:72,0
DA:74,0
DA:75,0
DA:76,0
DA:77,0
LF:30
LH:0
BRDA:28,0,0,0
BRDA:28,0,1,0
BRDA:28,0,2,0
BRDA:35,1,0,0
BRDA:36,2,0,0
BRDA:36,2,1,0
BRDA:40,3,0,0
BRDA:40,3,1,0
BRDA:41,4,0,0
BRDA:41,4,1,0
BRDA:46,5,0,0
BRDA:46,5,1,0
BRDA:51,6,0,0
BRDA:51,6,1,0
BRDA:59,7,0,0
BRDA:59,7,1,0
BRDA:62,8,0,0
BRDA:62,8,1,0
BRDA:62,9,0,0
BRDA:62,9,1,0
BRDA:71,10,0,0
BRDA:71,10,1,0
BRF:22
BRH:0
end_of_record
TN:
SF:src\common\utils\tenancy.util.ts
FN:4,assertSameHospital
FNF:1
FNH:1
FNDA:23,assertSameHospital
DA:1,3
DA:4,3
DA:9,23
DA:10,21
DA:11,5
LF:5
LH:5
BRDA:9,0,0,2
BRDA:9,0,1,21
BRDA:10,1,0,5
BRDA:10,1,1,16
BRF:4
BRH:4
end_of_record
TN:
SF:src\departments\departments.controller.ts
FN:13,(anonymous_4)
FN:19,(anonymous_5)
FN:26,(anonymous_6)
FNF:3
FNH:0
FNDA:0,(anonymous_4)
FNDA:0,(anonymous_5)
FNDA:0,(anonymous_6)
DA:1,0
DA:2,0
DA:3,0
DA:4,0
DA:5,0
DA:6,0
DA:7,0
DA:12,0
DA:13,0
DA:19,0
DA:20,0
DA:26,0
DA:30,0
DA:31,0
LF:14
LH:0
BRDA:30,0,0,0
BRDA:30,0,1,0
BRDA:19,1,0,0
BRDA:19,1,1,0
BRDA:19,2,0,0
BRDA:19,2,1,0
BRDA:13,3,0,0
BRDA:13,3,1,0
BRDA:13,4,0,0
BRDA:13,4,1,0
BRF:10
BRH:0
end_of_record
TN:
SF:src\departments\departments.module.ts
FNF:0
FNH:0
DA:1,0
DA:2,0
DA:3,0
DA:4,0
DA:5,0
DA:13,0
LF:6
LH:0
BRF:0
BRH:0
end_of_record
TN:
SF:src\departments\departments.service.ts
FN:7,(anonymous_2)
FN:9,(anonymous_3)
FN:44,(anonymous_4)
FNF:3
FNH:0
FNDA:0,(anonymous_2)
FNDA:0,(anonymous_3)
FNDA:0,(anonymous_4)
DA:1,0
DA:2,0
DA:6,0
DA:7,0
DA:16,0
DA:18,0
DA:19,0
DA:24,0
DA:28,0
DA:32,0
DA:33,0
DA:36,0
DA:45,0
DA:48,0
DA:49,0
DA:52,0
LF:16
LH:0
BRDA:18,0,0,0
BRDA:18,0,1,0
BRDA:18,1,0,0
BRDA:18,1,1,0
BRDA:24,2,0,0
BRDA:24,2,1,0
BRDA:32,3,0,0
BRDA:32,3,1,0
BRDA:48,4,0,0
BRDA:48,4,1,0
BRDA:7,5,0,0
BRDA:7,5,1,0
BRDA:7,6,0,0
BRDA:7,6,1,0
BRF:14
BRH:0
end_of_record
TN:
SF:src\departments\dto\create-department.dto.ts
FNF:0
FNH:0
DA:1,0
DA:2,0
DA:4,0
DA:13,0
DA:21,0
LF:5
LH:0
BRF:0
BRH:0
end_of_record
TN:
SF:src\doctors\doctors.controller.ts
FN:13,(anonymous_4)
FN:19,(anonymous_5)
FN:28,(anonymous_6)
FNF:3
FNH:0
FNDA:0,(anonymous_4)
FNDA:0,(anonymous_5)
FNDA:0,(anonymous_6)
DA:1,0
DA:2,0
DA:3,0
DA:4,0
DA:5,0
DA:6,0
DA:7,0
DA:12,0
DA:13,0
DA:19,0
DA:20,0
DA:28,0
DA:33,0
LF:13
LH:0
BRDA:19,0,0,0
BRDA:19,0,1,0
BRDA:19,1,0,0
BRDA:19,1,1,0
BRDA:13,2,0,0
BRDA:13,2,1,0
BRDA:13,3,0,0
BRDA:13,3,1,0
BRF:8
BRH:0
end_of_record
TN:
SF:src\doctors\doctors.module.ts
FNF:0
FNH:0
DA:1,0
DA:2,0
DA:3,0
DA:4,0
DA:5,0
DA:12,0
LF:6
LH:0
BRF:0
BRH:0
end_of_record
TN:
SF:src\doctors\doctors.service.ts
FN:12,(anonymous_11)
FN:14,(anonymous_12)
FN:61,(anonymous_13)
FN:94,(anonymous_14)
FNF:4
FNH:0
FNDA:0,(anonymous_11)
FNDA:0,(anonymous_12)
FNDA:0,(anonymous_13)
FNDA:0,(anonymous_14)
DA:1,0
DA:6,0
DA:8,0
DA:11,0
DA:12,0
DA:19,0
DA:21,0
DA:22,0
DA:30,0
DA:34,0
DA:39,0
DA:40,0
DA:43,0
DA:48,0
DA:49,0
DA:54,0
DA:55,0
DA:60,0
DA:62,0
DA:64,0
DA:75,0
DA:85,0
DA:100,0
DA:102,0
DA:103,0
DA:110,0
DA:114,0
LF:27
LH:0
BRDA:19,0,0,0
BRDA:19,0,1,0
BRDA:21,1,0,0
BRDA:21,1,1,0
BRDA:21,2,0,0
BRDA:21,2,1,0
BRDA:30,3,0,0
BRDA:30,3,1,0
BRDA:39,4,0,0
BRDA:39,4,1,0
BRDA:48,5,0,0
BRDA:48,5,1,0
BRDA:54,6,0,0
BRDA:54,6,1,0
BRDA:81,7,0,0
BRDA:81,7,1,0
BRDA:100,8,0,0
BRDA:100,8,1,0
BRDA:102,9,0,0
BRDA:102,9,1,0
BRDA:102,10,0,0
BRDA:102,10,1,0
BRDA:110,11,0,0
BRDA:110,11,1,0
BRDA:116,12,0,0
BRDA:116,12,1,0
BRDA:119,13,0,0
BRDA:119,13,1,0
BRDA:12,14,0,0
BRDA:12,14,1,0
BRDA:12,15,0,0
BRDA:12,15,1,0
BRF:32
BRH:0
end_of_record
TN:
SF:src\doctors\dto\create-doctor.dto.ts
FNF:0
FNH:0
DA:1,0
DA:2,0
DA:12,0
DA:18,0
DA:26,0
DA:34,0
DA:42,0
DA:50,0
DA:58,0
DA:66,0
DA:74,0
DA:83,0
LF:12
LH:0
BRF:0
BRH:0
end_of_record
TN:
SF:src\hospitals\hospitals.controller.ts
FN:14,(anonymous_4)
FN:20,(anonymous_5)
FN:27,(anonymous_6)
FN:35,(anonymous_7)
FN:43,(anonymous_8)
FN:54,(anonymous_9)
FNF:6
FNH:0
FNDA:0,(anonymous_4)
FNDA:0,(anonymous_5)
FNDA:0,(anonymous_6)
FNDA:0,(anonymous_7)
FNDA:0,(anonymous_8)
FNDA:0,(anonymous_9)
DA:1,0
DA:2,0
DA:3,0
DA:4,0
DA:5,0
DA:6,0
DA:7,0
DA:8,0
DA:13,0
DA:14,0
DA:20,0
DA:21,0
DA:27,0
DA:28,0
DA:35,0
DA:36,0
DA:43,0
DA:44,0
DA:45,0
DA:47,0
DA:54,0
DA:55,0
LF:22
LH:0
BRDA:44,0,0,0
BRDA:44,0,1,0
BRDA:20,1,0,0
BRDA:20,1,1,0
BRDA:20,2,0,0
BRDA:20,2,1,0
BRDA:54,3,0,0
BRDA:54,3,1,0
BRDA:54,4,0,0
BRDA:54,4,1,0
BRDA:14,5,0,0
BRDA:14,5,1,0
BRDA:14,6,0,0
BRDA:14,6,1,0
BRF:14
BRH:0
end_of_record
TN:
SF:src\hospitals\hospitals.module.ts
FNF:0
FNH:0
DA:1,0
DA:2,0
DA:3,0
DA:4,0
DA:5,0
DA:6,0
DA:13,0
LF:7
LH:0
BRF:0
BRH:0
end_of_record
TN:
SF:src\hospitals\hospitals.service.ts
FN:15,(anonymous_2)
FN:17,(anonymous_3)
FN:34,(anonymous_4)
FN:48,(anonymous_5)
FN:63,(anonymous_6)
FN:82,(anonymous_7)
FN:119,(anonymous_8)
FN:123,(anonymous_9)
FN:129,(anonymous_10)
FN:131,(anonymous_11)
FN:134,(anonymous_12)
FN:161,(anonymous_13)
FN:181,(anonymous_14)
FN:187,(anonymous_15)
FNF:14
FNH:0
FNDA:0,(anonymous_2)
FNDA:0,(anonymous_3)
FNDA:0,(anonymous_4)
FNDA:0,(anonymous_5)
FNDA:0,(anonymous_6)
FNDA:0,(anonymous_7)
FNDA:0,(anonymous_8)
FNDA:0,(anonymous_9)
FNDA:0,(anonymous_10)
FNDA:0,(anonymous_11)
FNDA:0,(anonymous_12)
FNDA:0,(anonymous_13)
FNDA:0,(anonymous_14)
FNDA:0,(anonymous_15)
DA:1,0
DA:6,0
DA:11,0
DA:14,0
DA:15,0
DA:18,0
DA:22,0
DA:23,0
DA:26,0
DA:35,0
DA:39,0
DA:40,0
DA:42,0
DA:53,0
DA:54,0
DA:64,0
DA:65,0
DA:68,0
DA:79,0
DA:83,0
DA:87,0
DA:95,0
DA:119,0
DA:121,0
DA:123,0
DA:128,0
DA:129,0
DA:131,0
DA:134,0
DA:137,0
DA:138,0
DA:139,0
DA:140,0
DA:141,0
DA:144,0
DA:145,0
DA:148,0
DA:151,0
DA:163,0
DA:176,0
DA:181,0
DA:182,0
DA:185,0
DA:187,0
LF:44
LH:0
BRDA:22,0,0,0
BRDA:22,0,1,0
BRDA:39,1,0,0
BRDA:39,1,1,0
BRDA:55,2,0,0
BRDA:55,2,1,0
BRDA:121,3,0,0
BRDA:121,3,1,0
BRDA:193,4,0,0
BRDA:193,4,1,0
BRDA:15,5,0,0
BRDA:15,5,1,0
BRDA:15,6,0,0
BRDA:15,6,1,0
BRF:14
BRH:0
end_of_record
TN:
SF:src\hospitals\dto\create-hospital.dto.ts
FNF:0
FNH:0
DA:1,0
DA:2,0
DA:4,0
DA:13,0
DA:21,0
LF:5
LH:0
BRF:0
BRH:0
end_of_record
TN:
SF:src\hospitals\dto\update-status.dto.ts
FN:4,(anonymous_2)
FNF:1
FNH:0
FNDA:0,(anonymous_2)
DA:1,0
DA:2,0
DA:4,0
DA:5,0
DA:6,0
DA:9,0
DA:16,0
LF:7
LH:0
BRDA:4,0,0,0
BRDA:4,0,1,0
BRF:2
BRH:0
end_of_record
TN:
SF:src\invoices\invoices.controller.ts
FN:23,(anonymous_4)
FN:29,(anonymous_5)
FN:37,(anonymous_6)
FN:51,(anonymous_7)
FN:61,(anonymous_8)
FN:69,(anonymous_9)
FN:76,(anonymous_10)
FN:84,(anonymous_11)
FN:95,(anonymous_12)
FNF:9
FNH:0
FNDA:0,(anonymous_4)
FNDA:0,(anonymous_5)
FNDA:0,(anonymous_6)
FNDA:0,(anonymous_7)
FNDA:0,(anonymous_8)
FNDA:0,(anonymous_9)
FNDA:0,(anonymous_10)
FNDA:0,(anonymous_11)
FNDA:0,(anonymous_12)
DA:1,0
DA:11,0
DA:12,0
DA:13,0
DA:14,0
DA:15,0
DA:16,0
DA:17,0
DA:22,0
DA:23,0
DA:29,0
DA:30,0
DA:37,0
DA:42,0
DA:51,0
DA:52,0
DA:61,0
DA:62,0
DA:69,0
DA:70,0
DA:76,0
DA:77,0
DA:84,0
DA:85,0
DA:95,0
DA:99,0
LF:26
LH:0
BRDA:29,0,0,0
BRDA:29,0,1,0
BRDA:29,1,0,0
BRDA:29,1,1,0
BRDA:39,2,0,0
BRDA:39,2,1,0
BRDA:39,3,0,0
BRDA:39,3,1,0
BRDA:23,4,0,0
BRDA:23,4,1,0
BRDA:23,5,0,0
BRDA:23,5,1,0
BRF:12
BRH:0
end_of_record
TN:
SF:src\invoices\invoices.module.ts
FNF:0
FNH:0
DA:1,0
DA:2,0
DA:3,0
DA:4,0
DA:5,0
DA:12,0
LF:6
LH:0
BRF:0
BRH:0
end_of_record
TN:
SF:src\invoices\invoices.service.ts
FN:15,(anonymous_2)
FN:17,(anonymous_3)
FN:52,(anonymous_4)
FN:76,(anonymous_5)
FN:87,(anonymous_6)
FN:97,(anonymous_7)
FN:125,(anonymous_8)
FN:154,(anonymous_9)
FN:186,(anonymous_10)
FN:212,(anonymous_11)
FN:298,(anonymous_12)
FNF:11
FNH:11
FNDA:23,(anonymous_2)
FNDA:4,(anonymous_3)
FNDA:3,(anonymous_4)
FNDA:1,(anonymous_5)
FNDA:2,(anonymous_6)
FNDA:2,(anonymous_7)
FNDA:2,(anonymous_8)
FNDA:5,(anonymous_9)
FNDA:3,(anonymous_10)
FNDA:2,(anonymous_11)
FNDA:2,(anonymous_12)
DA:1,1
DA:7,1
DA:11,1
DA:14,1
DA:15,23
DA:21,4
DA:24,4
DA:25,1
DA:28,3
DA:34,2
DA:37,2
DA:38,1
DA:43,1
DA:57,3
DA:60,3
DA:61,1
DA:64,2
DA:70,2
DA:71,1
DA:76,1
DA:77,1
DA:86,1
DA:87,2
DA:89,1
DA:101,2
DA:104,2
DA:105,0
DA:108,2
DA:114,2
DA:115,1
DA:119,1
DA:129,2
DA:132,2
DA:133,0
DA:136,2
DA:142,2
DA:143,1
DA:148,1
DA:158,5
DA:162,5
DA:163,1
DA:166,4
DA:167,2
DA:170,2
DA:171,1
DA:176,2
DA:183,2
DA:191,3
DA:192,3
DA:193,1
DA:198,2
DA:216,2
DA:245,2
DA:246,1
DA:249,1
DA:259,1
DA:262,1
DA:270,1
DA:271,1
DA:272,1
DA:282,1
DA:284,1
DA:285,2
DA:286,1
DA:295,1
DA:299,2
DA:302,2
DA:303,1
DA:305,1
LF:69
LH:67
BRDA:24,0,0,1
BRDA:24,0,1,3
BRDA:37,1,0,1
BRDA:37,1,1,1
BRDA:60,2,0,1
BRDA:60,2,1,2
BRDA:70,3,0,1
BRDA:70,3,1,1
BRDA:104,4,0,0
BRDA:104,4,1,2
BRDA:114,5,0,1
BRDA:114,5,1,1
BRDA:132,6,0,0
BRDA:132,6,1,2
BRDA:142,7,0,1
BRDA:142,7,1,1
BRDA:162,8,0,1
BRDA:162,8,1,4
BRDA:166,9,0,2
BRDA:166,9,1,2
BRDA:170,10,0,1
BRDA:170,10,1,1
BRDA:170,11,0,2
BRDA:170,11,1,2
BRDA:192,12,0,1
BRDA:192,12,1,2
BRDA:192,13,0,3
BRDA:192,13,1,2
BRDA:201,14,0,1
BRDA:201,14,1,1
BRDA:245,15,0,1
BRDA:245,15,1,1
BRDA:264,16,0,1
BRDA:264,16,1,0
BRDA:270,17,0,1
BRDA:270,17,1,0
BRDA:282,18,0,1
BRDA:282,18,1,0
BRDA:302,19,0,1
BRDA:302,19,1,1
BRDA:15,20,0,1
BRDA:15,20,1,0
BRDA:15,21,0,1
BRDA:15,21,1,1
BRF:44
BRH:38
end_of_record
TN:
SF:src\invoices\dto\add-invoice-item.dto.ts
FNF:0
FNH:0
DA:1,0
DA:2,0
DA:3,0
DA:5,0
DA:7,0
DA:10,0
DA:13,0
LF:7
LH:0
BRDA:10,0,0,0
BRDA:10,0,1,0
BRDA:10,1,0,0
BRDA:10,1,1,0
BRF:4
BRH:0
end_of_record
TN:
SF:src\invoices\dto\create-invoice.dto.ts
FNF:0
FNH:0
DA:1,0
DA:2,0
DA:4,0
DA:6,0
LF:4
LH:0
BRF:0
BRH:0
end_of_record
TN:
SF:src\lab-orders\lab-orders.controller.ts
FN:24,(anonymous_4)
FN:30,(anonymous_5)
FN:38,(anonymous_6)
FN:46,(anonymous_7)
FN:54,(anonymous_8)
FN:62,(anonymous_9)
FN:70,(anonymous_10)
FN:82,(anonymous_11)
FN:90,(anonymous_12)
FNF:9
FNH:0
FNDA:0,(anonymous_4)
FNDA:0,(anonymous_5)
FNDA:0,(anonymous_6)
FNDA:0,(anonymous_7)
FNDA:0,(anonymous_8)
FNDA:0,(anonymous_9)
FNDA:0,(anonymous_10)
FNDA:0,(anonymous_11)
FNDA:0,(anonymous_12)
DA:1,0
DA:11,0
DA:12,0
DA:13,0
DA:14,0
DA:15,0
DA:16,0
DA:17,0
DA:18,0
DA:23,0
DA:24,0
DA:30,0
DA:31,0
DA:38,0
DA:39,0
DA:46,0
DA:47,0
DA:54,0
DA:55,0
DA:62,0
DA:63,0
DA:70,0
DA:75,0
DA:82,0
DA:83,0
DA:90,0
DA:94,0
LF:27
LH:0
BRDA:30,0,0,0
BRDA:30,0,1,0
BRDA:30,1,0,0
BRDA:30,1,1,0
BRDA:46,2,0,0
BRDA:46,2,1,0
BRDA:46,3,0,0
BRDA:46,3,1,0
BRDA:72,4,0,0
BRDA:72,4,1,0
BRDA:72,5,0,0
BRDA:72,5,1,0
BRDA:24,6,0,0
BRDA:24,6,1,0
BRDA:24,7,0,0
BRDA:24,7,1,0
BRF:16
BRH:0
end_of_record
TN:
SF:src\lab-orders\lab-orders.module.ts
FNF:0
FNH:0
DA:1,0
DA:2,0
DA:3,0
DA:4,0
DA:5,0
DA:12,0
LF:6
LH:0
BRF:0
BRH:0
end_of_record
TN:
SF:src\lab-orders\lab-orders.service.ts
FN:16,(anonymous_2)
FN:18,(anonymous_3)
FN:45,(anonymous_4)
FN:52,(anonymous_5)
FN:53,(anonymous_6)
FN:73,(anonymous_7)
FN:80,(anonymous_8)
FN:86,(anonymous_9)
FN:101,(anonymous_10)
FN:130,(anonymous_11)
FN:158,(anonymous_12)
FN:160,(anonymous_13)
FN:161,(anonymous_14)
FN:169,(anonymous_15)
FN:172,(anonymous_16)
FN:199,(anonymous_17)
FN:228,(anonymous_18)
FN:264,(anonymous_19)
FN:270,(anonymous_20)
FN:282,(anonymous_21)
FN:301,(anonymous_22)
FN:325,(anonymous_23)
FN:329,(anonymous_24)
FN:342,(anonymous_25)
FNF:24
FNH:0
FNDA:0,(anonymous_2)
FNDA:0,(anonymous_3)
FNDA:0,(anonymous_4)
FNDA:0,(anonymous_5)
FNDA:0,(anonymous_6)
FNDA:0,(anonymous_7)
FNDA:0,(anonymous_8)
FNDA:0,(anonymous_9)
FNDA:0,(anonymous_10)
FNDA:0,(anonymous_11)
FNDA:0,(anonymous_12)
FNDA:0,(anonymous_13)
FNDA:0,(anonymous_14)
FNDA:0,(anonymous_15)
FNDA:0,(anonymous_16)
FNDA:0,(anonymous_17)
FNDA:0,(anonymous_18)
FNDA:0,(anonymous_19)
FNDA:0,(anonymous_20)
FNDA:0,(anonymous_21)
FNDA:0,(anonymous_22)
FNDA:0,(anonymous_23)
FNDA:0,(anonymous_24)
FNDA:0,(anonymous_25)
DA:1,0
DA:7,0
DA:11,0
DA:15,0
DA:16,0
DA:23,0
DA:26,0
DA:27,0
DA:31,0
DA:34,0
DA:35,0
DA:37,0
DA:38,0
DA:45,0
DA:46,0
DA:52,0
DA:53,0
DA:54,0
DA:55,0
DA:63,0
DA:70,0
DA:71,0
DA:73,0
DA:79,0
DA:81,0
DA:85,0
DA:86,0
DA:92,0
DA:105,0
DA:109,0
DA:110,0
DA:113,0
DA:119,0
DA:120,0
DA:124,0
DA:135,0
DA:142,0
DA:143,0
DA:146,0
DA:152,0
DA:153,0
DA:158,0
DA:159,0
DA:160,0
DA:161,0
DA:162,0
DA:163,0
DA:168,0
DA:170,0
DA:171,0
DA:172,0
DA:174,0
DA:176,0
DA:179,0
DA:185,0
DA:190,0
DA:203,0
DA:207,0
DA:208,0
DA:211,0
DA:217,0
DA:218,0
DA:222,0
DA:233,0
DA:234,0
DA:235,0
DA:240,0
DA:264,0
DA:270,0
DA:287,0
DA:288,0
DA:289,0
DA:293,0
DA:305,0
DA:309,0
DA:310,0
DA:313,0
DA:319,0
DA:325,0
DA:329,0
DA:346,0
DA:347,0
DA:353,0
DA:359,0
DA:360,0
DA:365,0
LF:86
LH:0
BRDA:26,0,0,0
BRDA:26,0,1,0
BRDA:34,1,0,0
BRDA:34,1,1,0
BRDA:37,2,0,0
BRDA:37,2,1,0
BRDA:49,3,0,0
BRDA:49,3,1,0
BRDA:54,4,0,0
BRDA:54,4,1,0
BRDA:70,5,0,0
BRDA:70,5,1,0
BRDA:109,6,0,0
BRDA:109,6,1,0
BRDA:119,7,0,0
BRDA:119,7,1,0
BRDA:142,8,0,0
BRDA:142,8,1,0
BRDA:152,9,0,0
BRDA:152,9,1,0
BRDA:162,10,0,0
BRDA:162,10,1,0
BRDA:176,11,0,0
BRDA:176,11,1,0
BRDA:176,11,2,0
BRDA:176,11,3,0
BRDA:207,12,0,0
BRDA:207,12,1,0
BRDA:217,13,0,0
BRDA:217,13,1,0
BRDA:234,14,0,0
BRDA:234,14,1,0
BRDA:234,15,0,0
BRDA:234,15,1,0
BRDA:244,16,0,0
BRDA:244,16,1,0
BRDA:269,17,0,0
BRDA:269,17,1,0
BRDA:288,18,0,0
BRDA:288,18,1,0
BRDA:288,19,0,0
BRDA:288,19,1,0
BRDA:294,20,0,0
BRDA:294,20,1,0
BRDA:309,21,0,0
BRDA:309,21,1,0
BRDA:346,22,0,0
BRDA:346,22,1,0
BRDA:359,23,0,0
BRDA:359,23,1,0
BRDA:16,24,0,0
BRDA:16,24,1,0
BRDA:16,25,0,0
BRDA:16,25,1,0
BRF:54
BRH:0
end_of_record
TN:
SF:src\lab-orders\dto\create-lab-order-item.dto.ts
FNF:0
FNH:0
DA:1,0
DA:2,0
DA:4,0
DA:11,0
LF:4
LH:0
BRF:0
BRH:0
end_of_record
TN:
SF:src\lab-orders\dto\create-lab-order.dto.ts
FN:22,(anonymous_2)
FNF:1
FNH:0
FNDA:0,(anonymous_2)
DA:1,0
DA:2,0
DA:3,0
DA:4,0
DA:6,0
DA:13,0
DA:22,0
DA:23,0
LF:8
LH:0
BRF:0
BRH:0
end_of_record
TN:
SF:src\lab-orders\dto\create-lab-test.dto.ts
FNF:0
FNH:0
DA:1,0
DA:2,0
DA:4,0
DA:11,0
DA:19,0
DA:27,0
DA:35,0
DA:44,0
LF:8
LH:0
BRF:0
BRH:0
end_of_record
TN:
SF:src\lab-orders\dto\upload-lab-result-item.dto.ts
FNF:0
FNH:0
DA:1,0
DA:2,0
DA:4,0
DA:11,0
DA:18,0
LF:5
LH:0
BRF:0
BRH:0
end_of_record
TN:
SF:src\lab-orders\dto\upload-lab-result.dto.ts
FN:14,(anonymous_2)
FNF:1
FNH:0
FNDA:0,(anonymous_2)
DA:1,0
DA:2,0
DA:3,0
DA:4,0
DA:6,0
DA:14,0
DA:15,0
LF:7
LH:0
BRF:0
BRH:0
end_of_record
TN:
SF:src\medical-records\medical-records.controller.ts
FN:21,(anonymous_4)
FN:27,(anonymous_5)
FN:38,(anonymous_6)
FN:46,(anonymous_7)
FNF:4
FNH:0
FNDA:0,(anonymous_4)
FNDA:0,(anonymous_5)
FNDA:0,(anonymous_6)
FNDA:0,(anonymous_7)
DA:1,0
DA:10,0
DA:11,0
DA:12,0
DA:13,0
DA:14,0
DA:15,0
DA:20,0
DA:21,0
DA:27,0
DA:28,0
DA:38,0
DA:39,0
DA:46,0
DA:47,0
LF:15
LH:0
BRDA:27,0,0,0
BRDA:27,0,1,0
BRDA:27,1,0,0
BRDA:27,1,1,0
BRDA:21,2,0,0
BRDA:21,2,1,0
BRDA:21,3,0,0
BRDA:21,3,1,0
BRF:8
BRH:0
end_of_record
TN:
SF:src\medical-records\medical-records.module.ts
FNF:0
FNH:0
DA:1,0
DA:2,0
DA:3,0
DA:4,0
DA:5,0
DA:12,0
LF:6
LH:0
BRF:0
BRH:0
end_of_record
TN:
SF:src\medical-records\medical-records.service.ts
FN:12,(anonymous_2)
FN:14,(anonymous_3)
FN:84,(anonymous_4)
FN:133,(anonymous_5)
FNF:4
FNH:0
FNDA:0,(anonymous_2)
FNDA:0,(anonymous_3)
FNDA:0,(anonymous_4)
FNDA:0,(anonymous_5)
DA:1,0
DA:7,0
DA:11,0
DA:12,0
DA:18,0
DA:21,0
DA:22,0
DA:25,0
DA:26,0
DA:29,0
DA:30,0
DA:34,0
DA:35,0
DA:39,0
DA:42,0
DA:46,0
DA:51,0
DA:56,0
DA:59,0
DA:60,0
DA:65,0
DA:88,0
DA:91,0
DA:92,0
DA:95,0
DA:96,0
DA:102,0
DA:104,0
DA:105,0
DA:112,0
DA:114,0
DA:137,0
DA:140,0
DA:141,0
DA:144,0
DA:145,0
DA:148,0
DA:149,0
DA:153,0
DA:154,0
DA:158,0
DA:163,0
DA:170,0
LF:43
LH:0
BRDA:21,0,0,0
BRDA:21,0,1,0
BRDA:25,1,0,0
BRDA:25,1,1,0
BRDA:29,2,0,0
BRDA:29,2,1,0
BRDA:34,3,0,0
BRDA:34,3,1,0
BRDA:39,4,0,0
BRDA:39,4,1,0
BRDA:42,5,0,0
BRDA:42,5,1,0
BRDA:43,6,0,0
BRDA:43,6,1,0
BRDA:59,7,0,0
BRDA:59,7,1,0
BRDA:91,8,0,0
BRDA:91,8,1,0
BRDA:95,9,0,0
BRDA:95,9,1,0
BRDA:95,10,0,0
BRDA:95,10,1,0
BRDA:102,11,0,0
BRDA:102,11,1,0
BRDA:104,12,0,0
BRDA:104,12,1,0
BRDA:104,13,0,0
BRDA:104,13,1,0
BRDA:117,14,0,0
BRDA:117,14,1,0
BRDA:140,15,0,0
BRDA:140,15,1,0
BRDA:144,16,0,0
BRDA:144,16,1,0
BRDA:148,17,0,0
BRDA:148,17,1,0
BRDA:148,18,0,0
BRDA:148,18,1,0
BRDA:153,19,0,0
BRDA:153,19,1,0
BRDA:154,20,0,0
BRDA:154,20,1,0
BRDA:155,21,0,0
BRDA:155,21,1,0
BRDA:12,22,0,0
BRDA:12,22,1,0
BRDA:12,23,0,0
BRDA:12,23,1,0
BRF:48
BRH:0
end_of_record
TN:
SF:src\medical-records\dto\create-medical-record.dto.ts
FNF:0
FNH:0
DA:1,0
DA:2,0
DA:4,0
DA:6,0
DA:9,0
DA:12,0
DA:15,0
DA:18,0
DA:21,0
DA:24,0
DA:27,0
DA:30,0
DA:33,0
DA:36,0
LF:14
LH:0
BRF:0
BRH:0
end_of_record
TN:
SF:src\notifications\notifications.controller.ts
FN:14,(anonymous_4)
FN:18,(anonymous_5)
FN:25,(anonymous_6)
FNF:3
FNH:0
FNDA:0,(anonymous_4)
FNDA:0,(anonymous_5)
FNDA:0,(anonymous_6)
DA:1,0
DA:2,0
DA:3,0
DA:4,0
DA:5,0
DA:6,0
DA:13,0
DA:14,0
DA:18,0
DA:19,0
DA:20,0
DA:25,0
DA:26,0
DA:27,0
LF:14
LH:0
BRDA:14,0,0,0
BRDA:14,0,1,0
BRDA:14,1,0,0
BRDA:14,1,1,0
BRF:4
BRH:0
end_of_record
TN:
SF:src\notifications\notifications.gateway.ts
FN:22,(anonymous_2)
FN:24,(anonymous_3)
FN:51,(anonymous_4)
FN:55,(anonymous_5)
FNF:4
FNH:0
FNDA:0,(anonymous_2)
FNDA:0,(anonymous_3)
FNDA:0,(anonymous_4)
FNDA:0,(anonymous_5)
DA:1,1
DA:7,1
DA:8,1
DA:9,1
DA:16,1
DA:18,1
DA:20,0
DA:22,0
DA:25,0
DA:27,0
DA:28,0
DA:29,0
DA:30,0
DA:33,0
DA:34,0
DA:38,0
DA:39,0
DA:41,0
DA:42,0
DA:44,0
DA:46,0
DA:47,0
DA:52,0
DA:56,0
LF:24
LH:6
BRDA:27,0,0,0
BRDA:27,0,1,0
BRDA:18,1,0,1
BRDA:18,1,1,0
BRDA:18,2,0,1
BRDA:18,2,1,1
BRDA:22,3,0,1
BRDA:22,3,1,0
BRDA:22,4,0,1
BRDA:22,4,1,1
BRF:10
BRH:6
end_of_record
TN:
SF:src\notifications\notifications.module.ts
FN:13,(anonymous_1)
FNF:1
FNH:0
FNDA:0,(anonymous_1)
DA:1,0
DA:2,0
DA:3,0
DA:4,0
DA:5,0
DA:6,0
DA:7,0
DA:13,0
DA:19,0
LF:9
LH:0
BRF:0
BRH:0
end_of_record
TN:
SF:src\notifications\notifications.processor.ts
FN:14,(anonymous_2)
FN:33,(anonymous_3)
FN:48,(anonymous_4)
FN:53,(anonymous_5)
FN:57,(anonymous_6)
FN:78,(anonymous_7)
FNF:6
FNH:0
FNDA:0,(anonymous_2)
FNDA:0,(anonymous_3)
FNDA:0,(anonymous_4)
FNDA:0,(anonymous_5)
FNDA:0,(anonymous_6)
FNDA:0,(anonymous_7)
DA:1,0
DA:2,0
DA:3,0
DA:4,0
DA:5,0
DA:8,0
DA:9,0
DA:15,0
DA:17,0
DA:18,0
DA:19,0
DA:21,0
DA:23,0
DA:24,0
DA:25,0
DA:26,0
DA:27,0
DA:29,0
DA:30,0
DA:34,0
DA:36,0
DA:38,0
DA:40,0
DA:42,0
DA:43,0
DA:48,0
DA:49,0
DA:53,0
DA:54,0
DA:58,0
DA:60,0
DA:67,0
DA:68,0
DA:71,0
DA:74,0
DA:75,0
DA:79,0
DA:81,0
DA:87,0
DA:88,0
DA:91,0
DA:94,0
DA:95,0
LF:43
LH:0
BRDA:18,0,0,0
BRDA:18,0,1,0
BRDA:26,1,0,0
BRDA:26,1,1,0
BRDA:26,2,0,0
BRDA:26,2,1,0
BRDA:26,2,2,0
BRDA:36,3,0,0
BRDA:36,3,1,0
BRDA:36,3,2,0
BRDA:67,4,0,0
BRDA:67,4,1,0
BRDA:87,5,0,0
BRDA:87,5,1,0
BRDA:48,6,0,0
BRDA:48,6,1,0
BRDA:48,7,0,0
BRDA:48,7,1,0
BRDA:53,8,0,0
BRDA:53,8,1,0
BRDA:53,9,0,0
BRDA:53,9,1,0
BRDA:53,10,0,0
BRDA:53,10,1,0
BRDA:53,11,0,0
BRDA:53,11,1,0
BRF:26
BRH:0
end_of_record
TN:
SF:src\notifications\notifications.service.ts
FN:7,(anonymous_4)
FN:9,(anonymous_5)
FN:13,(anonymous_6)
FNF:3
FNH:0
FNDA:0,(anonymous_4)
FNDA:0,(anonymous_5)
FNDA:0,(anonymous_6)
DA:1,3
DA:2,3
DA:3,3
DA:6,3
DA:7,0
DA:10,0
DA:14,0
LF:7
LH:4
BRDA:7,0,0,3
BRDA:7,0,1,0
BRDA:7,1,0,3
BRDA:7,1,1,3
BRF:4
BRH:3
end_of_record
TN:
SF:src\patients\patients.controller.ts
FN:12,(anonymous_4)
FN:26,(anonymous_5)
FNF:2
FNH:0
FNDA:0,(anonymous_4)
FNDA:0,(anonymous_5)
DA:1,0
DA:2,0
DA:3,0
DA:4,0
DA:5,0
DA:6,0
DA:11,0
DA:12,0
DA:26,0
DA:27,0
LF:10
LH:0
BRDA:12,0,0,0
BRDA:12,0,1,0
BRDA:12,1,0,0
BRDA:12,1,1,0
BRF:4
BRH:0
end_of_record
TN:
SF:src\patients\patients.module.ts
FNF:0
FNH:0
DA:1,0
DA:2,0
DA:3,0
DA:4,0
DA:5,0
DA:12,0
LF:6
LH:0
BRF:0
BRH:0
end_of_record
TN:
SF:src\patients\patients.service.ts
FN:6,(anonymous_2)
FN:8,(anonymous_3)
FN:30,(anonymous_4)
FNF:3
FNH:0
FNDA:0,(anonymous_2)
FNDA:0,(anonymous_3)
FNDA:0,(anonymous_4)
DA:1,0
DA:2,0
DA:5,0
DA:6,0
DA:9,0
DA:30,0
LF:6
LH:0
BRDA:14,0,0,0
BRDA:14,0,1,0
BRDA:6,1,0,0
BRDA:6,1,1,0
BRDA:6,2,0,0
BRDA:6,2,1,0
BRF:6
BRH:0
end_of_record
TN:
SF:src\payments\payments.controller.ts
FN:11,(anonymous_4)
FN:18,(anonymous_5)
FN:24,(anonymous_6)
FNF:3
FNH:0
FNDA:0,(anonymous_4)
FNDA:0,(anonymous_5)
FNDA:0,(anonymous_6)
DA:1,0
DA:2,0
DA:3,0
DA:4,0
DA:5,0
DA:6,0
DA:10,0
DA:11,0
DA:18,0
DA:19,0
DA:24,0
DA:28,0
DA:29,0
DA:31,0
LF:14
LH:0
BRDA:28,0,0,0
BRDA:28,0,1,0
BRDA:25,1,0,0
BRDA:25,1,1,0
BRDA:25,2,0,0
BRDA:25,2,1,0
BRDA:11,3,0,0
BRDA:11,3,1,0
BRDA:11,4,0,0
BRDA:11,4,1,0
BRF:10
BRH:0
end_of_record
TN:
SF:src\payments\payments.module.ts
FNF:0
FNH:0
DA:1,0
DA:2,0
DA:3,0
DA:4,0
DA:5,0
DA:6,0
DA:13,0
LF:7
LH:0
BRF:0
BRH:0
end_of_record
TN:
SF:src\payments\payments.service.ts
FN:12,(anonymous_12)
FN:24,(anonymous_13)
FN:70,(anonymous_14)
FN:76,(anonymous_15)
FNF:4
FNH:4
FNDA:11,(anonymous_12)
FNDA:5,(anonymous_13)
FNDA:6,(anonymous_14)
FNDA:6,(anonymous_15)
DA:1,1
DA:2,1
DA:3,1
DA:4,1
DA:5,1
DA:9,1
DA:13,11
DA:14,11
DA:16,11
DA:17,11
DA:18,11
DA:19,0
DA:21,11
DA:28,5
DA:31,5
DA:32,1
DA:35,4
DA:36,2
DA:39,2
DA:40,1
DA:43,2
DA:46,2
DA:48,2
DA:57,2
DA:62,2
DA:71,6
DA:72,6
DA:73,0
DA:76,12
DA:77,6
DA:82,6
DA:83,1
DA:86,5
DA:87,5
DA:89,5
DA:90,1
DA:93,4
DA:94,4
DA:95,1
DA:98,3
DA:101,3
DA:102,1
DA:105,2
DA:106,1
DA:109,1
DA:115,1
DA:116,1
DA:122,1
LF:48
LH:46
BRDA:18,0,0,0
BRDA:18,0,1,11
BRDA:18,1,0,11
BRDA:18,1,1,11
BRDA:31,2,0,1
BRDA:31,2,1,4
BRDA:35,3,0,2
BRDA:35,3,1,2
BRDA:39,4,0,1
BRDA:39,4,1,1
BRDA:39,5,0,2
BRDA:39,5,1,2
BRDA:72,6,0,0
BRDA:72,6,1,6
BRDA:82,7,0,1
BRDA:82,7,1,5
BRDA:89,8,0,1
BRDA:89,8,1,4
BRDA:94,9,0,1
BRDA:94,9,1,3
BRDA:101,10,0,1
BRDA:101,10,1,2
BRDA:105,11,0,1
BRDA:105,11,1,1
BRDA:115,12,0,1
BRDA:115,12,1,0
BRDA:13,13,0,1
BRDA:13,13,1,0
BRDA:13,14,0,1
BRDA:13,14,1,1
BRDA:13,15,0,1
BRDA:13,15,1,0
BRDA:13,16,0,1
BRDA:13,16,1,1
BRF:34
BRH:29
end_of_record
TN:
SF:src\pharmacy\pharmacy.controller.ts
FN:28,(anonymous_4)
FN:34,(anonymous_5)
FN:42,(anonymous_6)
FN:59,(anonymous_7)
FN:71,(anonymous_8)
FNF:5
FNH:0
FNDA:0,(anonymous_4)
FNDA:0,(anonymous_5)
FNDA:0,(anonymous_6)
FNDA:0,(anonymous_7)
FNDA:0,(anonymous_8)
DA:1,0
DA:10,0
DA:16,0
DA:17,0
DA:18,0
DA:19,0
DA:20,0
DA:21,0
DA:22,0
DA:27,0
DA:28,0
DA:34,0
DA:35,0
DA:42,0
DA:43,0
DA:59,0
DA:64,0
DA:71,0
DA:72,0
LF:19
LH:0
BRDA:34,0,0,0
BRDA:34,0,1,0
BRDA:34,1,0,0
BRDA:34,1,1,0
BRDA:42,2,0,0
BRDA:42,2,1,0
BRDA:42,3,0,0
BRDA:42,3,1,0
BRDA:71,4,0,0
BRDA:71,4,1,0
BRDA:71,5,0,0
BRDA:71,5,1,0
BRDA:28,6,0,0
BRDA:28,6,1,0
BRDA:28,7,0,0
BRDA:28,7,1,0
BRF:16
BRH:0
end_of_record
TN:
SF:src\pharmacy\pharmacy.module.ts
FNF:0
FNH:0
DA:1,0
DA:2,0
DA:3,0
DA:4,0
DA:5,0
DA:12,0
LF:6
LH:0
BRF:0
BRH:0
end_of_record
TN:
SF:src\pharmacy\pharmacy.service.ts
FN:16,(anonymous_2)
FN:18,(anonymous_3)
FN:60,(anonymous_4)
FN:103,(anonymous_5)
FN:135,(anonymous_6)
FN:140,(anonymous_7)
FN:161,(anonymous_8)
FNF:7
FNH:0
FNDA:0,(anonymous_2)
FNDA:0,(anonymous_3)
FNDA:0,(anonymous_4)
FNDA:0,(anonymous_5)
FNDA:0,(anonymous_6)
FNDA:0,(anonymous_7)
FNDA:0,(anonymous_8)
DA:1,0
DA:7,0
DA:11,0
DA:15,0
DA:16,0
DA:27,0
DA:29,0
DA:30,0
DA:38,0
DA:43,0
DA:46,0
DA:47,0
DA:50,0
DA:64,0
DA:67,0
DA:68,0
DA:74,0
DA:75,0
DA:79,0
DA:85,0
DA:86,0
DA:87,0
DA:90,0
DA:110,0
DA:112,0
DA:114,0
DA:115,0
DA:121,0
DA:124,0
DA:139,0
DA:141,0
DA:150,0
DA:151,0
DA:154,0
DA:160,0
DA:161,0
DA:164,0
DA:166,0
DA:167,0
DA:173,0
DA:185,0
DA:186,0
DA:187,0
DA:192,0
DA:197,0
LF:45
LH:0
BRDA:29,0,0,0
BRDA:29,0,1,0
BRDA:29,1,0,0
BRDA:29,1,1,0
BRDA:38,2,0,0
BRDA:38,2,1,0
BRDA:46,3,0,0
BRDA:46,3,1,0
BRDA:55,4,0,0
BRDA:55,4,1,0
BRDA:67,5,0,0
BRDA:67,5,1,0
BRDA:74,6,0,0
BRDA:74,6,1,0
BRDA:75,7,0,0
BRDA:75,7,1,0
BRDA:76,8,0,0
BRDA:76,8,1,0
BRDA:86,9,0,0
BRDA:86,9,1,0
BRDA:110,10,0,0
BRDA:110,10,1,0
BRDA:114,11,0,0
BRDA:114,11,1,0
BRDA:126,12,0,0
BRDA:126,12,1,0
BRDA:127,13,0,0
BRDA:127,13,1,0
BRDA:150,14,0,0
BRDA:150,14,1,0
BRDA:166,15,0,0
BRDA:166,15,1,0
BRDA:186,16,0,0
BRDA:186,16,1,0
BRDA:16,17,0,0
BRDA:16,17,1,0
BRDA:16,18,0,0
BRDA:16,18,1,0
BRF:38
BRH:0
end_of_record
TN:
SF:src\pharmacy\dto\create-medicine-batch.dto.ts
FNF:0
FNH:0
DA:1,0
DA:2,0
DA:4,0
DA:11,0
DA:19,0
DA:26,0
DA:33,0
DA:42,0
DA:51,0
DA:60,0
LF:10
LH:0
BRF:0
BRH:0
end_of_record
TN:
SF:src\pharmacy\dto\create-medicine.dto.ts
FNF:0
FNH:0
DA:1,0
DA:2,0
DA:3,0
DA:5,0
DA:12,0
DA:20,0
DA:28,0
DA:38,0
LF:8
LH:0
BRDA:20,0,0,0
BRDA:20,0,1,0
BRDA:20,1,0,0
BRDA:20,1,1,0
BRF:4
BRH:0
end_of_record
TN:
SF:src\pharmacy\dto\dispense-medicine.dto.ts
FNF:0
FNH:0
DA:1,0
DA:2,0
DA:4,0
DA:10,0
DA:18,0
LF:5
LH:0
BRF:0
BRH:0
end_of_record
TN:
SF:src\prescriptions\prescriptions.controller.ts
FN:13,(anonymous_4)
FN:19,(anonymous_5)
FN:27,(anonymous_6)
FN:35,(anonymous_7)
FNF:4
FNH:0
FNDA:0,(anonymous_4)
FNDA:0,(anonymous_5)
FNDA:0,(anonymous_6)
FNDA:0,(anonymous_7)
DA:1,0
DA:2,0
DA:3,0
DA:4,0
DA:5,0
DA:6,0
DA:7,0
DA:12,0
DA:13,0
DA:19,0
DA:20,0
DA:27,0
DA:28,0
DA:35,0
DA:36,0
LF:15
LH:0
BRDA:19,0,0,0
BRDA:19,0,1,0
BRDA:19,1,0,0
BRDA:19,1,1,0
BRDA:13,2,0,0
BRDA:13,2,1,0
BRDA:13,3,0,0
BRDA:13,3,1,0
BRF:8
BRH:0
end_of_record
TN:
SF:src\prescriptions\prescriptions.module.ts
FNF:0
FNH:0
DA:1,0
DA:2,0
DA:3,0
DA:4,0
DA:5,0
DA:12,0
LF:6
LH:0
BRF:0
BRH:0
end_of_record
TN:
SF:src\prescriptions\prescriptions.service.ts
FN:14,(anonymous_2)
FN:16,(anonymous_3)
FN:49,(anonymous_4)
FN:56,(anonymous_5)
FN:57,(anonymous_6)
FN:65,(anonymous_7)
FN:76,(anonymous_8)
FN:97,(anonymous_9)
FN:127,(anonymous_10)
FN:129,(anonymous_11)
FN:134,(anonymous_12)
FN:143,(anonymous_13)
FN:146,(anonymous_14)
FN:160,(anonymous_15)
FN:161,(anonymous_16)
FN:163,(anonymous_17)
FN:187,(anonymous_18)
FNF:17
FNH:0
FNDA:0,(anonymous_2)
FNDA:0,(anonymous_3)
FNDA:0,(anonymous_4)
FNDA:0,(anonymous_5)
FNDA:0,(anonymous_6)
FNDA:0,(anonymous_7)
FNDA:0,(anonymous_8)
FNDA:0,(anonymous_9)
FNDA:0,(anonymous_10)
FNDA:0,(anonymous_11)
FNDA:0,(anonymous_12)
FNDA:0,(anonymous_13)
FNDA:0,(anonymous_14)
FNDA:0,(anonymous_15)
FNDA:0,(anonymous_16)
FNDA:0,(anonymous_17)
FNDA:0,(anonymous_18)
DA:1,0
DA:7,0
DA:9,0
DA:13,0
DA:14,0
DA:20,0
DA:23,0
DA:24,0
DA:27,0
DA:30,0
DA:31,0
DA:34,0
DA:35,0
DA:40,0
DA:43,0
DA:44,0
DA:49,0
DA:50,0
DA:56,0
DA:57,0
DA:58,0
DA:59,0
DA:64,0
DA:66,0
DA:75,0
DA:76,0
DA:88,0
DA:102,0
DA:103,0
DA:104,0
DA:108,0
DA:112,0
DA:126,0
DA:128,0
DA:129,0
DA:132,0
DA:134,0
DA:136,0
DA:137,0
DA:142,0
DA:143,0
DA:145,0
DA:146,0
DA:149,0
DA:160,0
DA:161,0
DA:163,0
DA:164,0
DA:165,0
DA:167,0
DA:191,0
DA:195,0
DA:196,0
DA:199,0
DA:205,0
LF:55
LH:0
BRDA:23,0,0,0
BRDA:23,0,1,0
BRDA:30,1,0,0
BRDA:30,1,1,0
BRDA:34,2,0,0
BRDA:34,2,1,0
BRDA:43,3,0,0
BRDA:43,3,1,0
BRDA:53,4,0,0
BRDA:53,4,1,0
BRDA:58,5,0,0
BRDA:58,5,1,0
BRDA:103,6,0,0
BRDA:103,6,1,0
BRDA:103,7,0,0
BRDA:103,7,1,0
BRDA:108,8,0,0
BRDA:108,8,1,0
BRDA:115,9,0,0
BRDA:115,9,1,0
BRDA:136,10,0,0
BRDA:136,10,1,0
BRDA:177,11,0,0
BRDA:177,11,1,0
BRDA:178,12,0,0
BRDA:178,12,1,0
BRDA:180,13,0,0
BRDA:180,13,1,0
BRDA:181,14,0,0
BRDA:181,14,1,0
BRDA:195,15,0,0
BRDA:195,15,1,0
BRDA:14,16,0,0
BRDA:14,16,1,0
BRDA:14,17,0,0
BRDA:14,17,1,0
BRF:36
BRH:0
end_of_record
TN:
SF:src\prescriptions\dto\create-prescription-item-dto.ts
FNF:0
FNH:0
DA:1,0
DA:2,0
DA:3,0
DA:5,0
DA:7,0
DA:10,0
DA:13,0
DA:16,0
DA:19,0
DA:22,0
DA:25,0
LF:11
LH:0
BRDA:16,0,0,0
BRDA:16,0,1,0
BRDA:16,1,0,0
BRDA:16,1,1,0
BRF:4
BRH:0
end_of_record
TN:
SF:src\prescriptions\dto\create-prescription.dto.ts
FN:13,(anonymous_2)
FN:17,(anonymous_3)
FNF:2
FNH:0
FNDA:0,(anonymous_2)
FNDA:0,(anonymous_3)
DA:1,0
DA:2,0
DA:3,0
DA:4,0
DA:6,0
DA:8,0
DA:11,0
DA:13,0
DA:17,0
DA:18,0
LF:10
LH:0
BRF:0
BRH:0
end_of_record
TN:
SF:src\prisma\prisma.module.ts
FNF:0
FNH:0
DA:1,0
DA:2,0
DA:8,0
LF:3
LH:0
BRF:0
BRH:0
end_of_record
TN:
SF:src\prisma\prisma.service.ts
FN:7,(anonymous_2)
FN:12,(anonymous_3)
FN:16,(anonymous_4)
FNF:3
FNH:1
FNDA:1,(anonymous_2)
FNDA:0,(anonymous_3)
FNDA:0,(anonymous_4)
DA:1,5
DA:2,5
DA:3,5
DA:6,5
DA:8,1
DA:9,1
DA:13,0
DA:17,0
LF:8
LH:6
BRF:0
BRH:0
end_of_record
TN:
SF:src\queue\bullmq.config.ts
FN:6,(anonymous_0)
FNF:1
FNH:0
FNDA:0,(anonymous_0)
DA:1,0
DA:4,0
DA:6,0
LF:3
LH:0
BRF:0
BRH:0
end_of_record
TN:
SF:src\redis\redis.module.ts
FNF:0
FNH:0
DA:1,0
DA:2,0
DA:9,0
LF:3
LH:0
BRF:0
BRH:0
end_of_record
TN:
SF:src\redis\redis.service.ts
FN:14,(anonymous_2)
FN:24,(anonymous_3)
FN:28,(anonymous_4)
FN:32,(anonymous_5)
FN:36,(anonymous_6)
FN:41,(anonymous_7)
FN:47,(anonymous_8)
FN:55,(anonymous_9)
FN:59,(anonymous_10)
FN:63,(anonymous_11)
FNF:10
FNH:0
FNDA:0,(anonymous_2)
FNDA:0,(anonymous_3)
FNDA:0,(anonymous_4)
FNDA:0,(anonymous_5)
FNDA:0,(anonymous_6)
FNDA:0,(anonymous_7)
FNDA:0,(anonymous_8)
FNDA:0,(anonymous_9)
FNDA:0,(anonymous_10)
FNDA:0,(anonymous_11)
DA:1,1
DA:7,1
DA:10,1
DA:11,0
DA:15,0
DA:16,0
DA:17,0
DA:20,0
DA:24,0
DA:25,0
DA:28,0
DA:29,0
DA:32,0
DA:33,0
DA:36,0
DA:37,0
DA:42,0
DA:43,0
DA:48,0
DA:49,0
DA:51,0
DA:56,0
DA:60,0
DA:64,0
DA:66,0
DA:67,0
DA:68,0
LF:27
LH:3
BRDA:16,0,0,0
BRDA:16,0,1,0
BRDA:42,1,0,0
BRDA:42,1,1,0
BRDA:48,2,0,0
BRDA:48,2,1,0
BRDA:67,3,0,0
BRDA:67,3,1,0
BRF:8
BRH:0
end_of_record
TN:
SF:src\staff\staff.controller.ts
FN:15,(anonymous_4)
FN:21,(anonymous_5)
FN:27,(anonymous_6)
FNF:3
FNH:0
FNDA:0,(anonymous_4)
FNDA:0,(anonymous_5)
FNDA:0,(anonymous_6)
DA:1,0
DA:2,0
DA:3,0
DA:4,0
DA:5,0
DA:6,0
DA:7,0
DA:14,0
DA:15,0
DA:21,0
DA:22,0
DA:27,0
DA:28,0
LF:13
LH:0
BRDA:21,0,0,0
BRDA:21,0,1,0
BRDA:21,1,0,0
BRDA:21,1,1,0
BRDA:15,2,0,0
BRDA:15,2,1,0
BRDA:15,3,0,0
BRDA:15,3,1,0
BRF:8
BRH:0
end_of_record
TN:
SF:src\staff\staff.module.ts
FNF:0
FNH:0
DA:1,0
DA:2,0
DA:3,0
DA:4,0
DA:5,0
DA:12,0
LF:6
LH:0
BRF:0
BRH:0
end_of_record
TN:
SF:src\staff\staff.service.ts
FN:8,(anonymous_11)
FN:10,(anonymous_12)
FN:45,(anonymous_13)
FNF:3
FNH:0
FNDA:0,(anonymous_11)
FNDA:0,(anonymous_12)
FNDA:0,(anonymous_13)
DA:1,0
DA:2,0
DA:3,0
DA:7,0
DA:8,0
DA:14,0
DA:15,0
DA:18,0
DA:21,0
DA:22,0
DA:25,0
DA:27,0
DA:41,0
DA:42,0
DA:49,0
DA:50,0
DA:53,0
LF:17
LH:0
BRDA:14,0,0,0
BRDA:14,0,1,0
BRDA:21,1,0,0
BRDA:21,1,1,0
BRDA:49,2,0,0
BRDA:49,2,1,0
BRDA:57,3,0,0
BRDA:57,3,1,0
BRDA:8,4,0,0
BRDA:8,4,1,0
BRDA:8,5,0,0
BRDA:8,5,1,0
BRF:12
BRH:0
end_of_record
TN:
SF:src\staff\dto\create-staff.dto.ts
FNF:0
FNH:0
DA:1,0
DA:2,0
DA:8,0
DA:18,0
DA:21,0
DA:26,0
DA:31,0
DA:36,0
DA:40,0
LF:9
LH:0
BRDA:40,0,0,0
BRDA:40,0,1,0
BRDA:40,1,0,0
BRDA:40,1,1,0
BRF:4
BRH:0
end_of_record
